{
    "q1": {
        "rows_returned": 0,
        "query_name": "",
        "blocked_thread_time": 0.0,
        "cpu_time": 0.0,
        "extra_info": {},
        "cumulative_cardinality": 0,
        "cumulative_rows_scanned": 0,
        "result_set_size": 0,
        "latency": 0.0,
        "children": [
            {
                "operator_name": "EXPLAIN_ANALYZE",
                "cpu_time": 0.0,
                "extra_info": {},
                "cumulative_cardinality": 0,
                "operator_type": "EXPLAIN_ANALYZE",
                "operator_cardinality": 0,
                "cumulative_rows_scanned": 0,
                "operator_rows_scanned": 0,
                "operator_timing": 7.030000000000001e-7,
                "result_set_size": 0,
                "children": [
                    {
                        "operator_name": "ORDER_BY",
                        "cpu_time": 0.0,
                        "extra_info": {
                            "Order By": [
                                "tpch20.main.lineitem.l_returnflag ASC",
                                "tpch20.main.lineitem.l_linestatus ASC"
                            ]
                        },
                        "cumulative_cardinality": 0,
                        "operator_type": "ORDER_BY",
                        "operator_cardinality": 4,
                        "cumulative_rows_scanned": 0,
                        "operator_rows_scanned": 0,
                        "operator_timing": 0.0017900629999999997,
                        "result_set_size": 512,
                        "children": [
                            {
                                "operator_name": "HASH_GROUP_BY",
                                "cpu_time": 0.0,
                                "extra_info": {
                                    "Groups": [
                                        "#0",
                                        "#1"
                                    ],
                                    "Aggregates": [
                                        "sum(#2)",
                                        "sum(#3)",
                                        "sum(#4)",
                                        "sum(#5)",
                                        "avg(#6)",
                                        "avg(#7)",
                                        "avg(#8)",
                                        "count_star()"
                                    ],
                                    "Estimated Cardinality": "11999460"
                                },
                                "cumulative_cardinality": 0,
                                "operator_type": "HASH_GROUP_BY",
                                "operator_cardinality": 4,
                                "cumulative_rows_scanned": 0,
                                "operator_rows_scanned": 0,
                                "operator_timing": 6.077406574000001,
                                "result_set_size": 512,
                                "children": [
                                    {
                                        "operator_name": "PROJECTION",
                                        "cpu_time": 0.0,
                                        "extra_info": {
                                            "Projections": [
                                                "l_returnflag",
                                                "l_linestatus",
                                                "l_quantity",
                                                "l_extendedprice",
                                                "#4",
                                                "(#4 * (1.00 + l_tax))",
                                                "l_quantity",
                                                "l_extendedprice",
                                                "l_discount"
                                            ],
                                            "Estimated Cardinality": "23998921"
                                        },
                                        "cumulative_cardinality": 0,
                                        "operator_type": "PROJECTION",
                                        "operator_cardinality": 118306082,
                                        "cumulative_rows_scanned": 0,
                                        "operator_rows_scanned": 0,
                                        "operator_timing": 0.566474073,
                                        "result_set_size": 10410935216,
                                        "children": [
                                            {
                                                "operator_name": "PROJECTION",
                                                "cpu_time": 0.0,
                                                "extra_info": {
                                                    "Projections": [
                                                        "l_returnflag",
                                                        "l_linestatus",
                                                        "l_quantity",
                                                        "l_extendedprice",
                                                        "(l_extendedprice * (1.00 - l_discount))",
                                                        "l_tax",
                                                        "l_discount"
                                                    ],
                                                    "Estimated Cardinality": "23998921"
                                                },
                                                "cumulative_cardinality": 0,
                                                "operator_type": "PROJECTION",
                                                "operator_cardinality": 118306082,
                                                "cumulative_rows_scanned": 0,
                                                "operator_rows_scanned": 0,
                                                "operator_timing": 0.5997111830000001,
                                                "result_set_size": 8518037904,
                                                "children": [
                                                    {
                                                        "operator_name": "READ_PARQUET ",
                                                        "cpu_time": 0.0,
                                                        "extra_info": {
                                                            "Function": "READ_PARQUET",
                                                            "Projections": [
                                                                "l_quantity",
                                                                "l_extendedprice",
                                                                "l_discount",
                                                                "l_tax",
                                                                "l_returnflag",
                                                                "l_linestatus"
                                                            ],
                                                            "Filters": "l_shipdate<='1998-09-02'::DATE",
                                                            "Estimated Cardinality": "23998921"
                                                        },
                                                        "cumulative_cardinality": 0,
                                                        "operator_type": "TABLE_SCAN",
                                                        "operator_cardinality": 118306082,
                                                        "cumulative_rows_scanned": 0,
                                                        "operator_rows_scanned": 1919913728,
                                                        "operator_timing": 12.376498137999999,
                                                        "result_set_size": 7571589248,
                                                        "children": []
                                                    }
                                                ]
                                            }
                                        ]
                                    }
                                ]
                            }
                        ]
                    }
                ]
            }
        ]
    },
    "q2": {
        "rows_returned": 0,
        "query_name": "",
        "blocked_thread_time": 0.0,
        "cpu_time": 0.0,
        "extra_info": {},
        "cumulative_cardinality": 0,
        "cumulative_rows_scanned": 0,
        "result_set_size": 0,
        "latency": 0.0,
        "children": [
            {
                "operator_name": "EXPLAIN_ANALYZE",
                "cpu_time": 0.0,
                "extra_info": {},
                "cumulative_cardinality": 0,
                "operator_type": "EXPLAIN_ANALYZE",
                "operator_cardinality": 0,
                "cumulative_rows_scanned": 0,
                "operator_rows_scanned": 0,
                "operator_timing": 7.4e-8,
                "result_set_size": 0,
                "children": [
                    {
                        "operator_name": "TOP_N",
                        "cpu_time": 0.0,
                        "extra_info": {
                            "Top": "100",
                            "Order By": [
                                "tpch20.main.supplier.s_acctbal DESC",
                                "tpch20.main.nation.n_name ASC",
                                "tpch20.main.supplier.s_name ASC",
                                "tpch20.main.part.p_partkey ASC"
                            ]
                        },
                        "cumulative_cardinality": 0,
                        "operator_type": "TOP_N",
                        "operator_cardinality": 100,
                        "cumulative_rows_scanned": 0,
                        "operator_rows_scanned": 0,
                        "operator_timing": 0.003418617,
                        "result_set_size": 11200,
                        "children": [
                            {
                                "operator_name": "PROJECTION",
                                "cpu_time": 0.0,
                                "extra_info": {
                                    "Projections": [
                                        "s_acctbal",
                                        "s_name",
                                        "n_name",
                                        "p_partkey",
                                        "p_mfgr",
                                        "s_address",
                                        "s_phone",
                                        "s_comment"
                                    ],
                                    "Estimated Cardinality": "128000"
                                },
                                "cumulative_cardinality": 0,
                                "operator_type": "PROJECTION",
                                "operator_cardinality": 9429,
                                "cumulative_rows_scanned": 0,
                                "operator_rows_scanned": 0,
                                "operator_timing": 0.000014448999999999997,
                                "result_set_size": 1056048,
                                "children": [
                                    {
                                        "operator_name": "PROJECTION",
                                        "cpu_time": 0.0,
                                        "extra_info": {
                                            "Projections": [
                                                "#2",
                                                "#3",
                                                "#4",
                                                "#5",
                                                "#6",
                                                "#7",
                                                "#8",
                                                "#9"
                                            ],
                                            "Estimated Cardinality": "128000"
                                        },
                                        "cumulative_cardinality": 0,
                                        "operator_type": "PROJECTION",
                                        "operator_cardinality": 9429,
                                        "cumulative_rows_scanned": 0,
                                        "operator_rows_scanned": 0,
                                        "operator_timing": 0.00001488,
                                        "result_set_size": 1056048,
                                        "children": [
                                            {
                                                "operator_name": "FILTER",
                                                "cpu_time": 0.0,
                                                "extra_info": {
                                                    "Expression": "(ps_supplycost = SUBQUERY)",
                                                    "Estimated Cardinality": "128000"
                                                },
                                                "cumulative_cardinality": 0,
                                                "operator_type": "FILTER",
                                                "operator_cardinality": 9429,
                                                "cumulative_rows_scanned": 0,
                                                "operator_rows_scanned": 0,
                                                "operator_timing": 0.00020105499999999998,
                                                "result_set_size": 1206912,
                                                "children": [
                                                    {
                                                        "operator_name": "RIGHT_DELIM_JOIN",
                                                        "cpu_time": 0.0,
                                                        "extra_info": {
                                                            "Join Type": "RIGHT",
                                                            "Conditions": "p_partkey IS NOT DISTINCT FROM p_partkey",
                                                            "Estimated Cardinality": "128000",
                                                            "Delim Index": "1"
                                                        },
                                                        "cumulative_cardinality": 0,
                                                        "operator_type": "RIGHT_DELIM_JOIN",
                                                        "operator_cardinality": 0,
                                                        "cumulative_rows_scanned": 0,
                                                        "operator_rows_scanned": 0,
                                                        "operator_timing": 0.038873805000000004,
                                                        "result_set_size": 0,
                                                        "children": [
                                                            {
                                                                "operator_name": "HASH_JOIN",
                                                                "cpu_time": 0.0,
                                                                "extra_info": {
                                                                    "Join Type": "INNER",
                                                                    "Conditions": "ps_suppkey = s_suppkey",
                                                                    "Estimated Cardinality": "128000"
                                                                },
                                                                "cumulative_cardinality": 0,
                                                                "operator_type": "HASH_JOIN",
                                                                "operator_cardinality": 12744,
                                                                "cumulative_rows_scanned": 0,
                                                                "operator_rows_scanned": 0,
                                                                "operator_timing": 0.007903717000000001,
                                                                "result_set_size": 1529280,
                                                                "children": [
                                                                    {
                                                                        "operator_name": "HASH_JOIN",
                                                                        "cpu_time": 0.0,
                                                                        "extra_info": {
                                                                            "Join Type": "INNER",
                                                                            "Conditions": "ps_partkey = p_partkey",
                                                                            "Estimated Cardinality": "640000"
                                                                        },
                                                                        "cumulative_cardinality": 0,
                                                                        "operator_type": "HASH_JOIN",
                                                                        "operator_cardinality": 63558,
                                                                        "cumulative_rows_scanned": 0,
                                                                        "operator_rows_scanned": 0,
                                                                        "operator_timing": 0.23551563800000003,
                                                                        "result_set_size": 2542320,
                                                                        "children": [
                                                                            {
                                                                                "operator_name": "READ_PARQUET ",
                                                                                "cpu_time": 0.0,
                                                                                "extra_info": {
                                                                                    "Function": "READ_PARQUET",
                                                                                    "Projections": [
                                                                                        "ps_partkey",
                                                                                        "ps_suppkey",
                                                                                        "ps_supplycost"
                                                                                    ],
                                                                                    "Estimated Cardinality": "16000000"
                                                                                },
                                                                                "cumulative_cardinality": 0,
                                                                                "operator_type": "TABLE_SCAN",
                                                                                "operator_cardinality": 15997878,
                                                                                "cumulative_rows_scanned": 0,
                                                                                "operator_rows_scanned": 256000000,
                                                                                "operator_timing": 1.259194155,
                                                                                "result_set_size": 383949072,
                                                                                "children": []
                                                                            },
                                                                            {
                                                                                "operator_name": "PROJECTION",
                                                                                "cpu_time": 0.0,
                                                                                "extra_info": {
                                                                                    "Projections": [
                                                                                        "#0",
                                                                                        "#1"
                                                                                    ],
                                                                                    "Estimated Cardinality": "160000"
                                                                                },
                                                                                "cumulative_cardinality": 0,
                                                                                "operator_type": "PROJECTION",
                                                                                "operator_cardinality": 15890,
                                                                                "cumulative_rows_scanned": 0,
                                                                                "operator_rows_scanned": 0,
                                                                                "operator_timing": 0.000006286,
                                                                                "result_set_size": 381360,
                                                                                "children": [
                                                                                    {
                                                                                        "operator_name": "FILTER",
                                                                                        "cpu_time": 0.0,
                                                                                        "extra_info": {
                                                                                            "Expression": "suffix(p_type, 'BRASS')",
                                                                                            "Estimated Cardinality": "160000"
                                                                                        },
                                                                                        "cumulative_cardinality": 0,
                                                                                        "operator_type": "FILTER",
                                                                                        "operator_cardinality": 15890,
                                                                                        "cumulative_rows_scanned": 0,
                                                                                        "operator_rows_scanned": 0,
                                                                                        "operator_timing": 0.010374692,
                                                                                        "result_set_size": 635600,
                                                                                        "children": [
                                                                                            {
                                                                                                "operator_name": "READ_PARQUET ",
                                                                                                "cpu_time": 0.0,
                                                                                                "extra_info": {
                                                                                                    "Function": "READ_PARQUET",
                                                                                                    "Projections": [
                                                                                                        "p_partkey",
                                                                                                        "p_mfgr",
                                                                                                        "p_type"
                                                                                                    ],
                                                                                                    "Filters": "p_size=15",
                                                                                                    "Estimated Cardinality": "800000"
                                                                                                },
                                                                                                "cumulative_cardinality": 0,
                                                                                                "operator_type": "TABLE_SCAN",
                                                                                                "operator_cardinality": 79976,
                                                                                                "cumulative_rows_scanned": 0,
                                                                                                "operator_rows_scanned": 64000000,
                                                                                                "operator_timing": 0.312846882,
                                                                                                "result_set_size": 3199040,
                                                                                                "children": []
                                                                                            }
                                                                                        ]
                                                                                    }
                                                                                ]
                                                                            }
                                                                        ]
                                                                    },
                                                                    {
                                                                        "operator_name": "HASH_JOIN",
                                                                        "cpu_time": 0.0,
                                                                        "extra_info": {
                                                                            "Join Type": "INNER",
                                                                            "Conditions": "s_nationkey = n_nationkey",
                                                                            "Estimated Cardinality": "40000"
                                                                        },
                                                                        "cumulative_cardinality": 0,
                                                                        "operator_type": "HASH_JOIN",
                                                                        "operator_cardinality": 39913,
                                                                        "cumulative_rows_scanned": 0,
                                                                        "operator_rows_scanned": 0,
                                                                        "operator_timing": 0.000793816,
                                                                        "result_set_size": 3831648,
                                                                        "children": [
                                                                            {
                                                                                "operator_name": "READ_PARQUET ",
                                                                                "cpu_time": 0.0,
                                                                                "extra_info": {
                                                                                    "Function": "READ_PARQUET",
                                                                                    "Projections": [
                                                                                        "s_suppkey",
                                                                                        "s_name",
                                                                                        "s_address",
                                                                                        "s_nationkey",
                                                                                        "s_phone",
                                                                                        "s_acctbal",
                                                                                        "s_comment"
                                                                                    ],
                                                                                    "Estimated Cardinality": "200000"
                                                                                },
                                                                                "cumulative_cardinality": 0,
                                                                                "operator_type": "TABLE_SCAN",
                                                                                "operator_cardinality": 143935,
                                                                                "cumulative_rows_scanned": 0,
                                                                                "operator_rows_scanned": 400000,
                                                                                "operator_timing": 0.05989220600000001,
                                                                                "result_set_size": 12090540,
                                                                                "children": []
                                                                            },
                                                                            {
                                                                                "operator_name": "HASH_JOIN",
                                                                                "cpu_time": 0.0,
                                                                                "extra_info": {
                                                                                    "Join Type": "INNER",
                                                                                    "Conditions": "n_regionkey = r_regionkey",
                                                                                    "Estimated Cardinality": "5"
                                                                                },
                                                                                "cumulative_cardinality": 0,
                                                                                "operator_type": "HASH_JOIN",
                                                                                "operator_cardinality": 5,
                                                                                "cumulative_rows_scanned": 0,
                                                                                "operator_rows_scanned": 0,
                                                                                "operator_timing": 0.000037526999999999995,
                                                                                "result_set_size": 120,
                                                                                "children": [
                                                                                    {
                                                                                        "operator_name": "READ_PARQUET ",
                                                                                        "cpu_time": 0.0,
                                                                                        "extra_info": {
                                                                                            "Function": "READ_PARQUET",
                                                                                            "Projections": [
                                                                                                "n_nationkey",
                                                                                                "n_name",
                                                                                                "n_regionkey"
                                                                                            ],
                                                                                            "Estimated Cardinality": "25"
                                                                                        },
                                                                                        "cumulative_cardinality": 0,
                                                                                        "operator_type": "TABLE_SCAN",
                                                                                        "operator_cardinality": 5,
                                                                                        "cumulative_rows_scanned": 0,
                                                                                        "operator_rows_scanned": 25,
                                                                                        "operator_timing": 0.000103599,
                                                                                        "result_set_size": 120,
                                                                                        "children": []
                                                                                    },
                                                                                    {
                                                                                        "operator_name": "READ_PARQUET ",
                                                                                        "cpu_time": 0.0,
                                                                                        "extra_info": {
                                                                                            "Function": "READ_PARQUET",
                                                                                            "Projections": "r_regionkey",
                                                                                            "Filters": "r_name='EUROPE'",
                                                                                            "Estimated Cardinality": "1"
                                                                                        },
                                                                                        "cumulative_cardinality": 0,
                                                                                        "operator_type": "TABLE_SCAN",
                                                                                        "operator_cardinality": 1,
                                                                                        "cumulative_rows_scanned": 0,
                                                                                        "operator_rows_scanned": 5,
                                                                                        "operator_timing": 0.000071423,
                                                                                        "result_set_size": 4,
                                                                                        "children": []
                                                                                    }
                                                                                ]
                                                                            }
                                                                        ]
                                                                    }
                                                                ]
                                                            },
                                                            {
                                                                "operator_name": "HASH_JOIN",
                                                                "cpu_time": 0.0,
                                                                "extra_info": {
                                                                    "Join Type": "RIGHT",
                                                                    "Conditions": "p_partkey IS NOT DISTINCT FROM p_partkey",
                                                                    "Estimated Cardinality": "128000"
                                                                },
                                                                "cumulative_cardinality": 0,
                                                                "operator_type": "HASH_JOIN",
                                                                "operator_cardinality": 12744,
                                                                "cumulative_rows_scanned": 0,
                                                                "operator_rows_scanned": 0,
                                                                "operator_timing": 0.0053305439999999996,
                                                                "result_set_size": 1631232,
                                                                "children": [
                                                                    {
                                                                        "operator_name": "PROJECTION",
                                                                        "cpu_time": 0.0,
                                                                        "extra_info": {
                                                                            "Projections": [
                                                                                "min(ps_supplycost)",
                                                                                "p_partkey"
                                                                            ],
                                                                            "Estimated Cardinality": "25600"
                                                                        },
                                                                        "cumulative_cardinality": 0,
                                                                        "operator_type": "PROJECTION",
                                                                        "operator_cardinality": 9428,
                                                                        "cumulative_rows_scanned": 0,
                                                                        "operator_rows_scanned": 0,
                                                                        "operator_timing": 0.0000036689999999999995,
                                                                        "result_set_size": 150848,
                                                                        "children": [
                                                                            {
                                                                                "operator_name": "PROJECTION",
                                                                                "cpu_time": 0.0,
                                                                                "extra_info": {
                                                                                    "Projections": [
                                                                                        "__internal_decompress_integral_bigint(#0, 1)",
                                                                                        "#1"
                                                                                    ],
                                                                                    "Estimated Cardinality": "25600"
                                                                                },
                                                                                "cumulative_cardinality": 0,
                                                                                "operator_type": "PROJECTION",
                                                                                "operator_cardinality": 9428,
                                                                                "cumulative_rows_scanned": 0,
                                                                                "operator_rows_scanned": 0,
                                                                                "operator_timing": 0.000044289,
                                                                                "result_set_size": 150848,
                                                                                "children": [
                                                                                    {
                                                                                        "operator_name": "HASH_GROUP_BY",
                                                                                        "cpu_time": 0.0,
                                                                                        "extra_info": {
                                                                                            "Groups": "#0",
                                                                                            "Aggregates": "min(#1)",
                                                                                            "Estimated Cardinality": "25600"
                                                                                        },
                                                                                        "cumulative_cardinality": 0,
                                                                                        "operator_type": "HASH_GROUP_BY",
                                                                                        "operator_cardinality": 9428,
                                                                                        "cumulative_rows_scanned": 0,
                                                                                        "operator_rows_scanned": 0,
                                                                                        "operator_timing": 0.010581354000000001,
                                                                                        "result_set_size": 113136,
                                                                                        "children": [
                                                                                            {
                                                                                                "operator_name": "PROJECTION",
                                                                                                "cpu_time": 0.0,
                                                                                                "extra_info": {
                                                                                                    "Projections": [
                                                                                                        "p_partkey",
                                                                                                        "ps_supplycost"
                                                                                                    ],
                                                                                                    "Estimated Cardinality": "51200"
                                                                                                },
                                                                                                "cumulative_cardinality": 0,
                                                                                                "operator_type": "PROJECTION",
                                                                                                "operator_cardinality": 12744,
                                                                                                "cumulative_rows_scanned": 0,
                                                                                                "operator_rows_scanned": 0,
                                                                                                "operator_timing": 0.000028989000000000003,
                                                                                                "result_set_size": 152928,
                                                                                                "children": [
                                                                                                    {
                                                                                                        "operator_name": "PROJECTION",
                                                                                                        "cpu_time": 0.0,
                                                                                                        "extra_info": {
                                                                                                            "Projections": [
                                                                                                                "__internal_compress_integral_uinteger(#0, 1)",
                                                                                                                "#1",
                                                                                                                "__internal_compress_integral_uinteger(#2, 1)",
                                                                                                                "__internal_compress_integral_utinyint(#3, 0)",
                                                                                                                "__internal_compress_integral_utinyint(#4, 0)"
                                                                                                            ],
                                                                                                            "Estimated Cardinality": "51200"
                                                                                                        },
                                                                                                        "cumulative_cardinality": 0,
                                                                                                        "operator_type": "PROJECTION",
                                                                                                        "operator_cardinality": 12744,
                                                                                                        "cumulative_rows_scanned": 0,
                                                                                                        "operator_rows_scanned": 0,
                                                                                                        "operator_timing": 0.0023998789999999997,
                                                                                                        "result_set_size": 229392,
                                                                                                        "children": [
                                                                                                            {
                                                                                                                "operator_name": "HASH_JOIN",
                                                                                                                "cpu_time": 0.0,
                                                                                                                "extra_info": {
                                                                                                                    "Join Type": "INNER",
                                                                                                                    "Conditions": "ps_suppkey = s_suppkey",
                                                                                                                    "Estimated Cardinality": "51200"
                                                                                                                },
                                                                                                                "cumulative_cardinality": 0,
                                                                                                                "operator_type": "HASH_JOIN",
                                                                                                                "operator_cardinality": 12744,
                                                                                                                "cumulative_rows_scanned": 0,
                                                                                                                "operator_rows_scanned": 0,
                                                                                                                "operator_timing": 0.002692426000000001,
                                                                                                                "result_set_size": 407808,
                                                                                                                "children": [
                                                                                                                    {
                                                                                                                        "operator_name": "HASH_JOIN",
                                                                                                                        "cpu_time": 0.0,
                                                                                                                        "extra_info": {
                                                                                                                            "Join Type": "INNER",
                                                                                                                            "Conditions": "ps_partkey = p_partkey",
                                                                                                                            "Estimated Cardinality": "256000"
                                                                                                                        },
                                                                                                                        "cumulative_cardinality": 0,
                                                                                                                        "operator_type": "HASH_JOIN",
                                                                                                                        "operator_cardinality": 37711,
                                                                                                                        "cumulative_rows_scanned": 0,
                                                                                                                        "operator_rows_scanned": 0,
                                                                                                                        "operator_timing": 0.175258863,
                                                                                                                        "result_set_size": 1206752,
                                                                                                                        "children": [
                                                                                                                            {
                                                                                                                                "operator_name": "READ_PARQUET ",
                                                                                                                                "cpu_time": 0.0,
                                                                                                                                "extra_info": {
                                                                                                                                    "Function": "READ_PARQUET",
                                                                                                                                    "Projections": [
                                                                                                                                        "ps_partkey",
                                                                                                                                        "ps_suppkey",
                                                                                                                                        "ps_supplycost"
                                                                                                                                    ],
                                                                                                                                    "Estimated Cardinality": "16000000"
                                                                                                                                },
                                                                                                                                "cumulative_cardinality": 0,
                                                                                                                                "operator_type": "TABLE_SCAN",
                                                                                                                                "operator_cardinality": 15996190,
                                                                                                                                "cumulative_rows_scanned": 0,
                                                                                                                                "operator_rows_scanned": 256000000,
                                                                                                                                "operator_timing": 1.2826168920000003,
                                                                                                                                "result_set_size": 383908560,
                                                                                                                                "children": []
                                                                                                                            },
                                                                                                                            {
                                                                                                                                "operator_name": "DELIM_SCAN",
                                                                                                                                "cpu_time": 0.0,
                                                                                                                                "extra_info": {
                                                                                                                                    "Delim Index": "1",
                                                                                                                                    "Estimated Cardinality": "64000"
                                                                                                                                },
                                                                                                                                "cumulative_cardinality": 0,
                                                                                                                                "operator_type": "DELIM_SCAN",
                                                                                                                                "operator_cardinality": 0,
                                                                                                                                "cumulative_rows_scanned": 0,
                                                                                                                                "operator_rows_scanned": 0,
                                                                                                                                "operator_timing": 0.0,
                                                                                                                                "result_set_size": 0,
                                                                                                                                "children": []
                                                                                                                            }
                                                                                                                        ]
                                                                                                                    },
                                                                                                                    {
                                                                                                                        "operator_name": "HASH_JOIN",
                                                                                                                        "cpu_time": 0.0,
                                                                                                                        "extra_info": {
                                                                                                                            "Join Type": "INNER",
                                                                                                                            "Conditions": "s_nationkey = n_nationkey",
                                                                                                                            "Estimated Cardinality": "40000"
                                                                                                                        },
                                                                                                                        "cumulative_cardinality": 0,
                                                                                                                        "operator_type": "HASH_JOIN",
                                                                                                                        "operator_cardinality": 39913,
                                                                                                                        "cumulative_rows_scanned": 0,
                                                                                                                        "operator_rows_scanned": 0,
                                                                                                                        "operator_timing": 0.0007851150000000001,
                                                                                                                        "result_set_size": 638608,
                                                                                                                        "children": [
                                                                                                                            {
                                                                                                                                "operator_name": "READ_PARQUET ",
                                                                                                                                "cpu_time": 0.0,
                                                                                                                                "extra_info": {
                                                                                                                                    "Function": "READ_PARQUET",
                                                                                                                                    "Projections": [
                                                                                                                                        "s_suppkey",
                                                                                                                                        "s_nationkey"
                                                                                                                                    ],
                                                                                                                                    "Estimated Cardinality": "200000"
                                                                                                                                },
                                                                                                                                "cumulative_cardinality": 0,
                                                                                                                                "operator_type": "TABLE_SCAN",
                                                                                                                                "operator_cardinality": 143935,
                                                                                                                                "cumulative_rows_scanned": 0,
                                                                                                                                "operator_rows_scanned": 400000,
                                                                                                                                "operator_timing": 0.007576583999999999,
                                                                                                                                "result_set_size": 1727220,
                                                                                                                                "children": []
                                                                                                                            },
                                                                                                                            {
                                                                                                                                "operator_name": "HASH_JOIN",
                                                                                                                                "cpu_time": 0.0,
                                                                                                                                "extra_info": {
                                                                                                                                    "Join Type": "INNER",
                                                                                                                                    "Conditions": "n_regionkey = r_regionkey",
                                                                                                                                    "Estimated Cardinality": "5"
                                                                                                                                },
                                                                                                                                "cumulative_cardinality": 0,
                                                                                                                                "operator_type": "HASH_JOIN",
                                                                                                                                "operator_cardinality": 5,
                                                                                                                                "cumulative_rows_scanned": 0,
                                                                                                                                "operator_rows_scanned": 0,
                                                                                                                                "operator_timing": 0.000022324000000000002,
                                                                                                                                "result_set_size": 40,
                                                                                                                                "children": [
                                                                                                                                    {
                                                                                                                                        "operator_name": "READ_PARQUET ",
                                                                                                                                        "cpu_time": 0.0,
                                                                                                                                        "extra_info": {
                                                                                                                                            "Function": "READ_PARQUET",
                                                                                                                                            "Projections": [
                                                                                                                                                "n_nationkey",
                                                                                                                                                "n_regionkey"
                                                                                                                                            ],
                                                                                                                                            "Estimated Cardinality": "25"
                                                                                                                                        },
                                                                                                                                        "cumulative_cardinality": 0,
                                                                                                                                        "operator_type": "TABLE_SCAN",
                                                                                                                                        "operator_cardinality": 5,
                                                                                                                                        "cumulative_rows_scanned": 0,
                                                                                                                                        "operator_rows_scanned": 25,
                                                                                                                                        "operator_timing": 0.000070403,
                                                                                                                                        "result_set_size": 40,
                                                                                                                                        "children": []
                                                                                                                                    },
                                                                                                                                    {
                                                                                                                                        "operator_name": "READ_PARQUET ",
                                                                                                                                        "cpu_time": 0.0,
                                                                                                                                        "extra_info": {
                                                                                                                                            "Function": "READ_PARQUET",
                                                                                                                                            "Projections": "r_regionkey",
                                                                                                                                            "Filters": "r_name='EUROPE'",
                                                                                                                                            "Estimated Cardinality": "1"
                                                                                                                                        },
                                                                                                                                        "cumulative_cardinality": 0,
                                                                                                                                        "operator_type": "TABLE_SCAN",
                                                                                                                                        "operator_cardinality": 1,
                                                                                                                                        "cumulative_rows_scanned": 0,
                                                                                                                                        "operator_rows_scanned": 5,
                                                                                                                                        "operator_timing": 0.000076233,
                                                                                                                                        "result_set_size": 4,
                                                                                                                                        "children": []
                                                                                                                                    }
                                                                                                                                ]
                                                                                                                            }
                                                                                                                        ]
                                                                                                                    }
                                                                                                                ]
                                                                                                            }
                                                                                                        ]
                                                                                                    }
                                                                                                ]
                                                                                            }
                                                                                        ]
                                                                                    }
                                                                                ]
                                                                            }
                                                                        ]
                                                                    },
                                                                    {
                                                                        "operator_name": "DUMMY_SCAN",
                                                                        "cpu_time": 0.0,
                                                                        "extra_info": {},
                                                                        "cumulative_cardinality": 0,
                                                                        "operator_type": "DUMMY_SCAN",
                                                                        "operator_cardinality": 0,
                                                                        "cumulative_rows_scanned": 0,
                                                                        "operator_rows_scanned": 0,
                                                                        "operator_timing": 0.0,
                                                                        "result_set_size": 0,
                                                                        "children": []
                                                                    }
                                                                ]
                                                            },
                                                            {
                                                                "operator_name": "HASH_GROUP_BY",
                                                                "cpu_time": 0.0,
                                                                "extra_info": {
                                                                    "Groups": "#1",
                                                                    "Aggregates": "",
                                                                    "Estimated Cardinality": "128000"
                                                                },
                                                                "cumulative_cardinality": 0,
                                                                "operator_type": "HASH_GROUP_BY",
                                                                "operator_cardinality": 9428,
                                                                "cumulative_rows_scanned": 0,
                                                                "operator_rows_scanned": 0,
                                                                "operator_timing": 0.004207782,
                                                                "result_set_size": 75424,
                                                                "children": []
                                                            }
                                                        ]
                                                    }
                                                ]
                                            }
                                        ]
                                    }
                                ]
                            }
                        ]
                    }
                ]
            }
        ]
    },
    "q3": {
        "rows_returned": 0,
        "query_name": "",
        "blocked_thread_time": 0.0,
        "cpu_time": 0.0,
        "extra_info": {},
        "cumulative_cardinality": 0,
        "cumulative_rows_scanned": 0,
        "result_set_size": 0,
        "latency": 0.0,
        "children": [
            {
                "operator_name": "EXPLAIN_ANALYZE",
                "cpu_time": 0.0,
                "extra_info": {},
                "cumulative_cardinality": 0,
                "operator_type": "EXPLAIN_ANALYZE",
                "operator_cardinality": 0,
                "cumulative_rows_scanned": 0,
                "operator_rows_scanned": 0,
                "operator_timing": 1.98e-7,
                "result_set_size": 0,
                "children": [
                    {
                        "operator_name": "TOP_N",
                        "cpu_time": 0.0,
                        "extra_info": {
                            "Top": "10",
                            "Order By": [
                                "sum((tpch20.main.lineitem.l_extendedprice * (1 - tpch20.main.lineitem.l_discount))) DESC",
                                "tpch20.main.orders.o_orderdate ASC"
                            ]
                        },
                        "cumulative_cardinality": 0,
                        "operator_type": "TOP_N",
                        "operator_cardinality": 10,
                        "cumulative_rows_scanned": 0,
                        "operator_rows_scanned": 0,
                        "operator_timing": 0.003960760000000001,
                        "result_set_size": 320,
                        "children": [
                            {
                                "operator_name": "PROJECTION",
                                "cpu_time": 0.0,
                                "extra_info": {
                                    "Projections": [
                                        "l_orderkey",
                                        "revenue",
                                        "o_orderdate",
                                        "o_shippriority"
                                    ],
                                    "Estimated Cardinality": "479978"
                                },
                                "cumulative_cardinality": 0,
                                "operator_type": "PROJECTION",
                                "operator_cardinality": 227611,
                                "cumulative_rows_scanned": 0,
                                "operator_rows_scanned": 0,
                                "operator_timing": 0.00006591000000000001,
                                "result_set_size": 7283552,
                                "children": [
                                    {
                                        "operator_name": "PROJECTION",
                                        "cpu_time": 0.0,
                                        "extra_info": {
                                            "Projections": [
                                                "__internal_decompress_integral_bigint(#0, 1)",
                                                "#1",
                                                "__internal_decompress_integral_integer(#2, 0)",
                                                "#3"
                                            ],
                                            "Estimated Cardinality": "479978"
                                        },
                                        "cumulative_cardinality": 0,
                                        "operator_type": "PROJECTION",
                                        "operator_cardinality": 227611,
                                        "cumulative_rows_scanned": 0,
                                        "operator_rows_scanned": 0,
                                        "operator_timing": 0.0006095289999999999,
                                        "result_set_size": 7283552,
                                        "children": [
                                            {
                                                "operator_name": "HASH_GROUP_BY",
                                                "cpu_time": 0.0,
                                                "extra_info": {
                                                    "Groups": [
                                                        "#0",
                                                        "#1",
                                                        "#2"
                                                    ],
                                                    "Aggregates": "sum(#3)",
                                                    "Estimated Cardinality": "479978"
                                                },
                                                "cumulative_cardinality": 0,
                                                "operator_type": "HASH_GROUP_BY",
                                                "operator_cardinality": 227611,
                                                "cumulative_rows_scanned": 0,
                                                "operator_rows_scanned": 0,
                                                "operator_timing": 0.11145861,
                                                "result_set_size": 5690275,
                                                "children": [
                                                    {
                                                        "operator_name": "PROJECTION",
                                                        "cpu_time": 0.0,
                                                        "extra_info": {
                                                            "Projections": [
                                                                "l_orderkey",
                                                                "o_orderdate",
                                                                "o_shippriority",
                                                                "(l_extendedprice * (1.00 - l_discount))"
                                                            ],
                                                            "Estimated Cardinality": "959956"
                                                        },
                                                        "cumulative_cardinality": 0,
                                                        "operator_type": "PROJECTION",
                                                        "operator_cardinality": 601556,
                                                        "cumulative_rows_scanned": 0,
                                                        "operator_rows_scanned": 0,
                                                        "operator_timing": 0.006407029999999999,
                                                        "result_set_size": 10226452,
                                                        "children": [
                                                            {
                                                                "operator_name": "PROJECTION",
                                                                "cpu_time": 0.0,
                                                                "extra_info": {
                                                                    "Projections": [
                                                                        "#0",
                                                                        "#1",
                                                                        "__internal_compress_integral_uinteger(#2, 1)",
                                                                        "#3",
                                                                        "__internal_compress_integral_utinyint(#4, 0)"
                                                                    ],
                                                                    "Estimated Cardinality": "959956"
                                                                },
                                                                "cumulative_cardinality": 0,
                                                                "operator_type": "PROJECTION",
                                                                "operator_cardinality": 601556,
                                                                "cumulative_rows_scanned": 0,
                                                                "operator_rows_scanned": 0,
                                                                "operator_timing": 0.0021591320000000002,
                                                                "result_set_size": 15038900,
                                                                "children": [
                                                                    {
                                                                        "operator_name": "PROJECTION",
                                                                        "cpu_time": 0.0,
                                                                        "extra_info": {
                                                                            "Projections": [
                                                                                "#0",
                                                                                "#1",
                                                                                "__internal_decompress_integral_bigint(#2, 1)",
                                                                                "#3",
                                                                                "__internal_decompress_integral_integer(#4, 0)"
                                                                            ],
                                                                            "Estimated Cardinality": "959956"
                                                                        },
                                                                        "cumulative_cardinality": 0,
                                                                        "operator_type": "PROJECTION",
                                                                        "operator_cardinality": 601556,
                                                                        "cumulative_rows_scanned": 0,
                                                                        "operator_rows_scanned": 0,
                                                                        "operator_timing": 0.004379752000000001,
                                                                        "result_set_size": 19249792,
                                                                        "children": [
                                                                            {
                                                                                "operator_name": "HASH_JOIN",
                                                                                "cpu_time": 0.0,
                                                                                "extra_info": {
                                                                                    "Join Type": "INNER",
                                                                                    "Conditions": "l_orderkey = o_orderkey",
                                                                                    "Estimated Cardinality": "959956"
                                                                                },
                                                                                "cumulative_cardinality": 0,
                                                                                "operator_type": "HASH_JOIN",
                                                                                "operator_cardinality": 601556,
                                                                                "cumulative_rows_scanned": 0,
                                                                                "operator_rows_scanned": 0,
                                                                                "operator_timing": 4.330288968000012,
                                                                                "result_set_size": 15038900,
                                                                                "children": [
                                                                                    {
                                                                                        "operator_name": "PROJECTION",
                                                                                        "cpu_time": 0.0,
                                                                                        "extra_info": {
                                                                                            "Projections": [
                                                                                                "__internal_compress_integral_uinteger(#0, 1)",
                                                                                                "#1",
                                                                                                "#2"
                                                                                            ],
                                                                                            "Estimated Cardinality": "23998921"
                                                                                        },
                                                                                        "cumulative_cardinality": 0,
                                                                                        "operator_type": "PROJECTION",
                                                                                        "operator_cardinality": 64688156,
                                                                                        "cumulative_rows_scanned": 0,
                                                                                        "operator_rows_scanned": 0,
                                                                                        "operator_timing": 0.118005158,
                                                                                        "result_set_size": 1293763120,
                                                                                        "children": [
                                                                                            {
                                                                                                "operator_name": "READ_PARQUET ",
                                                                                                "cpu_time": 0.0,
                                                                                                "extra_info": {
                                                                                                    "Function": "READ_PARQUET",
                                                                                                    "Projections": [
                                                                                                        "l_orderkey",
                                                                                                        "l_extendedprice",
                                                                                                        "l_discount"
                                                                                                    ],
                                                                                                    "Filters": "l_shipdate>'1995-03-15'::DATE",
                                                                                                    "Estimated Cardinality": "23998921"
                                                                                                },
                                                                                                "cumulative_cardinality": 0,
                                                                                                "operator_type": "TABLE_SCAN",
                                                                                                "operator_cardinality": 64688156,
                                                                                                "cumulative_rows_scanned": 0,
                                                                                                "operator_rows_scanned": 1919913728,
                                                                                                "operator_timing": 8.634234959000004,
                                                                                                "result_set_size": 1552515744,
                                                                                                "children": []
                                                                                            }
                                                                                        ]
                                                                                    },
                                                                                    {
                                                                                        "operator_name": "PROJECTION",
                                                                                        "cpu_time": 0.0,
                                                                                        "extra_info": {
                                                                                            "Projections": [
                                                                                                "__internal_compress_integral_uinteger(#0, 1)",
                                                                                                "#1",
                                                                                                "__internal_compress_integral_utinyint(#2, 0)",
                                                                                                "__internal_compress_integral_uinteger(#3, 1)"
                                                                                            ],
                                                                                            "Estimated Cardinality": "1200000"
                                                                                        },
                                                                                        "cumulative_cardinality": 0,
                                                                                        "operator_type": "PROJECTION",
                                                                                        "operator_cardinality": 2924425,
                                                                                        "cumulative_rows_scanned": 0,
                                                                                        "operator_rows_scanned": 0,
                                                                                        "operator_timing": 0.042222345999999994,
                                                                                        "result_set_size": 38017525,
                                                                                        "children": [
                                                                                            {
                                                                                                "operator_name": "HASH_JOIN",
                                                                                                "cpu_time": 0.0,
                                                                                                "extra_info": {
                                                                                                    "Join Type": "INNER",
                                                                                                    "Conditions": "o_custkey = c_custkey",
                                                                                                    "Estimated Cardinality": "1200000"
                                                                                                },
                                                                                                "cumulative_cardinality": 0,
                                                                                                "operator_type": "HASH_JOIN",
                                                                                                "operator_cardinality": 2924425,
                                                                                                "cumulative_rows_scanned": 0,
                                                                                                "operator_rows_scanned": 0,
                                                                                                "operator_timing": 1.7422241629999997,
                                                                                                "result_set_size": 70186200,
                                                                                                "children": [
                                                                                                    {
                                                                                                        "operator_name": "READ_PARQUET ",
                                                                                                        "cpu_time": 0.0,
                                                                                                        "extra_info": {
                                                                                                            "Function": "READ_PARQUET",
                                                                                                            "Projections": [
                                                                                                                "o_orderkey",
                                                                                                                "o_custkey",
                                                                                                                "o_orderdate",
                                                                                                                "o_shippriority"
                                                                                                            ],
                                                                                                            "Filters": "o_orderdate<'1995-03-15'::DATE",
                                                                                                            "Estimated Cardinality": "6000000"
                                                                                                        },
                                                                                                        "cumulative_cardinality": 0,
                                                                                                        "operator_type": "TABLE_SCAN",
                                                                                                        "operator_cardinality": 14577208,
                                                                                                        "cumulative_rows_scanned": 0,
                                                                                                        "operator_rows_scanned": 480000000,
                                                                                                        "operator_timing": 2.2033078759999998,
                                                                                                        "result_set_size": 349852992,
                                                                                                        "children": []
                                                                                                    },
                                                                                                    {
                                                                                                        "operator_name": "FILTER",
                                                                                                        "cpu_time": 0.0,
                                                                                                        "extra_info": {
                                                                                                            "Expression": "(c_custkey <= 2999999)",
                                                                                                            "Estimated Cardinality": "600000"
                                                                                                        },
                                                                                                        "cumulative_cardinality": 0,
                                                                                                        "operator_type": "FILTER",
                                                                                                        "operator_cardinality": 600888,
                                                                                                        "cumulative_rows_scanned": 0,
                                                                                                        "operator_rows_scanned": 0,
                                                                                                        "operator_timing": 0.0025441599999999997,
                                                                                                        "result_set_size": 4807104,
                                                                                                        "children": [
                                                                                                            {
                                                                                                                "operator_name": "READ_PARQUET ",
                                                                                                                "cpu_time": 0.0,
                                                                                                                "extra_info": {
                                                                                                                    "Function": "READ_PARQUET",
                                                                                                                    "Projections": "c_custkey",
                                                                                                                    "Filters": "c_mktsegment='BUILDING'",
                                                                                                                    "Estimated Cardinality": "600000"
                                                                                                                },
                                                                                                                "cumulative_cardinality": 0,
                                                                                                                "operator_type": "TABLE_SCAN",
                                                                                                                "operator_cardinality": 600888,
                                                                                                                "cumulative_rows_scanned": 0,
                                                                                                                "operator_rows_scanned": 48000000,
                                                                                                                "operator_timing": 0.132809089,
                                                                                                                "result_set_size": 4807104,
                                                                                                                "children": []
                                                                                                            }
                                                                                                        ]
                                                                                                    }
                                                                                                ]
                                                                                            }
                                                                                        ]
                                                                                    }
                                                                                ]
                                                                            }
                                                                        ]
                                                                    }
                                                                ]
                                                            }
                                                        ]
                                                    }
                                                ]
                                            }
                                        ]
                                    }
                                ]
                            }
                        ]
                    }
                ]
            }
        ]
    },
    "q4": {
        "rows_returned": 0,
        "query_name": "",
        "blocked_thread_time": 0.0,
        "cpu_time": 0.0,
        "extra_info": {},
        "cumulative_cardinality": 0,
        "cumulative_rows_scanned": 0,
        "result_set_size": 0,
        "latency": 0.0,
        "children": [
            {
                "operator_name": "EXPLAIN_ANALYZE",
                "cpu_time": 0.0,
                "extra_info": {},
                "cumulative_cardinality": 0,
                "operator_type": "EXPLAIN_ANALYZE",
                "operator_cardinality": 0,
                "cumulative_rows_scanned": 0,
                "operator_rows_scanned": 0,
                "operator_timing": 6.83e-7,
                "result_set_size": 0,
                "children": [
                    {
                        "operator_name": "ORDER_BY",
                        "cpu_time": 0.0,
                        "extra_info": {
                            "Order By": "tpch20.main.orders.o_orderpriority ASC"
                        },
                        "cumulative_cardinality": 0,
                        "operator_type": "ORDER_BY",
                        "operator_cardinality": 5,
                        "cumulative_rows_scanned": 0,
                        "operator_rows_scanned": 0,
                        "operator_timing": 0.001691285,
                        "result_set_size": 120,
                        "children": [
                            {
                                "operator_name": "HASH_GROUP_BY",
                                "cpu_time": 0.0,
                                "extra_info": {
                                    "Groups": "#0",
                                    "Aggregates": "count_star()",
                                    "Estimated Cardinality": "3000000"
                                },
                                "cumulative_cardinality": 0,
                                "operator_type": "HASH_GROUP_BY",
                                "operator_cardinality": 5,
                                "cumulative_rows_scanned": 0,
                                "operator_rows_scanned": 0,
                                "operator_timing": 0.021270232000000007,
                                "result_set_size": 120,
                                "children": [
                                    {
                                        "operator_name": "PROJECTION",
                                        "cpu_time": 0.0,
                                        "extra_info": {
                                            "Projections": "o_orderpriority",
                                            "Estimated Cardinality": "6000000"
                                        },
                                        "cumulative_cardinality": 0,
                                        "operator_type": "PROJECTION",
                                        "operator_cardinality": 1051279,
                                        "cumulative_rows_scanned": 0,
                                        "operator_rows_scanned": 0,
                                        "operator_timing": 0.00008486299999999999,
                                        "result_set_size": 16820464,
                                        "children": [
                                            {
                                                "operator_name": "RIGHT_DELIM_JOIN",
                                                "cpu_time": 0.0,
                                                "extra_info": {
                                                    "Join Type": "RIGHT_SEMI",
                                                    "Conditions": "o_orderkey IS NOT DISTINCT FROM o_orderkey",
                                                    "Estimated Cardinality": "6000000",
                                                    "Delim Index": "1"
                                                },
                                                "cumulative_cardinality": 0,
                                                "operator_type": "RIGHT_DELIM_JOIN",
                                                "operator_cardinality": 0,
                                                "cumulative_rows_scanned": 0,
                                                "operator_rows_scanned": 0,
                                                "operator_timing": 0.3691275620000001,
                                                "result_set_size": 0,
                                                "children": [
                                                    {
                                                        "operator_name": "READ_PARQUET ",
                                                        "cpu_time": 0.0,
                                                        "extra_info": {
                                                            "Function": "READ_PARQUET",
                                                            "Projections": [
                                                                "o_orderkey",
                                                                "o_orderpriority"
                                                            ],
                                                            "Filters": "o_orderdate>='1993-07-01'::DATE AND o_orderdate<'1993-10-01'::DATE",
                                                            "Estimated Cardinality": "6000000"
                                                        },
                                                        "cumulative_cardinality": 0,
                                                        "operator_type": "TABLE_SCAN",
                                                        "operator_cardinality": 1146356,
                                                        "cumulative_rows_scanned": 0,
                                                        "operator_rows_scanned": 480000000,
                                                        "operator_timing": 1.8593060819999996,
                                                        "result_set_size": 27512544,
                                                        "children": []
                                                    },
                                                    {
                                                        "operator_name": "HASH_JOIN",
                                                        "cpu_time": 0.0,
                                                        "extra_info": {
                                                            "Join Type": "RIGHT_SEMI",
                                                            "Conditions": "o_orderkey IS NOT DISTINCT FROM o_orderkey",
                                                            "Estimated Cardinality": "6000000"
                                                        },
                                                        "cumulative_cardinality": 0,
                                                        "operator_type": "HASH_JOIN",
                                                        "operator_cardinality": 1051279,
                                                        "cumulative_rows_scanned": 0,
                                                        "operator_rows_scanned": 0,
                                                        "operator_timing": 0.5462165230000001,
                                                        "result_set_size": 16820464,
                                                        "children": [
                                                            {
                                                                "operator_name": "PROJECTION",
                                                                "cpu_time": 0.0,
                                                                "extra_info": {
                                                                    "Projections": "o_orderkey",
                                                                    "Estimated Cardinality": "2399892"
                                                                },
                                                                "cumulative_cardinality": 0,
                                                                "operator_type": "PROJECTION",
                                                                "operator_cardinality": 2898434,
                                                                "cumulative_rows_scanned": 0,
                                                                "operator_rows_scanned": 0,
                                                                "operator_timing": 0.003503684,
                                                                "result_set_size": 23187472,
                                                                "children": [
                                                                    {
                                                                        "operator_name": "HASH_JOIN",
                                                                        "cpu_time": 0.0,
                                                                        "extra_info": {
                                                                            "Join Type": "INNER",
                                                                            "Conditions": "l_orderkey = o_orderkey",
                                                                            "Estimated Cardinality": "2399892"
                                                                        },
                                                                        "cumulative_cardinality": 0,
                                                                        "operator_type": "HASH_JOIN",
                                                                        "operator_cardinality": 2898434,
                                                                        "cumulative_rows_scanned": 0,
                                                                        "operator_rows_scanned": 0,
                                                                        "operator_timing": 4.723412673000001,
                                                                        "result_set_size": 46374944,
                                                                        "children": [
                                                                            {
                                                                                "operator_name": "PROJECTION",
                                                                                "cpu_time": 0.0,
                                                                                "extra_info": {
                                                                                    "Projections": "#0",
                                                                                    "Estimated Cardinality": "23998921"
                                                                                },
                                                                                "cumulative_cardinality": 0,
                                                                                "operator_type": "PROJECTION",
                                                                                "operator_cardinality": 75869244,
                                                                                "cumulative_rows_scanned": 0,
                                                                                "operator_rows_scanned": 0,
                                                                                "operator_timing": 0.013299125000000005,
                                                                                "result_set_size": 606953952,
                                                                                "children": [
                                                                                    {
                                                                                        "operator_name": "FILTER",
                                                                                        "cpu_time": 0.0,
                                                                                        "extra_info": {
                                                                                            "Expression": "(l_commitdate < l_receiptdate)",
                                                                                            "Estimated Cardinality": "23998921"
                                                                                        },
                                                                                        "cumulative_cardinality": 0,
                                                                                        "operator_type": "FILTER",
                                                                                        "operator_cardinality": 75869244,
                                                                                        "cumulative_rows_scanned": 0,
                                                                                        "operator_rows_scanned": 0,
                                                                                        "operator_timing": 0.6428034539999994,
                                                                                        "result_set_size": 1213907904,
                                                                                        "children": [
                                                                                            {
                                                                                                "operator_name": "READ_PARQUET ",
                                                                                                "cpu_time": 0.0,
                                                                                                "extra_info": {
                                                                                                    "Function": "READ_PARQUET",
                                                                                                    "Projections": [
                                                                                                        "l_orderkey",
                                                                                                        "l_commitdate",
                                                                                                        "l_receiptdate"
                                                                                                    ],
                                                                                                    "Estimated Cardinality": "119994608"
                                                                                                },
                                                                                                "cumulative_cardinality": 0,
                                                                                                "operator_type": "TABLE_SCAN",
                                                                                                "operator_cardinality": 119994225,
                                                                                                "cumulative_rows_scanned": 0,
                                                                                                "operator_rows_scanned": 1919913728,
                                                                                                "operator_timing": 5.157592330000003,
                                                                                                "result_set_size": 1919907600,
                                                                                                "children": []
                                                                                            }
                                                                                        ]
                                                                                    }
                                                                                ]
                                                                            },
                                                                            {
                                                                                "operator_name": "DELIM_SCAN",
                                                                                "cpu_time": 0.0,
                                                                                "extra_info": {
                                                                                    "Delim Index": "1",
                                                                                    "Estimated Cardinality": "3000000"
                                                                                },
                                                                                "cumulative_cardinality": 0,
                                                                                "operator_type": "DELIM_SCAN",
                                                                                "operator_cardinality": 0,
                                                                                "cumulative_rows_scanned": 0,
                                                                                "operator_rows_scanned": 0,
                                                                                "operator_timing": 0.0,
                                                                                "result_set_size": 0,
                                                                                "children": []
                                                                            }
                                                                        ]
                                                                    }
                                                                ]
                                                            },
                                                            {
                                                                "operator_name": "DUMMY_SCAN",
                                                                "cpu_time": 0.0,
                                                                "extra_info": {},
                                                                "cumulative_cardinality": 0,
                                                                "operator_type": "DUMMY_SCAN",
                                                                "operator_cardinality": 0,
                                                                "cumulative_rows_scanned": 0,
                                                                "operator_rows_scanned": 0,
                                                                "operator_timing": 0.0,
                                                                "result_set_size": 0,
                                                                "children": []
                                                            }
                                                        ]
                                                    },
                                                    {
                                                        "operator_name": "HASH_GROUP_BY",
                                                        "cpu_time": 0.0,
                                                        "extra_info": {
                                                            "Groups": "#0",
                                                            "Aggregates": "",
                                                            "Estimated Cardinality": "6000000"
                                                        },
                                                        "cumulative_cardinality": 0,
                                                        "operator_type": "HASH_GROUP_BY",
                                                        "operator_cardinality": 1146356,
                                                        "cumulative_rows_scanned": 0,
                                                        "operator_rows_scanned": 0,
                                                        "operator_timing": 0.227990929,
                                                        "result_set_size": 9170848,
                                                        "children": []
                                                    }
                                                ]
                                            }
                                        ]
                                    }
                                ]
                            }
                        ]
                    }
                ]
            }
        ]
    },
    "q5": {
        "rows_returned": 0,
        "query_name": "",
        "blocked_thread_time": 0.0,
        "cpu_time": 0.0,
        "extra_info": {},
        "cumulative_cardinality": 0,
        "cumulative_rows_scanned": 0,
        "result_set_size": 0,
        "latency": 0.0,
        "children": [
            {
                "operator_name": "EXPLAIN_ANALYZE",
                "cpu_time": 0.0,
                "extra_info": {},
                "cumulative_cardinality": 0,
                "operator_type": "EXPLAIN_ANALYZE",
                "operator_cardinality": 0,
                "cumulative_rows_scanned": 0,
                "operator_rows_scanned": 0,
                "operator_timing": 8.27e-7,
                "result_set_size": 0,
                "children": [
                    {
                        "operator_name": "ORDER_BY",
                        "cpu_time": 0.0,
                        "extra_info": {
                            "Order By": "sum((tpch20.main.lineitem.l_extendedprice * (1 - tpch20.main.lineitem.l_discount))) DESC"
                        },
                        "cumulative_cardinality": 0,
                        "operator_type": "ORDER_BY",
                        "operator_cardinality": 5,
                        "cumulative_rows_scanned": 0,
                        "operator_rows_scanned": 0,
                        "operator_timing": 0.0006384930000000002,
                        "result_set_size": 160,
                        "children": [
                            {
                                "operator_name": "HASH_GROUP_BY",
                                "cpu_time": 0.0,
                                "extra_info": {
                                    "Groups": "#0",
                                    "Aggregates": "sum(#1)",
                                    "Estimated Cardinality": "3000000"
                                },
                                "cumulative_cardinality": 0,
                                "operator_type": "HASH_GROUP_BY",
                                "operator_cardinality": 5,
                                "cumulative_rows_scanned": 0,
                                "operator_rows_scanned": 0,
                                "operator_timing": 0.021092371999999984,
                                "result_set_size": 160,
                                "children": [
                                    {
                                        "operator_name": "PROJECTION",
                                        "cpu_time": 0.0,
                                        "extra_info": {
                                            "Projections": [
                                                "n_name",
                                                "(l_extendedprice * (1.00 - l_discount))"
                                            ],
                                            "Estimated Cardinality": "4799784"
                                        },
                                        "cumulative_cardinality": 0,
                                        "operator_type": "PROJECTION",
                                        "operator_cardinality": 146190,
                                        "cumulative_rows_scanned": 0,
                                        "operator_rows_scanned": 0,
                                        "operator_timing": 0.009526587000000001,
                                        "result_set_size": 3508560,
                                        "children": [
                                            {
                                                "operator_name": "PROJECTION",
                                                "cpu_time": 0.0,
                                                "extra_info": {
                                                    "Projections": [
                                                        "#2",
                                                        "#0",
                                                        "#1",
                                                        "__internal_compress_integral_uinteger(#3, 1)",
                                                        "__internal_compress_integral_utinyint(#4, 0)"
                                                    ],
                                                    "Estimated Cardinality": "4799784"
                                                },
                                                "cumulative_cardinality": 0,
                                                "operator_type": "PROJECTION",
                                                "operator_cardinality": 146190,
                                                "cumulative_rows_scanned": 0,
                                                "operator_rows_scanned": 0,
                                                "operator_timing": 0.004153853999999999,
                                                "result_set_size": 5409030,
                                                "children": [
                                                    {
                                                        "operator_name": "HASH_JOIN",
                                                        "cpu_time": 0.0,
                                                        "extra_info": {
                                                            "Join Type": "INNER",
                                                            "Conditions": [
                                                                "c_nationkey = s_nationkey",
                                                                "l_suppkey = s_suppkey"
                                                            ],
                                                            "Estimated Cardinality": "4799784"
                                                        },
                                                        "cumulative_cardinality": 0,
                                                        "operator_type": "HASH_JOIN",
                                                        "operator_cardinality": 146190,
                                                        "cumulative_rows_scanned": 0,
                                                        "operator_rows_scanned": 0,
                                                        "operator_timing": 0.8017941710000003,
                                                        "result_set_size": 6432360,
                                                        "children": [
                                                            {
                                                                "operator_name": "PROJECTION",
                                                                "cpu_time": 0.0,
                                                                "extra_info": {
                                                                    "Projections": [
                                                                        "#0",
                                                                        "#1",
                                                                        "#2",
                                                                        "__internal_decompress_integral_integer(#3, 0)",
                                                                        "#4"
                                                                    ],
                                                                    "Estimated Cardinality": "4799784"
                                                                },
                                                                "cumulative_cardinality": 0,
                                                                "operator_type": "PROJECTION",
                                                                "operator_cardinality": 3640833,
                                                                "cumulative_rows_scanned": 0,
                                                                "operator_rows_scanned": 0,
                                                                "operator_timing": 0.03533905499999999,
                                                                "result_set_size": 160196652,
                                                                "children": [
                                                                    {
                                                                        "operator_name": "HASH_JOIN",
                                                                        "cpu_time": 0.0,
                                                                        "extra_info": {
                                                                            "Join Type": "INNER",
                                                                            "Conditions": "l_orderkey = o_orderkey",
                                                                            "Estimated Cardinality": "4799784"
                                                                        },
                                                                        "cumulative_cardinality": 0,
                                                                        "operator_type": "HASH_JOIN",
                                                                        "operator_cardinality": 3640833,
                                                                        "cumulative_rows_scanned": 0,
                                                                        "operator_rows_scanned": 0,
                                                                        "operator_timing": 6.118480680999993,
                                                                        "result_set_size": 149274153,
                                                                        "children": [
                                                                            {
                                                                                "operator_name": "PROJECTION",
                                                                                "cpu_time": 0.0,
                                                                                "extra_info": {
                                                                                    "Projections": [
                                                                                        "__internal_compress_integral_uinteger(#0, 1)",
                                                                                        "#1",
                                                                                        "#2",
                                                                                        "#3"
                                                                                    ],
                                                                                    "Estimated Cardinality": "119994608"
                                                                                },
                                                                                "cumulative_cardinality": 0,
                                                                                "operator_type": "PROJECTION",
                                                                                "operator_cardinality": 119994608,
                                                                                "cumulative_rows_scanned": 0,
                                                                                "operator_rows_scanned": 0,
                                                                                "operator_timing": 0.10291361100000007,
                                                                                "result_set_size": 3359849024,
                                                                                "children": [
                                                                                    {
                                                                                        "operator_name": "READ_PARQUET ",
                                                                                        "cpu_time": 0.0,
                                                                                        "extra_info": {
                                                                                            "Function": "READ_PARQUET",
                                                                                            "Projections": [
                                                                                                "l_orderkey",
                                                                                                "l_suppkey",
                                                                                                "l_extendedprice",
                                                                                                "l_discount"
                                                                                            ],
                                                                                            "Estimated Cardinality": "119994608"
                                                                                        },
                                                                                        "cumulative_cardinality": 0,
                                                                                        "operator_type": "TABLE_SCAN",
                                                                                        "operator_cardinality": 119994608,
                                                                                        "cumulative_rows_scanned": 0,
                                                                                        "operator_rows_scanned": 1919913728,
                                                                                        "operator_timing": 9.010746250999999,
                                                                                        "result_set_size": 3839827456,
                                                                                        "children": []
                                                                                    }
                                                                                ]
                                                                            },
                                                                            {
                                                                                "operator_name": "PROJECTION",
                                                                                "cpu_time": 0.0,
                                                                                "extra_info": {
                                                                                    "Projections": [
                                                                                        "__internal_compress_integral_uinteger(#0, 1)",
                                                                                        "__internal_compress_integral_utinyint(#1, 0)",
                                                                                        "#2"
                                                                                    ],
                                                                                    "Estimated Cardinality": "1200000"
                                                                                },
                                                                                "cumulative_cardinality": 0,
                                                                                "operator_type": "PROJECTION",
                                                                                "operator_cardinality": 909975,
                                                                                "cumulative_rows_scanned": 0,
                                                                                "operator_rows_scanned": 0,
                                                                                "operator_timing": 0.014146046,
                                                                                "result_set_size": 19109475,
                                                                                "children": [
                                                                                    {
                                                                                        "operator_name": "HASH_JOIN",
                                                                                        "cpu_time": 0.0,
                                                                                        "extra_info": {
                                                                                            "Join Type": "INNER",
                                                                                            "Conditions": "o_custkey = c_custkey",
                                                                                            "Estimated Cardinality": "1200000"
                                                                                        },
                                                                                        "cumulative_cardinality": 0,
                                                                                        "operator_type": "HASH_JOIN",
                                                                                        "operator_cardinality": 909975,
                                                                                        "cumulative_rows_scanned": 0,
                                                                                        "operator_rows_scanned": 0,
                                                                                        "operator_timing": 0.826084703,
                                                                                        "result_set_size": 25479300,
                                                                                        "children": [
                                                                                            {
                                                                                                "operator_name": "READ_PARQUET ",
                                                                                                "cpu_time": 0.0,
                                                                                                "extra_info": {
                                                                                                    "Function": "READ_PARQUET",
                                                                                                    "Projections": [
                                                                                                        "o_orderkey",
                                                                                                        "o_custkey"
                                                                                                    ],
                                                                                                    "Filters": "o_orderdate>='1994-01-01'::DATE AND o_orderdate<'1995-01-01'::DATE",
                                                                                                    "Estimated Cardinality": "6000000"
                                                                                                },
                                                                                                "cumulative_cardinality": 0,
                                                                                                "operator_type": "TABLE_SCAN",
                                                                                                "operator_cardinality": 4549817,
                                                                                                "cumulative_rows_scanned": 0,
                                                                                                "operator_rows_scanned": 480000000,
                                                                                                "operator_timing": 2.1425577110000007,
                                                                                                "result_set_size": 72797072,
                                                                                                "children": []
                                                                                            },
                                                                                            {
                                                                                                "operator_name": "FILTER",
                                                                                                "cpu_time": 0.0,
                                                                                                "extra_info": {
                                                                                                    "Expression": "(c_custkey <= 2999999)",
                                                                                                    "Estimated Cardinality": "600000"
                                                                                                },
                                                                                                "cumulative_cardinality": 0,
                                                                                                "operator_type": "FILTER",
                                                                                                "operator_cardinality": 600016,
                                                                                                "cumulative_rows_scanned": 0,
                                                                                                "operator_rows_scanned": 0,
                                                                                                "operator_timing": 0.002667648,
                                                                                                "result_set_size": 16800448,
                                                                                                "children": [
                                                                                                    {
                                                                                                        "operator_name": "HASH_JOIN",
                                                                                                        "cpu_time": 0.0,
                                                                                                        "extra_info": {
                                                                                                            "Join Type": "INNER",
                                                                                                            "Conditions": "c_nationkey = n_nationkey",
                                                                                                            "Estimated Cardinality": "600000"
                                                                                                        },
                                                                                                        "cumulative_cardinality": 0,
                                                                                                        "operator_type": "HASH_JOIN",
                                                                                                        "operator_cardinality": 600016,
                                                                                                        "cumulative_rows_scanned": 0,
                                                                                                        "operator_rows_scanned": 0,
                                                                                                        "operator_timing": 0.013220392999999999,
                                                                                                        "result_set_size": 16800448,
                                                                                                        "children": [
                                                                                                            {
                                                                                                                "operator_name": "READ_PARQUET ",
                                                                                                                "cpu_time": 0.0,
                                                                                                                "extra_info": {
                                                                                                                    "Function": "READ_PARQUET",
                                                                                                                    "Projections": [
                                                                                                                        "c_custkey",
                                                                                                                        "c_nationkey"
                                                                                                                    ],
                                                                                                                    "Estimated Cardinality": "3000000"
                                                                                                                },
                                                                                                                "cumulative_cardinality": 0,
                                                                                                                "operator_type": "TABLE_SCAN",
                                                                                                                "operator_cardinality": 1678835,
                                                                                                                "cumulative_rows_scanned": 0,
                                                                                                                "operator_rows_scanned": 48000000,
                                                                                                                "operator_timing": 0.163474445,
                                                                                                                "result_set_size": 20146020,
                                                                                                                "children": []
                                                                                                            },
                                                                                                            {
                                                                                                                "operator_name": "HASH_JOIN",
                                                                                                                "cpu_time": 0.0,
                                                                                                                "extra_info": {
                                                                                                                    "Join Type": "INNER",
                                                                                                                    "Conditions": "n_regionkey = r_regionkey",
                                                                                                                    "Estimated Cardinality": "5"
                                                                                                                },
                                                                                                                "cumulative_cardinality": 0,
                                                                                                                "operator_type": "HASH_JOIN",
                                                                                                                "operator_cardinality": 5,
                                                                                                                "cumulative_rows_scanned": 0,
                                                                                                                "operator_rows_scanned": 0,
                                                                                                                "operator_timing": 0.000026620000000000003,
                                                                                                                "result_set_size": 120,
                                                                                                                "children": [
                                                                                                                    {
                                                                                                                        "operator_name": "READ_PARQUET ",
                                                                                                                        "cpu_time": 0.0,
                                                                                                                        "extra_info": {
                                                                                                                            "Function": "READ_PARQUET",
                                                                                                                            "Projections": [
                                                                                                                                "n_nationkey",
                                                                                                                                "n_name",
                                                                                                                                "n_regionkey"
                                                                                                                            ],
                                                                                                                            "Estimated Cardinality": "25"
                                                                                                                        },
                                                                                                                        "cumulative_cardinality": 0,
                                                                                                                        "operator_type": "TABLE_SCAN",
                                                                                                                        "operator_cardinality": 5,
                                                                                                                        "cumulative_rows_scanned": 0,
                                                                                                                        "operator_rows_scanned": 25,
                                                                                                                        "operator_timing": 0.000065754,
                                                                                                                        "result_set_size": 120,
                                                                                                                        "children": []
                                                                                                                    },
                                                                                                                    {
                                                                                                                        "operator_name": "READ_PARQUET ",
                                                                                                                        "cpu_time": 0.0,
                                                                                                                        "extra_info": {
                                                                                                                            "Function": "READ_PARQUET",
                                                                                                                            "Projections": "r_regionkey",
                                                                                                                            "Filters": "r_name='ASIA'",
                                                                                                                            "Estimated Cardinality": "1"
                                                                                                                        },
                                                                                                                        "cumulative_cardinality": 0,
                                                                                                                        "operator_type": "TABLE_SCAN",
                                                                                                                        "operator_cardinality": 1,
                                                                                                                        "cumulative_rows_scanned": 0,
                                                                                                                        "operator_rows_scanned": 5,
                                                                                                                        "operator_timing": 0.000061778,
                                                                                                                        "result_set_size": 4,
                                                                                                                        "children": []
                                                                                                                    }
                                                                                                                ]
                                                                                                            }
                                                                                                        ]
                                                                                                    }
                                                                                                ]
                                                                                            }
                                                                                        ]
                                                                                    }
                                                                                ]
                                                                            }
                                                                        ]
                                                                    }
                                                                ]
                                                            },
                                                            {
                                                                "operator_name": "READ_PARQUET ",
                                                                "cpu_time": 0.0,
                                                                "extra_info": {
                                                                    "Function": "READ_PARQUET",
                                                                    "Projections": [
                                                                        "s_suppkey",
                                                                        "s_nationkey"
                                                                    ],
                                                                    "Estimated Cardinality": "200000"
                                                                },
                                                                "cumulative_cardinality": 0,
                                                                "operator_type": "TABLE_SCAN",
                                                                "operator_cardinality": 200000,
                                                                "cumulative_rows_scanned": 0,
                                                                "operator_rows_scanned": 400000,
                                                                "operator_timing": 0.006218208999999999,
                                                                "result_set_size": 2400000,
                                                                "children": []
                                                            }
                                                        ]
                                                    }
                                                ]
                                            }
                                        ]
                                    }
                                ]
                            }
                        ]
                    }
                ]
            }
        ]
    },
    "q6": {
        "rows_returned": 0,
        "query_name": "",
        "blocked_thread_time": 0.0,
        "cpu_time": 0.0,
        "extra_info": {},
        "cumulative_cardinality": 0,
        "cumulative_rows_scanned": 0,
        "result_set_size": 0,
        "latency": 0.0,
        "children": [
            {
                "operator_name": "EXPLAIN_ANALYZE",
                "cpu_time": 0.0,
                "extra_info": {},
                "cumulative_cardinality": 0,
                "operator_type": "EXPLAIN_ANALYZE",
                "operator_cardinality": 0,
                "cumulative_rows_scanned": 0,
                "operator_rows_scanned": 0,
                "operator_timing": 2.13e-7,
                "result_set_size": 0,
                "children": [
                    {
                        "operator_name": "UNGROUPED_AGGREGATE",
                        "cpu_time": 0.0,
                        "extra_info": {
                            "Aggregates": "sum(#0)"
                        },
                        "cumulative_cardinality": 0,
                        "operator_type": "UNGROUPED_AGGREGATE",
                        "operator_cardinality": 1,
                        "cumulative_rows_scanned": 0,
                        "operator_rows_scanned": 0,
                        "operator_timing": 0.02943577500000003,
                        "result_set_size": 16,
                        "children": [
                            {
                                "operator_name": "PROJECTION",
                                "cpu_time": 0.0,
                                "extra_info": {
                                    "Projections": "(l_extendedprice * l_discount)",
                                    "Estimated Cardinality": "23998921"
                                },
                                "cumulative_cardinality": 0,
                                "operator_type": "PROJECTION",
                                "operator_cardinality": 2281119,
                                "cumulative_rows_scanned": 0,
                                "operator_rows_scanned": 0,
                                "operator_timing": 0.06771755399999996,
                                "result_set_size": 18248952,
                                "children": [
                                    {
                                        "operator_name": "READ_PARQUET ",
                                        "cpu_time": 0.0,
                                        "extra_info": {
                                            "Function": "READ_PARQUET",
                                            "Projections": [
                                                "l_extendedprice",
                                                "l_discount"
                                            ],
                                            "Filters": [
                                                "l_shipdate>='1994-01-01'::DATE AND l_shipdate<'1995-01-01'::DATE",
                                                "l_discount>=0.05 AND l_discount<=0.07",
                                                "l_quantity<24.00"
                                            ],
                                            "Estimated Cardinality": "23998921"
                                        },
                                        "cumulative_cardinality": 0,
                                        "operator_type": "TABLE_SCAN",
                                        "operator_cardinality": 2281119,
                                        "cumulative_rows_scanned": 0,
                                        "operator_rows_scanned": 1919913728,
                                        "operator_timing": 9.630349756000003,
                                        "result_set_size": 36497904,
                                        "children": []
                                    }
                                ]
                            }
                        ]
                    }
                ]
            }
        ]
    },
    "q7": {
        "rows_returned": 0,
        "query_name": "",
        "blocked_thread_time": 0.0,
        "cpu_time": 0.0,
        "extra_info": {},
        "cumulative_cardinality": 0,
        "cumulative_rows_scanned": 0,
        "result_set_size": 0,
        "latency": 0.0,
        "children": [
            {
                "operator_name": "EXPLAIN_ANALYZE",
                "cpu_time": 0.0,
                "extra_info": {},
                "cumulative_cardinality": 0,
                "operator_type": "EXPLAIN_ANALYZE",
                "operator_cardinality": 0,
                "cumulative_rows_scanned": 0,
                "operator_rows_scanned": 0,
                "operator_timing": 2.7e-7,
                "result_set_size": 0,
                "children": [
                    {
                        "operator_name": "PROJECTION",
                        "cpu_time": 0.0,
                        "extra_info": {
                            "Projections": [
                                "#0",
                                "#1",
                                "__internal_decompress_integral_bigint(#2, 1992)",
                                "#3"
                            ],
                            "Estimated Cardinality": "479978"
                        },
                        "cumulative_cardinality": 0,
                        "operator_type": "PROJECTION",
                        "operator_cardinality": 4,
                        "cumulative_rows_scanned": 0,
                        "operator_rows_scanned": 0,
                        "operator_timing": 0.000002093,
                        "result_set_size": 224,
                        "children": [
                            {
                                "operator_name": "ORDER_BY",
                                "cpu_time": 0.0,
                                "extra_info": {
                                    "Order By": [
                                        "shipping.supp_nation ASC",
                                        "shipping.cust_nation ASC",
                                        "shipping.l_year ASC"
                                    ]
                                },
                                "cumulative_cardinality": 0,
                                "operator_type": "ORDER_BY",
                                "operator_cardinality": 4,
                                "cumulative_rows_scanned": 0,
                                "operator_rows_scanned": 0,
                                "operator_timing": 0.00038596899999999995,
                                "result_set_size": 196,
                                "children": [
                                    {
                                        "operator_name": "PROJECTION",
                                        "cpu_time": 0.0,
                                        "extra_info": {
                                            "Projections": [
                                                "#0",
                                                "#1",
                                                "__internal_compress_integral_utinyint(#2, 1992)",
                                                "#3"
                                            ],
                                            "Estimated Cardinality": "479978"
                                        },
                                        "cumulative_cardinality": 0,
                                        "operator_type": "PROJECTION",
                                        "operator_cardinality": 4,
                                        "cumulative_rows_scanned": 0,
                                        "operator_rows_scanned": 0,
                                        "operator_timing": 0.00000123,
                                        "result_set_size": 196,
                                        "children": [
                                            {
                                                "operator_name": "PROJECTION",
                                                "cpu_time": 0.0,
                                                "extra_info": {
                                                    "Projections": [
                                                        "#0",
                                                        "#1",
                                                        "__internal_decompress_integral_bigint(#2, 1992)",
                                                        "#3"
                                                    ],
                                                    "Estimated Cardinality": "479978"
                                                },
                                                "cumulative_cardinality": 0,
                                                "operator_type": "PROJECTION",
                                                "operator_cardinality": 4,
                                                "cumulative_rows_scanned": 0,
                                                "operator_rows_scanned": 0,
                                                "operator_timing": 0.0000022349999999999998,
                                                "result_set_size": 224,
                                                "children": [
                                                    {
                                                        "operator_name": "HASH_GROUP_BY",
                                                        "cpu_time": 0.0,
                                                        "extra_info": {
                                                            "Groups": [
                                                                "#0",
                                                                "#1",
                                                                "#2"
                                                            ],
                                                            "Aggregates": "sum(#3)",
                                                            "Estimated Cardinality": "479978"
                                                        },
                                                        "cumulative_cardinality": 0,
                                                        "operator_type": "HASH_GROUP_BY",
                                                        "operator_cardinality": 4,
                                                        "cumulative_rows_scanned": 0,
                                                        "operator_rows_scanned": 0,
                                                        "operator_timing": 0.01010574,
                                                        "result_set_size": 196,
                                                        "children": [
                                                            {
                                                                "operator_name": "PROJECTION",
                                                                "cpu_time": 0.0,
                                                                "extra_info": {
                                                                    "Projections": [
                                                                        "supp_nation",
                                                                        "cust_nation",
                                                                        "l_year",
                                                                        "volume"
                                                                    ],
                                                                    "Estimated Cardinality": "959956"
                                                                },
                                                                "cumulative_cardinality": 0,
                                                                "operator_type": "PROJECTION",
                                                                "operator_cardinality": 117729,
                                                                "cumulative_rows_scanned": 0,
                                                                "operator_rows_scanned": 0,
                                                                "operator_timing": 0.00012031800000000001,
                                                                "result_set_size": 4826889,
                                                                "children": [
                                                                    {
                                                                        "operator_name": "PROJECTION",
                                                                        "cpu_time": 0.0,
                                                                        "extra_info": {
                                                                            "Projections": [
                                                                                "#0",
                                                                                "#1",
                                                                                "__internal_compress_integral_utinyint(#2, 1992)",
                                                                                "#3"
                                                                            ],
                                                                            "Estimated Cardinality": "959956"
                                                                        },
                                                                        "cumulative_cardinality": 0,
                                                                        "operator_type": "PROJECTION",
                                                                        "operator_cardinality": 117729,
                                                                        "cumulative_rows_scanned": 0,
                                                                        "operator_rows_scanned": 0,
                                                                        "operator_timing": 0.00033332700000000007,
                                                                        "result_set_size": 4826889,
                                                                        "children": [
                                                                            {
                                                                                "operator_name": "PROJECTION",
                                                                                "cpu_time": 0.0,
                                                                                "extra_info": {
                                                                                    "Projections": [
                                                                                        "supp_nation",
                                                                                        "cust_nation",
                                                                                        "l_year",
                                                                                        "volume"
                                                                                    ],
                                                                                    "Estimated Cardinality": "959956"
                                                                                },
                                                                                "cumulative_cardinality": 0,
                                                                                "operator_type": "PROJECTION",
                                                                                "operator_cardinality": 117729,
                                                                                "cumulative_rows_scanned": 0,
                                                                                "operator_rows_scanned": 0,
                                                                                "operator_timing": 0.002788693,
                                                                                "result_set_size": 5650992,
                                                                                "children": [
                                                                                    {
                                                                                        "operator_name": "FILTER",
                                                                                        "cpu_time": 0.0,
                                                                                        "extra_info": {
                                                                                            "Expression": "(((n_name = 'FRANCE') AND (n_name = 'GERMANY')) OR ((n_name = 'GERMANY') AND (n_name = 'FRANCE')))",
                                                                                            "Estimated Cardinality": "959956"
                                                                                        },
                                                                                        "cumulative_cardinality": 0,
                                                                                        "operator_type": "FILTER",
                                                                                        "operator_cardinality": 117729,
                                                                                        "cumulative_rows_scanned": 0,
                                                                                        "operator_rows_scanned": 0,
                                                                                        "operator_timing": 0.006170113999999999,
                                                                                        "result_set_size": 6121908,
                                                                                        "children": [
                                                                                            {
                                                                                                "operator_name": "HASH_JOIN",
                                                                                                "cpu_time": 0.0,
                                                                                                "extra_info": {
                                                                                                    "Join Type": "INNER",
                                                                                                    "Conditions": "o_custkey = c_custkey",
                                                                                                    "Estimated Cardinality": "959956"
                                                                                                },
                                                                                                "cumulative_cardinality": 0,
                                                                                                "operator_type": "HASH_JOIN",
                                                                                                "operator_cardinality": 234793,
                                                                                                "cumulative_rows_scanned": 0,
                                                                                                "operator_rows_scanned": 0,
                                                                                                "operator_timing": 0.44652260499999996,
                                                                                                "result_set_size": 12209236,
                                                                                                "children": [
                                                                                                    {
                                                                                                        "operator_name": "PROJECTION",
                                                                                                        "cpu_time": 0.0,
                                                                                                        "extra_info": {
                                                                                                            "Projections": [
                                                                                                                "#0",
                                                                                                                "#4",
                                                                                                                "#1",
                                                                                                                "#2",
                                                                                                                "#3"
                                                                                                            ],
                                                                                                            "Estimated Cardinality": "4799784"
                                                                                                        },
                                                                                                        "cumulative_cardinality": 0,
                                                                                                        "operator_type": "PROJECTION",
                                                                                                        "operator_cardinality": 2914466,
                                                                                                        "cumulative_rows_scanned": 0,
                                                                                                        "operator_rows_scanned": 0,
                                                                                                        "operator_timing": 0.008311381999999999,
                                                                                                        "result_set_size": 128236504,
                                                                                                        "children": [
                                                                                                            {
                                                                                                                "operator_name": "HASH_JOIN",
                                                                                                                "cpu_time": 0.0,
                                                                                                                "extra_info": {
                                                                                                                    "Join Type": "INNER",
                                                                                                                    "Conditions": "o_orderkey = l_orderkey",
                                                                                                                    "Estimated Cardinality": "4799784"
                                                                                                                },
                                                                                                                "cumulative_cardinality": 0,
                                                                                                                "operator_type": "HASH_JOIN",
                                                                                                                "operator_cardinality": 2914466,
                                                                                                                "cumulative_rows_scanned": 0,
                                                                                                                "operator_rows_scanned": 0,
                                                                                                                "operator_timing": 5.182690469,
                                                                                                                "result_set_size": 128236504,
                                                                                                                "children": [
                                                                                                                    {
                                                                                                                        "operator_name": "PROJECTION",
                                                                                                                        "cpu_time": 0.0,
                                                                                                                        "extra_info": {
                                                                                                                            "Projections": [
                                                                                                                                "__internal_compress_integral_uinteger(#0, 1)",
                                                                                                                                "#1"
                                                                                                                            ],
                                                                                                                            "Estimated Cardinality": "30000000"
                                                                                                                        },
                                                                                                                        "cumulative_cardinality": 0,
                                                                                                                        "operator_type": "PROJECTION",
                                                                                                                        "operator_cardinality": 29999723,
                                                                                                                        "cumulative_rows_scanned": 0,
                                                                                                                        "operator_rows_scanned": 0,
                                                                                                                        "operator_timing": 0.031708459999999994,
                                                                                                                        "result_set_size": 359996676,
                                                                                                                        "children": [
                                                                                                                            {
                                                                                                                                "operator_name": "READ_PARQUET ",
                                                                                                                                "cpu_time": 0.0,
                                                                                                                                "extra_info": {
                                                                                                                                    "Function": "READ_PARQUET",
                                                                                                                                    "Projections": [
                                                                                                                                        "o_orderkey",
                                                                                                                                        "o_custkey"
                                                                                                                                    ],
                                                                                                                                    "Estimated Cardinality": "30000000"
                                                                                                                                },
                                                                                                                                "cumulative_cardinality": 0,
                                                                                                                                "operator_type": "TABLE_SCAN",
                                                                                                                                "operator_cardinality": 29999723,
                                                                                                                                "cumulative_rows_scanned": 0,
                                                                                                                                "operator_rows_scanned": 480000000,
                                                                                                                                "operator_timing": 1.199931995,
                                                                                                                                "result_set_size": 479995568,
                                                                                                                                "children": []
                                                                                                                            }
                                                                                                                        ]
                                                                                                                    },
                                                                                                                    {
                                                                                                                        "operator_name": "PROJECTION",
                                                                                                                        "cpu_time": 0.0,
                                                                                                                        "extra_info": {
                                                                                                                            "Projections": [
                                                                                                                                "__internal_compress_integral_uinteger(#0, 1)",
                                                                                                                                "#1",
                                                                                                                                "#2",
                                                                                                                                "#3",
                                                                                                                                "#4"
                                                                                                                            ],
                                                                                                                            "Estimated Cardinality": "4799784"
                                                                                                                        },
                                                                                                                        "cumulative_cardinality": 0,
                                                                                                                        "operator_type": "PROJECTION",
                                                                                                                        "operator_cardinality": 2914502,
                                                                                                                        "cumulative_rows_scanned": 0,
                                                                                                                        "operator_rows_scanned": 0,
                                                                                                                        "operator_timing": 0.023632627999999996,
                                                                                                                        "result_set_size": 116580080,
                                                                                                                        "children": [
                                                                                                                            {
                                                                                                                                "operator_name": "HASH_JOIN",
                                                                                                                                "cpu_time": 0.0,
                                                                                                                                "extra_info": {
                                                                                                                                    "Join Type": "INNER",
                                                                                                                                    "Conditions": "l_suppkey = s_suppkey",
                                                                                                                                    "Estimated Cardinality": "4799784"
                                                                                                                                },
                                                                                                                                "cumulative_cardinality": 0,
                                                                                                                                "operator_type": "HASH_JOIN",
                                                                                                                                "operator_cardinality": 2914502,
                                                                                                                                "cumulative_rows_scanned": 0,
                                                                                                                                "operator_rows_scanned": 0,
                                                                                                                                "operator_timing": 0.8204130359999994,
                                                                                                                                "result_set_size": 128238088,
                                                                                                                                "children": [
                                                                                                                                    {
                                                                                                                                        "operator_name": "READ_PARQUET ",
                                                                                                                                        "cpu_time": 0.0,
                                                                                                                                        "extra_info": {
                                                                                                                                            "Function": "READ_PARQUET",
                                                                                                                                            "Projections": [
                                                                                                                                                "l_orderkey",
                                                                                                                                                "l_suppkey",
                                                                                                                                                "l_extendedprice",
                                                                                                                                                "l_discount",
                                                                                                                                                "l_shipdate"
                                                                                                                                            ],
                                                                                                                                            "Filters": "l_shipdate>='1995-01-01'::DATE AND l_shipdate<='1996-12-31'::DATE",
                                                                                                                                            "Estimated Cardinality": "23998921"
                                                                                                                                        },
                                                                                                                                        "cumulative_cardinality": 0,
                                                                                                                                        "operator_type": "TABLE_SCAN",
                                                                                                                                        "operator_cardinality": 36454617,
                                                                                                                                        "cumulative_rows_scanned": 0,
                                                                                                                                        "operator_rows_scanned": 1919913728,
                                                                                                                                        "operator_timing": 13.196452161000005,
                                                                                                                                        "result_set_size": 1312366212,
                                                                                                                                        "children": []
                                                                                                                                    },
                                                                                                                                    {
                                                                                                                                        "operator_name": "HASH_JOIN",
                                                                                                                                        "cpu_time": 0.0,
                                                                                                                                        "extra_info": {
                                                                                                                                            "Join Type": "INNER",
                                                                                                                                            "Conditions": "s_nationkey = n_nationkey",
                                                                                                                                            "Estimated Cardinality": "40000"
                                                                                                                                        },
                                                                                                                                        "cumulative_cardinality": 0,
                                                                                                                                        "operator_type": "HASH_JOIN",
                                                                                                                                        "operator_cardinality": 15988,
                                                                                                                                        "cumulative_rows_scanned": 0,
                                                                                                                                        "operator_rows_scanned": 0,
                                                                                                                                        "operator_timing": 0.00013986400000000004,
                                                                                                                                        "result_set_size": 383712,
                                                                                                                                        "children": [
                                                                                                                                            {
                                                                                                                                                "operator_name": "READ_PARQUET ",
                                                                                                                                                "cpu_time": 0.0,
                                                                                                                                                "extra_info": {
                                                                                                                                                    "Function": "READ_PARQUET",
                                                                                                                                                    "Projections": [
                                                                                                                                                        "s_suppkey",
                                                                                                                                                        "s_nationkey"
                                                                                                                                                    ],
                                                                                                                                                    "Estimated Cardinality": "200000"
                                                                                                                                                },
                                                                                                                                                "cumulative_cardinality": 0,
                                                                                                                                                "operator_type": "TABLE_SCAN",
                                                                                                                                                "operator_cardinality": 15988,
                                                                                                                                                "cumulative_rows_scanned": 0,
                                                                                                                                                "operator_rows_scanned": 400000,
                                                                                                                                                "operator_timing": 0.006213102,
                                                                                                                                                "result_set_size": 191856,
                                                                                                                                                "children": []
                                                                                                                                            },
                                                                                                                                            {
                                                                                                                                                "operator_name": "FILTER",
                                                                                                                                                "cpu_time": 0.0,
                                                                                                                                                "extra_info": {
                                                                                                                                                    "Expression": "((n_name = 'FRANCE') OR (n_name = 'GERMANY'))",
                                                                                                                                                    "Estimated Cardinality": "5"
                                                                                                                                                },
                                                                                                                                                "cumulative_cardinality": 0,
                                                                                                                                                "operator_type": "FILTER",
                                                                                                                                                "operator_cardinality": 2,
                                                                                                                                                "cumulative_rows_scanned": 0,
                                                                                                                                                "operator_rows_scanned": 0,
                                                                                                                                                "operator_timing": 0.000017083,
                                                                                                                                                "result_set_size": 40,
                                                                                                                                                "children": [
                                                                                                                                                    {
                                                                                                                                                        "operator_name": "READ_PARQUET ",
                                                                                                                                                        "cpu_time": 0.0,
                                                                                                                                                        "extra_info": {
                                                                                                                                                            "Function": "READ_PARQUET",
                                                                                                                                                            "Projections": [
                                                                                                                                                                "n_nationkey",
                                                                                                                                                                "n_name"
                                                                                                                                                            ],
                                                                                                                                                            "Filters": "optional: n_name='FRANCE' OR n_name='GERMANY'",
                                                                                                                                                            "Estimated Cardinality": "25"
                                                                                                                                                        },
                                                                                                                                                        "cumulative_cardinality": 0,
                                                                                                                                                        "operator_type": "TABLE_SCAN",
                                                                                                                                                        "operator_cardinality": 25,
                                                                                                                                                        "cumulative_rows_scanned": 0,
                                                                                                                                                        "operator_rows_scanned": 25,
                                                                                                                                                        "operator_timing": 0.000068854,
                                                                                                                                                        "result_set_size": 500,
                                                                                                                                                        "children": []
                                                                                                                                                    }
                                                                                                                                                ]
                                                                                                                                            }
                                                                                                                                        ]
                                                                                                                                    }
                                                                                                                                ]
                                                                                                                            }
                                                                                                                        ]
                                                                                                                    }
                                                                                                                ]
                                                                                                            }
                                                                                                        ]
                                                                                                    },
                                                                                                    {
                                                                                                        "operator_name": "FILTER",
                                                                                                        "cpu_time": 0.0,
                                                                                                        "extra_info": {
                                                                                                            "Expression": "(c_custkey <= 2999999)",
                                                                                                            "Estimated Cardinality": "600000"
                                                                                                        },
                                                                                                        "cumulative_cardinality": 0,
                                                                                                        "operator_type": "FILTER",
                                                                                                        "operator_cardinality": 240492,
                                                                                                        "cumulative_rows_scanned": 0,
                                                                                                        "operator_rows_scanned": 0,
                                                                                                        "operator_timing": 0.0018027579999999996,
                                                                                                        "result_set_size": 5771808,
                                                                                                        "children": [
                                                                                                            {
                                                                                                                "operator_name": "HASH_JOIN",
                                                                                                                "cpu_time": 0.0,
                                                                                                                "extra_info": {
                                                                                                                    "Join Type": "INNER",
                                                                                                                    "Conditions": "c_nationkey = n_nationkey",
                                                                                                                    "Estimated Cardinality": "600000"
                                                                                                                },
                                                                                                                "cumulative_cardinality": 0,
                                                                                                                "operator_type": "HASH_JOIN",
                                                                                                                "operator_cardinality": 240492,
                                                                                                                "cumulative_rows_scanned": 0,
                                                                                                                "operator_rows_scanned": 0,
                                                                                                                "operator_timing": 0.003197624,
                                                                                                                "result_set_size": 5771808,
                                                                                                                "children": [
                                                                                                                    {
                                                                                                                        "operator_name": "READ_PARQUET ",
                                                                                                                        "cpu_time": 0.0,
                                                                                                                        "extra_info": {
                                                                                                                            "Function": "READ_PARQUET",
                                                                                                                            "Projections": [
                                                                                                                                "c_custkey",
                                                                                                                                "c_nationkey"
                                                                                                                            ],
                                                                                                                            "Estimated Cardinality": "3000000"
                                                                                                                        },
                                                                                                                        "cumulative_cardinality": 0,
                                                                                                                        "operator_type": "TABLE_SCAN",
                                                                                                                        "operator_cardinality": 240492,
                                                                                                                        "cumulative_rows_scanned": 0,
                                                                                                                        "operator_rows_scanned": 48000000,
                                                                                                                        "operator_timing": 0.149849508,
                                                                                                                        "result_set_size": 2885904,
                                                                                                                        "children": []
                                                                                                                    },
                                                                                                                    {
                                                                                                                        "operator_name": "FILTER",
                                                                                                                        "cpu_time": 0.0,
                                                                                                                        "extra_info": {
                                                                                                                            "Expression": "((n_name = 'GERMANY') OR (n_name = 'FRANCE'))",
                                                                                                                            "Estimated Cardinality": "5"
                                                                                                                        },
                                                                                                                        "cumulative_cardinality": 0,
                                                                                                                        "operator_type": "FILTER",
                                                                                                                        "operator_cardinality": 2,
                                                                                                                        "cumulative_rows_scanned": 0,
                                                                                                                        "operator_rows_scanned": 0,
                                                                                                                        "operator_timing": 0.000016875,
                                                                                                                        "result_set_size": 40,
                                                                                                                        "children": [
                                                                                                                            {
                                                                                                                                "operator_name": "READ_PARQUET ",
                                                                                                                                "cpu_time": 0.0,
                                                                                                                                "extra_info": {
                                                                                                                                    "Function": "READ_PARQUET",
                                                                                                                                    "Projections": [
                                                                                                                                        "n_nationkey",
                                                                                                                                        "n_name"
                                                                                                                                    ],
                                                                                                                                    "Filters": "optional: n_name='GERMANY' OR n_name='FRANCE'",
                                                                                                                                    "Estimated Cardinality": "25"
                                                                                                                                },
                                                                                                                                "cumulative_cardinality": 0,
                                                                                                                                "operator_type": "TABLE_SCAN",
                                                                                                                                "operator_cardinality": 25,
                                                                                                                                "cumulative_rows_scanned": 0,
                                                                                                                                "operator_rows_scanned": 25,
                                                                                                                                "operator_timing": 0.000070223,
                                                                                                                                "result_set_size": 500,
                                                                                                                                "children": []
                                                                                                                            }
                                                                                                                        ]
                                                                                                                    }
                                                                                                                ]
                                                                                                            }
                                                                                                        ]
                                                                                                    }
                                                                                                ]
                                                                                            }
                                                                                        ]
                                                                                    }
                                                                                ]
                                                                            }
                                                                        ]
                                                                    }
                                                                ]
                                                            }
                                                        ]
                                                    }
                                                ]
                                            }
                                        ]
                                    }
                                ]
                            }
                        ]
                    }
                ]
            }
        ]
    },
    "q8": {
        "rows_returned": 0,
        "query_name": "",
        "blocked_thread_time": 0.0,
        "cpu_time": 0.0,
        "extra_info": {},
        "cumulative_cardinality": 0,
        "cumulative_rows_scanned": 0,
        "result_set_size": 0,
        "latency": 0.0,
        "children": [
            {
                "operator_name": "EXPLAIN_ANALYZE",
                "cpu_time": 0.0,
                "extra_info": {},
                "cumulative_cardinality": 0,
                "operator_type": "EXPLAIN_ANALYZE",
                "operator_cardinality": 0,
                "cumulative_rows_scanned": 0,
                "operator_rows_scanned": 0,
                "operator_timing": 1.45e-7,
                "result_set_size": 0,
                "children": [
                    {
                        "operator_name": "PROJECTION",
                        "cpu_time": 0.0,
                        "extra_info": {
                            "Projections": [
                                "__internal_decompress_integral_bigint(#0, 1992)",
                                "#1"
                            ],
                            "Estimated Cardinality": "479978"
                        },
                        "cumulative_cardinality": 0,
                        "operator_type": "PROJECTION",
                        "operator_cardinality": 2,
                        "cumulative_rows_scanned": 0,
                        "operator_rows_scanned": 0,
                        "operator_timing": 5.55e-7,
                        "result_set_size": 32,
                        "children": [
                            {
                                "operator_name": "ORDER_BY",
                                "cpu_time": 0.0,
                                "extra_info": {
                                    "Order By": "all_nations.o_year ASC"
                                },
                                "cumulative_cardinality": 0,
                                "operator_type": "ORDER_BY",
                                "operator_cardinality": 2,
                                "cumulative_rows_scanned": 0,
                                "operator_rows_scanned": 0,
                                "operator_timing": 0.000015722,
                                "result_set_size": 18,
                                "children": [
                                    {
                                        "operator_name": "PROJECTION",
                                        "cpu_time": 0.0,
                                        "extra_info": {
                                            "Projections": [
                                                "__internal_compress_integral_utinyint(#0, 1992)",
                                                "#1"
                                            ],
                                            "Estimated Cardinality": "479978"
                                        },
                                        "cumulative_cardinality": 0,
                                        "operator_type": "PROJECTION",
                                        "operator_cardinality": 2,
                                        "cumulative_rows_scanned": 0,
                                        "operator_rows_scanned": 0,
                                        "operator_timing": 6.19e-7,
                                        "result_set_size": 18,
                                        "children": [
                                            {
                                                "operator_name": "PROJECTION",
                                                "cpu_time": 0.0,
                                                "extra_info": {
                                                    "Projections": [
                                                        "o_year",
                                                        "mkt_share"
                                                    ],
                                                    "Estimated Cardinality": "479978"
                                                },
                                                "cumulative_cardinality": 0,
                                                "operator_type": "PROJECTION",
                                                "operator_cardinality": 2,
                                                "cumulative_rows_scanned": 0,
                                                "operator_rows_scanned": 0,
                                                "operator_timing": 0.000011973,
                                                "result_set_size": 32,
                                                "children": [
                                                    {
                                                        "operator_name": "PROJECTION",
                                                        "cpu_time": 0.0,
                                                        "extra_info": {
                                                            "Projections": [
                                                                "__internal_decompress_integral_bigint(#0, 1992)",
                                                                "#1",
                                                                "#2"
                                                            ],
                                                            "Estimated Cardinality": "479978"
                                                        },
                                                        "cumulative_cardinality": 0,
                                                        "operator_type": "PROJECTION",
                                                        "operator_cardinality": 2,
                                                        "cumulative_rows_scanned": 0,
                                                        "operator_rows_scanned": 0,
                                                        "operator_timing": 0.000001459,
                                                        "result_set_size": 80,
                                                        "children": [
                                                            {
                                                                "operator_name": "PERFECT_HASH_GROUP_BY",
                                                                "cpu_time": 0.0,
                                                                "extra_info": {
                                                                    "Groups": "#0",
                                                                    "Aggregates": [
                                                                        "sum(#1)",
                                                                        "sum(#2)"
                                                                    ]
                                                                },
                                                                "cumulative_cardinality": 0,
                                                                "operator_type": "PERFECT_HASH_GROUP_BY",
                                                                "operator_cardinality": 2,
                                                                "cumulative_rows_scanned": 0,
                                                                "operator_rows_scanned": 0,
                                                                "operator_timing": 0.000433434,
                                                                "result_set_size": 66,
                                                                "children": [
                                                                    {
                                                                        "operator_name": "PROJECTION",
                                                                        "cpu_time": 0.0,
                                                                        "extra_info": {
                                                                            "Projections": [
                                                                                "o_year",
                                                                                "CASE  WHEN ((nation = 'BRAZIL')) THEN (volume) ELSE 0.0000 END",
                                                                                "volume"
                                                                            ],
                                                                            "Estimated Cardinality": "959956"
                                                                        },
                                                                        "cumulative_cardinality": 0,
                                                                        "operator_type": "PROJECTION",
                                                                        "operator_cardinality": 48804,
                                                                        "cumulative_rows_scanned": 0,
                                                                        "operator_rows_scanned": 0,
                                                                        "operator_timing": 0.0027501690000000007,
                                                                        "result_set_size": 829668,
                                                                        "children": [
                                                                            {
                                                                                "operator_name": "PROJECTION",
                                                                                "cpu_time": 0.0,
                                                                                "extra_info": {
                                                                                    "Projections": [
                                                                                        "__internal_compress_integral_utinyint(#0, 1992)",
                                                                                        "#1",
                                                                                        "#2"
                                                                                    ],
                                                                                    "Estimated Cardinality": "959956"
                                                                                },
                                                                                "cumulative_cardinality": 0,
                                                                                "operator_type": "PROJECTION",
                                                                                "operator_cardinality": 48804,
                                                                                "cumulative_rows_scanned": 0,
                                                                                "operator_rows_scanned": 0,
                                                                                "operator_timing": 0.000109443,
                                                                                "result_set_size": 1220100,
                                                                                "children": [
                                                                                    {
                                                                                        "operator_name": "PROJECTION",
                                                                                        "cpu_time": 0.0,
                                                                                        "extra_info": {
                                                                                            "Projections": [
                                                                                                "o_year",
                                                                                                "volume",
                                                                                                "nation"
                                                                                            ],
                                                                                            "Estimated Cardinality": "959956"
                                                                                        },
                                                                                        "cumulative_cardinality": 0,
                                                                                        "operator_type": "PROJECTION",
                                                                                        "operator_cardinality": 48804,
                                                                                        "cumulative_rows_scanned": 0,
                                                                                        "operator_rows_scanned": 0,
                                                                                        "operator_timing": 0.000735113,
                                                                                        "result_set_size": 1561728,
                                                                                        "children": [
                                                                                            {
                                                                                                "operator_name": "HASH_JOIN",
                                                                                                "cpu_time": 0.0,
                                                                                                "extra_info": {
                                                                                                    "Join Type": "INNER",
                                                                                                    "Conditions": "l_suppkey = s_suppkey",
                                                                                                    "Estimated Cardinality": "959956"
                                                                                                },
                                                                                                "cumulative_cardinality": 0,
                                                                                                "operator_type": "HASH_JOIN",
                                                                                                "operator_cardinality": 48804,
                                                                                                "cumulative_rows_scanned": 0,
                                                                                                "operator_rows_scanned": 0,
                                                                                                "operator_timing": 0.010272424000000002,
                                                                                                "result_set_size": 1756944,
                                                                                                "children": [
                                                                                                    {
                                                                                                        "operator_name": "HASH_JOIN",
                                                                                                        "cpu_time": 0.0,
                                                                                                        "extra_info": {
                                                                                                            "Join Type": "INNER",
                                                                                                            "Conditions": "l_partkey = p_partkey",
                                                                                                            "Estimated Cardinality": "959956"
                                                                                                        },
                                                                                                        "cumulative_cardinality": 0,
                                                                                                        "operator_type": "HASH_JOIN",
                                                                                                        "operator_cardinality": 48804,
                                                                                                        "cumulative_rows_scanned": 0,
                                                                                                        "operator_rows_scanned": 0,
                                                                                                        "operator_timing": 0.7032229760000004,
                                                                                                        "result_set_size": 1756944,
                                                                                                        "children": [
                                                                                                            {
                                                                                                                "operator_name": "HASH_JOIN",
                                                                                                                "cpu_time": 0.0,
                                                                                                                "extra_info": {
                                                                                                                    "Join Type": "INNER",
                                                                                                                    "Conditions": "l_orderkey = o_orderkey",
                                                                                                                    "Estimated Cardinality": "4799784"
                                                                                                                },
                                                                                                                "cumulative_cardinality": 0,
                                                                                                                "operator_type": "HASH_JOIN",
                                                                                                                "operator_cardinality": 7280430,
                                                                                                                "cumulative_rows_scanned": 0,
                                                                                                                "operator_rows_scanned": 0,
                                                                                                                "operator_timing": 7.0477150849999965,
                                                                                                                "result_set_size": 262095480,
                                                                                                                "children": [
                                                                                                                    {
                                                                                                                        "operator_name": "PROJECTION",
                                                                                                                        "cpu_time": 0.0,
                                                                                                                        "extra_info": {
                                                                                                                            "Projections": [
                                                                                                                                "__internal_compress_integral_uinteger(#0, 1)",
                                                                                                                                "#1",
                                                                                                                                "#2",
                                                                                                                                "#3",
                                                                                                                                "#4"
                                                                                                                            ],
                                                                                                                            "Estimated Cardinality": "119994608"
                                                                                                                        },
                                                                                                                        "cumulative_cardinality": 0,
                                                                                                                        "operator_type": "PROJECTION",
                                                                                                                        "operator_cardinality": 119988643,
                                                                                                                        "cumulative_rows_scanned": 0,
                                                                                                                        "operator_rows_scanned": 0,
                                                                                                                        "operator_timing": 0.15766500800000005,
                                                                                                                        "result_set_size": 4319591148,
                                                                                                                        "children": [
                                                                                                                            {
                                                                                                                                "operator_name": "READ_PARQUET ",
                                                                                                                                "cpu_time": 0.0,
                                                                                                                                "extra_info": {
                                                                                                                                    "Function": "READ_PARQUET",
                                                                                                                                    "Projections": [
                                                                                                                                        "l_orderkey",
                                                                                                                                        "l_partkey",
                                                                                                                                        "l_suppkey",
                                                                                                                                        "l_extendedprice",
                                                                                                                                        "l_discount"
                                                                                                                                    ],
                                                                                                                                    "Estimated Cardinality": "119994608"
                                                                                                                                },
                                                                                                                                "cumulative_cardinality": 0,
                                                                                                                                "operator_type": "TABLE_SCAN",
                                                                                                                                "operator_cardinality": 119988643,
                                                                                                                                "cumulative_rows_scanned": 0,
                                                                                                                                "operator_rows_scanned": 1919913728,
                                                                                                                                "operator_timing": 13.56252334000001,
                                                                                                                                "result_set_size": 4799545720,
                                                                                                                                "children": []
                                                                                                                            }
                                                                                                                        ]
                                                                                                                    },
                                                                                                                    {
                                                                                                                        "operator_name": "PROJECTION",
                                                                                                                        "cpu_time": 0.0,
                                                                                                                        "extra_info": {
                                                                                                                            "Projections": [
                                                                                                                                "__internal_compress_integral_uinteger(#0, 1)",
                                                                                                                                "#1",
                                                                                                                                "__internal_compress_integral_uinteger(#2, 1)",
                                                                                                                                "__internal_compress_integral_utinyint(#3, 0)",
                                                                                                                                "__internal_compress_integral_utinyint(#4, 0)"
                                                                                                                            ],
                                                                                                                            "Estimated Cardinality": "1200000"
                                                                                                                        },
                                                                                                                        "cumulative_cardinality": 0,
                                                                                                                        "operator_type": "PROJECTION",
                                                                                                                        "operator_cardinality": 1820613,
                                                                                                                        "cumulative_rows_scanned": 0,
                                                                                                                        "operator_rows_scanned": 0,
                                                                                                                        "operator_timing": 0.03895940099999999,
                                                                                                                        "result_set_size": 25488582,
                                                                                                                        "children": [
                                                                                                                            {
                                                                                                                                "operator_name": "HASH_JOIN",
                                                                                                                                "cpu_time": 0.0,
                                                                                                                                "extra_info": {
                                                                                                                                    "Join Type": "INNER",
                                                                                                                                    "Conditions": "o_custkey = c_custkey",
                                                                                                                                    "Estimated Cardinality": "1200000"
                                                                                                                                },
                                                                                                                                "cumulative_cardinality": 0,
                                                                                                                                "operator_type": "HASH_JOIN",
                                                                                                                                "operator_cardinality": 1820613,
                                                                                                                                "cumulative_rows_scanned": 0,
                                                                                                                                "operator_rows_scanned": 0,
                                                                                                                                "operator_timing": 1.228903082,
                                                                                                                                "result_set_size": 50977164,
                                                                                                                                "children": [
                                                                                                                                    {
                                                                                                                                        "operator_name": "READ_PARQUET ",
                                                                                                                                        "cpu_time": 0.0,
                                                                                                                                        "extra_info": {
                                                                                                                                            "Function": "READ_PARQUET",
                                                                                                                                            "Projections": [
                                                                                                                                                "o_orderkey",
                                                                                                                                                "o_custkey",
                                                                                                                                                "o_orderdate"
                                                                                                                                            ],
                                                                                                                                            "Filters": "o_orderdate>='1995-01-01'::DATE AND o_orderdate<='1996-12-31'::DATE",
                                                                                                                                            "Estimated Cardinality": "6000000"
                                                                                                                                        },
                                                                                                                                        "cumulative_cardinality": 0,
                                                                                                                                        "operator_type": "TABLE_SCAN",
                                                                                                                                        "operator_cardinality": 9116464,
                                                                                                                                        "cumulative_rows_scanned": 0,
                                                                                                                                        "operator_rows_scanned": 480000000,
                                                                                                                                        "operator_timing": 2.1717778300000004,
                                                                                                                                        "result_set_size": 182329280,
                                                                                                                                        "children": []
                                                                                                                                    },
                                                                                                                                    {
                                                                                                                                        "operator_name": "FILTER",
                                                                                                                                        "cpu_time": 0.0,
                                                                                                                                        "extra_info": {
                                                                                                                                            "Expression": "(c_custkey <= 2999999)",
                                                                                                                                            "Estimated Cardinality": "600000"
                                                                                                                                        },
                                                                                                                                        "cumulative_cardinality": 0,
                                                                                                                                        "operator_type": "FILTER",
                                                                                                                                        "operator_cardinality": 599689,
                                                                                                                                        "cumulative_rows_scanned": 0,
                                                                                                                                        "operator_rows_scanned": 0,
                                                                                                                                        "operator_timing": 0.0027197359999999995,
                                                                                                                                        "result_set_size": 9595024,
                                                                                                                                        "children": [
                                                                                                                                            {
                                                                                                                                                "operator_name": "HASH_JOIN",
                                                                                                                                                "cpu_time": 0.0,
                                                                                                                                                "extra_info": {
                                                                                                                                                    "Join Type": "INNER",
                                                                                                                                                    "Conditions": "c_nationkey = n_nationkey",
                                                                                                                                                    "Estimated Cardinality": "600000"
                                                                                                                                                },
                                                                                                                                                "cumulative_cardinality": 0,
                                                                                                                                                "operator_type": "HASH_JOIN",
                                                                                                                                                "operator_cardinality": 599689,
                                                                                                                                                "cumulative_rows_scanned": 0,
                                                                                                                                                "operator_rows_scanned": 0,
                                                                                                                                                "operator_timing": 0.014716393,
                                                                                                                                                "result_set_size": 9595024,
                                                                                                                                                "children": [
                                                                                                                                                    {
                                                                                                                                                        "operator_name": "READ_PARQUET ",
                                                                                                                                                        "cpu_time": 0.0,
                                                                                                                                                        "extra_info": {
                                                                                                                                                            "Function": "READ_PARQUET",
                                                                                                                                                            "Projections": [
                                                                                                                                                                "c_custkey",
                                                                                                                                                                "c_nationkey"
                                                                                                                                                            ],
                                                                                                                                                            "Estimated Cardinality": "3000000"
                                                                                                                                                        },
                                                                                                                                                        "cumulative_cardinality": 0,
                                                                                                                                                        "operator_type": "TABLE_SCAN",
                                                                                                                                                        "operator_cardinality": 2880145,
                                                                                                                                                        "cumulative_rows_scanned": 0,
                                                                                                                                                        "operator_rows_scanned": 48000000,
                                                                                                                                                        "operator_timing": 0.140951666,
                                                                                                                                                        "result_set_size": 34561740,
                                                                                                                                                        "children": []
                                                                                                                                                    },
                                                                                                                                                    {
                                                                                                                                                        "operator_name": "HASH_JOIN",
                                                                                                                                                        "cpu_time": 0.0,
                                                                                                                                                        "extra_info": {
                                                                                                                                                            "Join Type": "INNER",
                                                                                                                                                            "Conditions": "n_regionkey = r_regionkey",
                                                                                                                                                            "Estimated Cardinality": "5"
                                                                                                                                                        },
                                                                                                                                                        "cumulative_cardinality": 0,
                                                                                                                                                        "operator_type": "HASH_JOIN",
                                                                                                                                                        "operator_cardinality": 5,
                                                                                                                                                        "cumulative_rows_scanned": 0,
                                                                                                                                                        "operator_rows_scanned": 0,
                                                                                                                                                        "operator_timing": 0.00003785,
                                                                                                                                                        "result_set_size": 40,
                                                                                                                                                        "children": [
                                                                                                                                                            {
                                                                                                                                                                "operator_name": "READ_PARQUET ",
                                                                                                                                                                "cpu_time": 0.0,
                                                                                                                                                                "extra_info": {
                                                                                                                                                                    "Function": "READ_PARQUET",
                                                                                                                                                                    "Projections": [
                                                                                                                                                                        "n_nationkey",
                                                                                                                                                                        "n_regionkey"
                                                                                                                                                                    ],
                                                                                                                                                                    "Estimated Cardinality": "25"
                                                                                                                                                                },
                                                                                                                                                                "cumulative_cardinality": 0,
                                                                                                                                                                "operator_type": "TABLE_SCAN",
                                                                                                                                                                "operator_cardinality": 5,
                                                                                                                                                                "cumulative_rows_scanned": 0,
                                                                                                                                                                "operator_rows_scanned": 25,
                                                                                                                                                                "operator_timing": 0.00007650900000000001,
                                                                                                                                                                "result_set_size": 40,
                                                                                                                                                                "children": []
                                                                                                                                                            },
                                                                                                                                                            {
                                                                                                                                                                "operator_name": "READ_PARQUET ",
                                                                                                                                                                "cpu_time": 0.0,
                                                                                                                                                                "extra_info": {
                                                                                                                                                                    "Function": "READ_PARQUET",
                                                                                                                                                                    "Projections": "r_regionkey",
                                                                                                                                                                    "Filters": "r_name='AMERICA'",
                                                                                                                                                                    "Estimated Cardinality": "1"
                                                                                                                                                                },
                                                                                                                                                                "cumulative_cardinality": 0,
                                                                                                                                                                "operator_type": "TABLE_SCAN",
                                                                                                                                                                "operator_cardinality": 1,
                                                                                                                                                                "cumulative_rows_scanned": 0,
                                                                                                                                                                "operator_rows_scanned": 5,
                                                                                                                                                                "operator_timing": 0.000071005,
                                                                                                                                                                "result_set_size": 4,
                                                                                                                                                                "children": []
                                                                                                                                                            }
                                                                                                                                                        ]
                                                                                                                                                    }
                                                                                                                                                ]
                                                                                                                                            }
                                                                                                                                        ]
                                                                                                                                    }
                                                                                                                                ]
                                                                                                                            }
                                                                                                                        ]
                                                                                                                    }
                                                                                                                ]
                                                                                                            },
                                                                                                            {
                                                                                                                "operator_name": "READ_PARQUET ",
                                                                                                                "cpu_time": 0.0,
                                                                                                                "extra_info": {
                                                                                                                    "Function": "READ_PARQUET",
                                                                                                                    "Projections": "p_partkey",
                                                                                                                    "Filters": "p_type='ECONOMY ANODIZED STEEL'",
                                                                                                                    "Estimated Cardinality": "800000"
                                                                                                                },
                                                                                                                "cumulative_cardinality": 0,
                                                                                                                "operator_type": "TABLE_SCAN",
                                                                                                                "operator_cardinality": 26819,
                                                                                                                "cumulative_rows_scanned": 0,
                                                                                                                "operator_rows_scanned": 64000000,
                                                                                                                "operator_timing": 0.17804010399999995,
                                                                                                                "result_set_size": 214552,
                                                                                                                "children": []
                                                                                                            }
                                                                                                        ]
                                                                                                    },
                                                                                                    {
                                                                                                        "operator_name": "HASH_JOIN",
                                                                                                        "cpu_time": 0.0,
                                                                                                        "extra_info": {
                                                                                                            "Join Type": "INNER",
                                                                                                            "Conditions": "s_nationkey = n_nationkey",
                                                                                                            "Estimated Cardinality": "200000"
                                                                                                        },
                                                                                                        "cumulative_cardinality": 0,
                                                                                                        "operator_type": "HASH_JOIN",
                                                                                                        "operator_cardinality": 200000,
                                                                                                        "cumulative_rows_scanned": 0,
                                                                                                        "operator_rows_scanned": 0,
                                                                                                        "operator_timing": 0.0009512389999999999,
                                                                                                        "result_set_size": 4800000,
                                                                                                        "children": [
                                                                                                            {
                                                                                                                "operator_name": "READ_PARQUET ",
                                                                                                                "cpu_time": 0.0,
                                                                                                                "extra_info": {
                                                                                                                    "Function": "READ_PARQUET",
                                                                                                                    "Projections": [
                                                                                                                        "s_suppkey",
                                                                                                                        "s_nationkey"
                                                                                                                    ],
                                                                                                                    "Estimated Cardinality": "200000"
                                                                                                                },
                                                                                                                "cumulative_cardinality": 0,
                                                                                                                "operator_type": "TABLE_SCAN",
                                                                                                                "operator_cardinality": 200000,
                                                                                                                "cumulative_rows_scanned": 0,
                                                                                                                "operator_rows_scanned": 400000,
                                                                                                                "operator_timing": 0.008277418000000002,
                                                                                                                "result_set_size": 2400000,
                                                                                                                "children": []
                                                                                                            },
                                                                                                            {
                                                                                                                "operator_name": "READ_PARQUET ",
                                                                                                                "cpu_time": 0.0,
                                                                                                                "extra_info": {
                                                                                                                    "Function": "READ_PARQUET",
                                                                                                                    "Projections": [
                                                                                                                        "n_nationkey",
                                                                                                                        "n_name"
                                                                                                                    ],
                                                                                                                    "Estimated Cardinality": "25"
                                                                                                                },
                                                                                                                "cumulative_cardinality": 0,
                                                                                                                "operator_type": "TABLE_SCAN",
                                                                                                                "operator_cardinality": 25,
                                                                                                                "cumulative_rows_scanned": 0,
                                                                                                                "operator_rows_scanned": 25,
                                                                                                                "operator_timing": 0.000323995,
                                                                                                                "result_set_size": 500,
                                                                                                                "children": []
                                                                                                            }
                                                                                                        ]
                                                                                                    }
                                                                                                ]
                                                                                            }
                                                                                        ]
                                                                                    }
                                                                                ]
                                                                            }
                                                                        ]
                                                                    }
                                                                ]
                                                            }
                                                        ]
                                                    }
                                                ]
                                            }
                                        ]
                                    }
                                ]
                            }
                        ]
                    }
                ]
            }
        ]
    },
    "q9": {
        "rows_returned": 0,
        "query_name": "",
        "blocked_thread_time": 0.0,
        "cpu_time": 0.0,
        "extra_info": {},
        "cumulative_cardinality": 0,
        "cumulative_rows_scanned": 0,
        "result_set_size": 0,
        "latency": 0.0,
        "children": [
            {
                "operator_name": "EXPLAIN_ANALYZE",
                "cpu_time": 0.0,
                "extra_info": {},
                "cumulative_cardinality": 0,
                "operator_type": "EXPLAIN_ANALYZE",
                "operator_cardinality": 0,
                "cumulative_rows_scanned": 0,
                "operator_rows_scanned": 0,
                "operator_timing": 0.0000016379999999999998,
                "result_set_size": 0,
                "children": [
                    {
                        "operator_name": "PROJECTION",
                        "cpu_time": 0.0,
                        "extra_info": {
                            "Projections": [
                                "#0",
                                "__internal_decompress_integral_bigint(#1, 1992)",
                                "#2"
                            ],
                            "Estimated Cardinality": "4000000"
                        },
                        "cumulative_cardinality": 0,
                        "operator_type": "PROJECTION",
                        "operator_cardinality": 175,
                        "cumulative_rows_scanned": 0,
                        "operator_rows_scanned": 0,
                        "operator_timing": 0.000012190000000000002,
                        "result_set_size": 7000,
                        "children": [
                            {
                                "operator_name": "ORDER_BY",
                                "cpu_time": 0.0,
                                "extra_info": {
                                    "Order By": [
                                        "profit.nation ASC",
                                        "profit.o_year DESC"
                                    ]
                                },
                                "cumulative_cardinality": 0,
                                "operator_type": "ORDER_BY",
                                "operator_cardinality": 175,
                                "cumulative_rows_scanned": 0,
                                "operator_rows_scanned": 0,
                                "operator_timing": 0.013837788999999998,
                                "result_set_size": 5775,
                                "children": [
                                    {
                                        "operator_name": "PROJECTION",
                                        "cpu_time": 0.0,
                                        "extra_info": {
                                            "Projections": [
                                                "#0",
                                                "__internal_compress_integral_utinyint(#1, 1992)",
                                                "#2"
                                            ],
                                            "Estimated Cardinality": "4000000"
                                        },
                                        "cumulative_cardinality": 0,
                                        "operator_type": "PROJECTION",
                                        "operator_cardinality": 175,
                                        "cumulative_rows_scanned": 0,
                                        "operator_rows_scanned": 0,
                                        "operator_timing": 0.000015814,
                                        "result_set_size": 5775,
                                        "children": [
                                            {
                                                "operator_name": "PROJECTION",
                                                "cpu_time": 0.0,
                                                "extra_info": {
                                                    "Projections": [
                                                        "#0",
                                                        "__internal_decompress_integral_bigint(#1, 1992)",
                                                        "#2"
                                                    ],
                                                    "Estimated Cardinality": "4000000"
                                                },
                                                "cumulative_cardinality": 0,
                                                "operator_type": "PROJECTION",
                                                "operator_cardinality": 175,
                                                "cumulative_rows_scanned": 0,
                                                "operator_rows_scanned": 0,
                                                "operator_timing": 0.000033,
                                                "result_set_size": 7000,
                                                "children": [
                                                    {
                                                        "operator_name": "HASH_GROUP_BY",
                                                        "cpu_time": 0.0,
                                                        "extra_info": {
                                                            "Groups": [
                                                                "#0",
                                                                "#1"
                                                            ],
                                                            "Aggregates": "sum(#2)",
                                                            "Estimated Cardinality": "4000000"
                                                        },
                                                        "cumulative_cardinality": 0,
                                                        "operator_type": "HASH_GROUP_BY",
                                                        "operator_cardinality": 175,
                                                        "cumulative_rows_scanned": 0,
                                                        "operator_rows_scanned": 0,
                                                        "operator_timing": 0.7032204499999997,
                                                        "result_set_size": 5775,
                                                        "children": [
                                                            {
                                                                "operator_name": "PROJECTION",
                                                                "cpu_time": 0.0,
                                                                "extra_info": {
                                                                    "Projections": [
                                                                        "nation",
                                                                        "o_year",
                                                                        "amount"
                                                                    ],
                                                                    "Estimated Cardinality": "95995686"
                                                                },
                                                                "cumulative_cardinality": 0,
                                                                "operator_type": "PROJECTION",
                                                                "operator_cardinality": 6521328,
                                                                "cumulative_rows_scanned": 0,
                                                                "operator_rows_scanned": 0,
                                                                "operator_timing": 0.017533477000000006,
                                                                "result_set_size": 163033200,
                                                                "children": [
                                                                    {
                                                                        "operator_name": "PROJECTION",
                                                                        "cpu_time": 0.0,
                                                                        "extra_info": {
                                                                            "Projections": [
                                                                                "#0",
                                                                                "__internal_compress_integral_utinyint(#1, 1992)",
                                                                                "#2"
                                                                            ],
                                                                            "Estimated Cardinality": "95995686"
                                                                        },
                                                                        "cumulative_cardinality": 0,
                                                                        "operator_type": "PROJECTION",
                                                                        "operator_cardinality": 6521328,
                                                                        "cumulative_rows_scanned": 0,
                                                                        "operator_rows_scanned": 0,
                                                                        "operator_timing": 0.055186027999999956,
                                                                        "result_set_size": 163033200,
                                                                        "children": [
                                                                            {
                                                                                "operator_name": "PROJECTION",
                                                                                "cpu_time": 0.0,
                                                                                "extra_info": {
                                                                                    "Projections": [
                                                                                        "nation",
                                                                                        "o_year",
                                                                                        "amount"
                                                                                    ],
                                                                                    "Estimated Cardinality": "95995686"
                                                                                },
                                                                                "cumulative_cardinality": 0,
                                                                                "operator_type": "PROJECTION",
                                                                                "operator_cardinality": 6521328,
                                                                                "cumulative_rows_scanned": 0,
                                                                                "operator_rows_scanned": 0,
                                                                                "operator_timing": 0.3714143530000001,
                                                                                "result_set_size": 208682496,
                                                                                "children": [
                                                                                    {
                                                                                        "operator_name": "HASH_JOIN",
                                                                                        "cpu_time": 0.0,
                                                                                        "extra_info": {
                                                                                            "Join Type": "INNER",
                                                                                            "Conditions": [
                                                                                                "p_partkey = ps_partkey",
                                                                                                "l_suppkey = ps_suppkey"
                                                                                            ],
                                                                                            "Estimated Cardinality": "95995686"
                                                                                        },
                                                                                        "cumulative_cardinality": 0,
                                                                                        "operator_type": "HASH_JOIN",
                                                                                        "operator_cardinality": 6521328,
                                                                                        "cumulative_rows_scanned": 0,
                                                                                        "operator_rows_scanned": 0,
                                                                                        "operator_timing": 9.114698582999997,
                                                                                        "result_set_size": 339109056,
                                                                                        "children": [
                                                                                            {
                                                                                                "operator_name": "PROJECTION",
                                                                                                "cpu_time": 0.0,
                                                                                                "extra_info": {
                                                                                                    "Projections": [
                                                                                                        "#4",
                                                                                                        "#0",
                                                                                                        "#1",
                                                                                                        "#2",
                                                                                                        "#3",
                                                                                                        "#5"
                                                                                                    ],
                                                                                                    "Estimated Cardinality": "23998921"
                                                                                                },
                                                                                                "cumulative_cardinality": 0,
                                                                                                "operator_type": "PROJECTION",
                                                                                                "operator_cardinality": 6521328,
                                                                                                "cumulative_rows_scanned": 0,
                                                                                                "operator_rows_scanned": 0,
                                                                                                "operator_timing": 0.03313314899999998,
                                                                                                "result_set_size": 286938432,
                                                                                                "children": [
                                                                                                    {
                                                                                                        "operator_name": "HASH_JOIN",
                                                                                                        "cpu_time": 0.0,
                                                                                                        "extra_info": {
                                                                                                            "Join Type": "INNER",
                                                                                                            "Conditions": "l_orderkey = o_orderkey",
                                                                                                            "Estimated Cardinality": "23998921"
                                                                                                        },
                                                                                                        "cumulative_cardinality": 0,
                                                                                                        "operator_type": "HASH_JOIN",
                                                                                                        "operator_cardinality": 6521328,
                                                                                                        "cumulative_rows_scanned": 0,
                                                                                                        "operator_rows_scanned": 0,
                                                                                                        "operator_timing": 9.777743272999999,
                                                                                                        "result_set_size": 286938432,
                                                                                                        "children": [
                                                                                                            {
                                                                                                                "operator_name": "PROJECTION",
                                                                                                                "cpu_time": 0.0,
                                                                                                                "extra_info": {
                                                                                                                    "Projections": [
                                                                                                                        "__internal_compress_integral_uinteger(#0, 1)",
                                                                                                                        "#1",
                                                                                                                        "#2",
                                                                                                                        "#3",
                                                                                                                        "#4",
                                                                                                                        "#5"
                                                                                                                    ],
                                                                                                                    "Estimated Cardinality": "23998921"
                                                                                                                },
                                                                                                                "cumulative_cardinality": 0,
                                                                                                                "operator_type": "PROJECTION",
                                                                                                                "operator_cardinality": 6521328,
                                                                                                                "cumulative_rows_scanned": 0,
                                                                                                                "operator_rows_scanned": 0,
                                                                                                                "operator_timing": 0.11410607400000006,
                                                                                                                "result_set_size": 286938432,
                                                                                                                "children": [
                                                                                                                    {
                                                                                                                        "operator_name": "HASH_JOIN",
                                                                                                                        "cpu_time": 0.0,
                                                                                                                        "extra_info": {
                                                                                                                            "Join Type": "INNER",
                                                                                                                            "Conditions": "l_partkey = p_partkey",
                                                                                                                            "Estimated Cardinality": "23998921"
                                                                                                                        },
                                                                                                                        "cumulative_cardinality": 0,
                                                                                                                        "operator_type": "HASH_JOIN",
                                                                                                                        "operator_cardinality": 6521328,
                                                                                                                        "cumulative_rows_scanned": 0,
                                                                                                                        "operator_rows_scanned": 0,
                                                                                                                        "operator_timing": 5.864575436999999,
                                                                                                                        "result_set_size": 313023744,
                                                                                                                        "children": [
                                                                                                                            {
                                                                                                                                "operator_name": "READ_PARQUET ",
                                                                                                                                "cpu_time": 0.0,
                                                                                                                                "extra_info": {
                                                                                                                                    "Function": "READ_PARQUET",
                                                                                                                                    "Projections": [
                                                                                                                                        "l_orderkey",
                                                                                                                                        "l_partkey",
                                                                                                                                        "l_suppkey",
                                                                                                                                        "l_quantity",
                                                                                                                                        "l_extendedprice",
                                                                                                                                        "l_discount"
                                                                                                                                    ],
                                                                                                                                    "Estimated Cardinality": "119994608"
                                                                                                                                },
                                                                                                                                "cumulative_cardinality": 0,
                                                                                                                                "operator_type": "TABLE_SCAN",
                                                                                                                                "operator_cardinality": 119993988,
                                                                                                                                "cumulative_rows_scanned": 0,
                                                                                                                                "operator_rows_scanned": 1919913728,
                                                                                                                                "operator_timing": 13.675881844000001,
                                                                                                                                "result_set_size": 5759711424,
                                                                                                                                "children": []
                                                                                                                            },
                                                                                                                            {
                                                                                                                                "operator_name": "PROJECTION",
                                                                                                                                "cpu_time": 0.0,
                                                                                                                                "extra_info": {
                                                                                                                                    "Projections": "#0",
                                                                                                                                    "Estimated Cardinality": "800000"
                                                                                                                                },
                                                                                                                                "cumulative_cardinality": 0,
                                                                                                                                "operator_type": "PROJECTION",
                                                                                                                                "operator_cardinality": 217392,
                                                                                                                                "cumulative_rows_scanned": 0,
                                                                                                                                "operator_rows_scanned": 0,
                                                                                                                                "operator_timing": 0.00042667000000000003,
                                                                                                                                "result_set_size": 1739136,
                                                                                                                                "children": [
                                                                                                                                    {
                                                                                                                                        "operator_name": "FILTER",
                                                                                                                                        "cpu_time": 0.0,
                                                                                                                                        "extra_info": {
                                                                                                                                            "Expression": "contains(p_name, 'green')",
                                                                                                                                            "Estimated Cardinality": "800000"
                                                                                                                                        },
                                                                                                                                        "cumulative_cardinality": 0,
                                                                                                                                        "operator_type": "FILTER",
                                                                                                                                        "operator_cardinality": 217392,
                                                                                                                                        "cumulative_rows_scanned": 0,
                                                                                                                                        "operator_rows_scanned": 0,
                                                                                                                                        "operator_timing": 0.11604069499999999,
                                                                                                                                        "result_set_size": 5217408,
                                                                                                                                        "children": [
                                                                                                                                            {
                                                                                                                                                "operator_name": "READ_PARQUET ",
                                                                                                                                                "cpu_time": 0.0,
                                                                                                                                                "extra_info": {
                                                                                                                                                    "Function": "READ_PARQUET",
                                                                                                                                                    "Projections": [
                                                                                                                                                        "p_partkey",
                                                                                                                                                        "p_name"
                                                                                                                                                    ],
                                                                                                                                                    "Estimated Cardinality": "4000000"
                                                                                                                                                },
                                                                                                                                                "cumulative_cardinality": 0,
                                                                                                                                                "operator_type": "TABLE_SCAN",
                                                                                                                                                "operator_cardinality": 4000000,
                                                                                                                                                "cumulative_rows_scanned": 0,
                                                                                                                                                "operator_rows_scanned": 64000000,
                                                                                                                                                "operator_timing": 0.69040166,
                                                                                                                                                "result_set_size": 96000000,
                                                                                                                                                "children": []
                                                                                                                                            }
                                                                                                                                        ]
                                                                                                                                    }
                                                                                                                                ]
                                                                                                                            }
                                                                                                                        ]
                                                                                                                    }
                                                                                                                ]
                                                                                                            },
                                                                                                            {
                                                                                                                "operator_name": "PROJECTION",
                                                                                                                "cpu_time": 0.0,
                                                                                                                "extra_info": {
                                                                                                                    "Projections": [
                                                                                                                        "__internal_compress_integral_uinteger(#0, 1)",
                                                                                                                        "#1"
                                                                                                                    ],
                                                                                                                    "Estimated Cardinality": "30000000"
                                                                                                                },
                                                                                                                "cumulative_cardinality": 0,
                                                                                                                "operator_type": "PROJECTION",
                                                                                                                "operator_cardinality": 30000000,
                                                                                                                "cumulative_rows_scanned": 0,
                                                                                                                "operator_rows_scanned": 0,
                                                                                                                "operator_timing": 0.020885035999999996,
                                                                                                                "result_set_size": 240000000,
                                                                                                                "children": [
                                                                                                                    {
                                                                                                                        "operator_name": "READ_PARQUET ",
                                                                                                                        "cpu_time": 0.0,
                                                                                                                        "extra_info": {
                                                                                                                            "Function": "READ_PARQUET",
                                                                                                                            "Projections": [
                                                                                                                                "o_orderkey",
                                                                                                                                "o_orderdate"
                                                                                                                            ],
                                                                                                                            "Estimated Cardinality": "30000000"
                                                                                                                        },
                                                                                                                        "cumulative_cardinality": 0,
                                                                                                                        "operator_type": "TABLE_SCAN",
                                                                                                                        "operator_cardinality": 30000000,
                                                                                                                        "cumulative_rows_scanned": 0,
                                                                                                                        "operator_rows_scanned": 480000000,
                                                                                                                        "operator_timing": 1.2269595500000003,
                                                                                                                        "result_set_size": 360000000,
                                                                                                                        "children": []
                                                                                                                    }
                                                                                                                ]
                                                                                                            }
                                                                                                        ]
                                                                                                    }
                                                                                                ]
                                                                                            },
                                                                                            {
                                                                                                "operator_name": "HASH_JOIN",
                                                                                                "cpu_time": 0.0,
                                                                                                "extra_info": {
                                                                                                    "Join Type": "INNER",
                                                                                                    "Conditions": "ps_suppkey = s_suppkey",
                                                                                                    "Estimated Cardinality": "16000000"
                                                                                                },
                                                                                                "cumulative_cardinality": 0,
                                                                                                "operator_type": "HASH_JOIN",
                                                                                                "operator_cardinality": 16000000,
                                                                                                "cumulative_rows_scanned": 0,
                                                                                                "operator_rows_scanned": 0,
                                                                                                "operator_timing": 0.08335873600000002,
                                                                                                "result_set_size": 640000000,
                                                                                                "children": [
                                                                                                    {
                                                                                                        "operator_name": "READ_PARQUET ",
                                                                                                        "cpu_time": 0.0,
                                                                                                        "extra_info": {
                                                                                                            "Function": "READ_PARQUET",
                                                                                                            "Projections": [
                                                                                                                "ps_partkey",
                                                                                                                "ps_suppkey",
                                                                                                                "ps_supplycost"
                                                                                                            ],
                                                                                                            "Estimated Cardinality": "16000000"
                                                                                                        },
                                                                                                        "cumulative_cardinality": 0,
                                                                                                        "operator_type": "TABLE_SCAN",
                                                                                                        "operator_cardinality": 16000000,
                                                                                                        "cumulative_rows_scanned": 0,
                                                                                                        "operator_rows_scanned": 256000000,
                                                                                                        "operator_timing": 1.3943259770000005,
                                                                                                        "result_set_size": 384000000,
                                                                                                        "children": []
                                                                                                    },
                                                                                                    {
                                                                                                        "operator_name": "HASH_JOIN",
                                                                                                        "cpu_time": 0.0,
                                                                                                        "extra_info": {
                                                                                                            "Join Type": "INNER",
                                                                                                            "Conditions": "s_nationkey = n_nationkey",
                                                                                                            "Estimated Cardinality": "200000"
                                                                                                        },
                                                                                                        "cumulative_cardinality": 0,
                                                                                                        "operator_type": "HASH_JOIN",
                                                                                                        "operator_cardinality": 200000,
                                                                                                        "cumulative_rows_scanned": 0,
                                                                                                        "operator_rows_scanned": 0,
                                                                                                        "operator_timing": 0.00044857599999999996,
                                                                                                        "result_set_size": 4800000,
                                                                                                        "children": [
                                                                                                            {
                                                                                                                "operator_name": "READ_PARQUET ",
                                                                                                                "cpu_time": 0.0,
                                                                                                                "extra_info": {
                                                                                                                    "Function": "READ_PARQUET",
                                                                                                                    "Projections": [
                                                                                                                        "s_suppkey",
                                                                                                                        "s_nationkey"
                                                                                                                    ],
                                                                                                                    "Estimated Cardinality": "200000"
                                                                                                                },
                                                                                                                "cumulative_cardinality": 0,
                                                                                                                "operator_type": "TABLE_SCAN",
                                                                                                                "operator_cardinality": 200000,
                                                                                                                "cumulative_rows_scanned": 0,
                                                                                                                "operator_rows_scanned": 400000,
                                                                                                                "operator_timing": 0.004939763,
                                                                                                                "result_set_size": 2400000,
                                                                                                                "children": []
                                                                                                            },
                                                                                                            {
                                                                                                                "operator_name": "READ_PARQUET ",
                                                                                                                "cpu_time": 0.0,
                                                                                                                "extra_info": {
                                                                                                                    "Function": "READ_PARQUET",
                                                                                                                    "Projections": [
                                                                                                                        "n_nationkey",
                                                                                                                        "n_name"
                                                                                                                    ],
                                                                                                                    "Estimated Cardinality": "25"
                                                                                                                },
                                                                                                                "cumulative_cardinality": 0,
                                                                                                                "operator_type": "TABLE_SCAN",
                                                                                                                "operator_cardinality": 25,
                                                                                                                "cumulative_rows_scanned": 0,
                                                                                                                "operator_rows_scanned": 25,
                                                                                                                "operator_timing": 0.000072648,
                                                                                                                "result_set_size": 500,
                                                                                                                "children": []
                                                                                                            }
                                                                                                        ]
                                                                                                    }
                                                                                                ]
                                                                                            }
                                                                                        ]
                                                                                    }
                                                                                ]
                                                                            }
                                                                        ]
                                                                    }
                                                                ]
                                                            }
                                                        ]
                                                    }
                                                ]
                                            }
                                        ]
                                    }
                                ]
                            }
                        ]
                    }
                ]
            }
        ]
    },
    "q10": {
        "rows_returned": 0,
        "query_name": "",
        "blocked_thread_time": 0.0,
        "cpu_time": 0.0,
        "extra_info": {},
        "cumulative_cardinality": 0,
        "cumulative_rows_scanned": 0,
        "result_set_size": 0,
        "latency": 0.0,
        "children": [
            {
                "operator_name": "EXPLAIN_ANALYZE",
                "cpu_time": 0.0,
                "extra_info": {},
                "cumulative_cardinality": 0,
                "operator_type": "EXPLAIN_ANALYZE",
                "operator_cardinality": 0,
                "cumulative_rows_scanned": 0,
                "operator_rows_scanned": 0,
                "operator_timing": 2.47e-7,
                "result_set_size": 0,
                "children": [
                    {
                        "operator_name": "TOP_N",
                        "cpu_time": 0.0,
                        "extra_info": {
                            "Top": "20",
                            "Order By": "sum((tpch20.main.lineitem.l_extendedprice * (1 - tpch20.main.lineitem.l_discount))) DESC"
                        },
                        "cumulative_cardinality": 0,
                        "operator_type": "TOP_N",
                        "operator_cardinality": 20,
                        "cumulative_rows_scanned": 0,
                        "operator_rows_scanned": 0,
                        "operator_timing": 0.009065851,
                        "result_set_size": 2240,
                        "children": [
                            {
                                "operator_name": "PROJECTION",
                                "cpu_time": 0.0,
                                "extra_info": {
                                    "Projections": [
                                        "c_custkey",
                                        "c_name",
                                        "revenue",
                                        "c_acctbal",
                                        "n_name",
                                        "c_address",
                                        "c_phone",
                                        "c_comment"
                                    ],
                                    "Estimated Cardinality": "3000000"
                                },
                                "cumulative_cardinality": 0,
                                "operator_type": "PROJECTION",
                                "operator_cardinality": 763483,
                                "cumulative_rows_scanned": 0,
                                "operator_rows_scanned": 0,
                                "operator_timing": 0.000504844,
                                "result_set_size": 85510096,
                                "children": [
                                    {
                                        "operator_name": "PROJECTION",
                                        "cpu_time": 0.0,
                                        "extra_info": {
                                            "Projections": [
                                                "__internal_decompress_integral_bigint(#0, 1)",
                                                "#1",
                                                "#2",
                                                "#3",
                                                "#4",
                                                "#5",
                                                "#6",
                                                "#7"
                                            ],
                                            "Estimated Cardinality": "3000000"
                                        },
                                        "cumulative_cardinality": 0,
                                        "operator_type": "PROJECTION",
                                        "operator_cardinality": 763483,
                                        "cumulative_rows_scanned": 0,
                                        "operator_rows_scanned": 0,
                                        "operator_timing": 0.0024493190000000006,
                                        "result_set_size": 85510096,
                                        "children": [
                                            {
                                                "operator_name": "HASH_GROUP_BY",
                                                "cpu_time": 0.0,
                                                "extra_info": {
                                                    "Groups": [
                                                        "#0",
                                                        "#1",
                                                        "#2",
                                                        "#3",
                                                        "#4",
                                                        "#5",
                                                        "#6"
                                                    ],
                                                    "Aggregates": "sum(#7)",
                                                    "Estimated Cardinality": "3000000"
                                                },
                                                "cumulative_cardinality": 0,
                                                "operator_type": "HASH_GROUP_BY",
                                                "operator_cardinality": 763483,
                                                "cumulative_rows_scanned": 0,
                                                "operator_rows_scanned": 0,
                                                "operator_timing": 2.6197234290000004,
                                                "result_set_size": 82456164,
                                                "children": [
                                                    {
                                                        "operator_name": "PROJECTION",
                                                        "cpu_time": 0.0,
                                                        "extra_info": {
                                                            "Projections": [
                                                                "c_custkey",
                                                                "c_name",
                                                                "c_acctbal",
                                                                "c_phone",
                                                                "n_name",
                                                                "c_address",
                                                                "c_comment",
                                                                "(l_extendedprice * (1.00 - l_discount))"
                                                            ],
                                                            "Estimated Cardinality": "4799784"
                                                        },
                                                        "cumulative_cardinality": 0,
                                                        "operator_type": "PROJECTION",
                                                        "operator_cardinality": 2290399,
                                                        "cumulative_rows_scanned": 0,
                                                        "operator_rows_scanned": 0,
                                                        "operator_timing": 0.01656705,
                                                        "result_set_size": 229039900,
                                                        "children": [
                                                            {
                                                                "operator_name": "PROJECTION",
                                                                "cpu_time": 0.0,
                                                                "extra_info": {
                                                                    "Projections": [
                                                                        "__internal_compress_integral_uinteger(#0, 1)",
                                                                        "#1",
                                                                        "#2",
                                                                        "#3",
                                                                        "#4",
                                                                        "#5",
                                                                        "#6",
                                                                        "#7",
                                                                        "#8"
                                                                    ],
                                                                    "Estimated Cardinality": "4799784"
                                                                },
                                                                "cumulative_cardinality": 0,
                                                                "operator_type": "PROJECTION",
                                                                "operator_cardinality": 2290399,
                                                                "cumulative_rows_scanned": 0,
                                                                "operator_rows_scanned": 0,
                                                                "operator_timing": 0.007306782999999999,
                                                                "result_set_size": 247363092,
                                                                "children": [
                                                                    {
                                                                        "operator_name": "PROJECTION",
                                                                        "cpu_time": 0.0,
                                                                        "extra_info": {
                                                                            "Projections": [
                                                                                "__internal_decompress_integral_bigint(#0, 1)",
                                                                                "#1",
                                                                                "#2",
                                                                                "#3",
                                                                                "#4",
                                                                                "#5",
                                                                                "#6",
                                                                                "#7",
                                                                                "#8"
                                                                            ],
                                                                            "Estimated Cardinality": "4799784"
                                                                        },
                                                                        "cumulative_cardinality": 0,
                                                                        "operator_type": "PROJECTION",
                                                                        "operator_cardinality": 2290399,
                                                                        "cumulative_rows_scanned": 0,
                                                                        "operator_rows_scanned": 0,
                                                                        "operator_timing": 0.011999107000000002,
                                                                        "result_set_size": 256524688,
                                                                        "children": [
                                                                            {
                                                                                "operator_name": "HASH_JOIN",
                                                                                "cpu_time": 0.0,
                                                                                "extra_info": {
                                                                                    "Join Type": "INNER",
                                                                                    "Conditions": "c_custkey = o_custkey",
                                                                                    "Estimated Cardinality": "4799784"
                                                                                },
                                                                                "cumulative_cardinality": 0,
                                                                                "operator_type": "HASH_JOIN",
                                                                                "operator_cardinality": 2290399,
                                                                                "cumulative_rows_scanned": 0,
                                                                                "operator_rows_scanned": 0,
                                                                                "operator_timing": 1.2739028609999998,
                                                                                "result_set_size": 247363092,
                                                                                "children": [
                                                                                    {
                                                                                        "operator_name": "PROJECTION",
                                                                                        "cpu_time": 0.0,
                                                                                        "extra_info": {
                                                                                            "Projections": [
                                                                                                "__internal_compress_integral_uinteger(#0, 1)",
                                                                                                "#1",
                                                                                                "#2",
                                                                                                "#3",
                                                                                                "#4",
                                                                                                "#5",
                                                                                                "#6"
                                                                                            ],
                                                                                            "Estimated Cardinality": "3000000"
                                                                                        },
                                                                                        "cumulative_cardinality": 0,
                                                                                        "operator_type": "PROJECTION",
                                                                                        "operator_cardinality": 2999999,
                                                                                        "cumulative_rows_scanned": 0,
                                                                                        "operator_rows_scanned": 0,
                                                                                        "operator_timing": 0.009195419000000002,
                                                                                        "result_set_size": 275999908,
                                                                                        "children": [
                                                                                            {
                                                                                                "operator_name": "FILTER",
                                                                                                "cpu_time": 0.0,
                                                                                                "extra_info": {
                                                                                                    "Expression": "(c_custkey <= 2999999)",
                                                                                                    "Estimated Cardinality": "3000000"
                                                                                                },
                                                                                                "cumulative_cardinality": 0,
                                                                                                "operator_type": "FILTER",
                                                                                                "operator_cardinality": 2999999,
                                                                                                "cumulative_rows_scanned": 0,
                                                                                                "operator_rows_scanned": 0,
                                                                                                "operator_timing": 0.01947311600000001,
                                                                                                "result_set_size": 287999904,
                                                                                                "children": [
                                                                                                    {
                                                                                                        "operator_name": "HASH_JOIN",
                                                                                                        "cpu_time": 0.0,
                                                                                                        "extra_info": {
                                                                                                            "Join Type": "INNER",
                                                                                                            "Conditions": "c_nationkey = n_nationkey",
                                                                                                            "Estimated Cardinality": "3000000"
                                                                                                        },
                                                                                                        "cumulative_cardinality": 0,
                                                                                                        "operator_type": "HASH_JOIN",
                                                                                                        "operator_cardinality": 3000000,
                                                                                                        "cumulative_rows_scanned": 0,
                                                                                                        "operator_rows_scanned": 0,
                                                                                                        "operator_timing": 0.019602378,
                                                                                                        "result_set_size": 288000000,
                                                                                                        "children": [
                                                                                                            {
                                                                                                                "operator_name": "READ_PARQUET ",
                                                                                                                "cpu_time": 0.0,
                                                                                                                "extra_info": {
                                                                                                                    "Function": "READ_PARQUET",
                                                                                                                    "Projections": [
                                                                                                                        "c_custkey",
                                                                                                                        "c_name",
                                                                                                                        "c_address",
                                                                                                                        "c_nationkey",
                                                                                                                        "c_phone",
                                                                                                                        "c_acctbal",
                                                                                                                        "c_comment"
                                                                                                                    ],
                                                                                                                    "Estimated Cardinality": "3000000"
                                                                                                                },
                                                                                                                "cumulative_cardinality": 0,
                                                                                                                "operator_type": "TABLE_SCAN",
                                                                                                                "operator_cardinality": 3000000,
                                                                                                                "cumulative_rows_scanned": 0,
                                                                                                                "operator_rows_scanned": 48000000,
                                                                                                                "operator_timing": 2.1819967450000006,
                                                                                                                "result_set_size": 252000000,
                                                                                                                "children": []
                                                                                                            },
                                                                                                            {
                                                                                                                "operator_name": "READ_PARQUET ",
                                                                                                                "cpu_time": 0.0,
                                                                                                                "extra_info": {
                                                                                                                    "Function": "READ_PARQUET",
                                                                                                                    "Projections": [
                                                                                                                        "n_nationkey",
                                                                                                                        "n_name"
                                                                                                                    ],
                                                                                                                    "Estimated Cardinality": "25"
                                                                                                                },
                                                                                                                "cumulative_cardinality": 0,
                                                                                                                "operator_type": "TABLE_SCAN",
                                                                                                                "operator_cardinality": 25,
                                                                                                                "cumulative_rows_scanned": 0,
                                                                                                                "operator_rows_scanned": 25,
                                                                                                                "operator_timing": 0.00007566800000000001,
                                                                                                                "result_set_size": 500,
                                                                                                                "children": []
                                                                                                            }
                                                                                                        ]
                                                                                                    }
                                                                                                ]
                                                                                            }
                                                                                        ]
                                                                                    },
                                                                                    {
                                                                                        "operator_name": "PROJECTION",
                                                                                        "cpu_time": 0.0,
                                                                                        "extra_info": {
                                                                                            "Projections": [
                                                                                                "#0",
                                                                                                "#1",
                                                                                                "__internal_compress_integral_uinteger(#2, 1)"
                                                                                            ],
                                                                                            "Estimated Cardinality": "4799784"
                                                                                        },
                                                                                        "cumulative_cardinality": 0,
                                                                                        "operator_type": "PROJECTION",
                                                                                        "operator_cardinality": 2290399,
                                                                                        "cumulative_rows_scanned": 0,
                                                                                        "operator_rows_scanned": 0,
                                                                                        "operator_timing": 0.005427733,
                                                                                        "result_set_size": 45807980,
                                                                                        "children": [
                                                                                            {
                                                                                                "operator_name": "PROJECTION",
                                                                                                "cpu_time": 0.0,
                                                                                                "extra_info": {
                                                                                                    "Projections": [
                                                                                                        "#0",
                                                                                                        "#1",
                                                                                                        "__internal_decompress_integral_bigint(#2, 1)"
                                                                                                    ],
                                                                                                    "Estimated Cardinality": "4799784"
                                                                                                },
                                                                                                "cumulative_cardinality": 0,
                                                                                                "operator_type": "PROJECTION",
                                                                                                "operator_cardinality": 2290399,
                                                                                                "cumulative_rows_scanned": 0,
                                                                                                "operator_rows_scanned": 0,
                                                                                                "operator_timing": 0.009361078000000002,
                                                                                                "result_set_size": 54969576,
                                                                                                "children": [
                                                                                                    {
                                                                                                        "operator_name": "HASH_JOIN",
                                                                                                        "cpu_time": 0.0,
                                                                                                        "extra_info": {
                                                                                                            "Join Type": "INNER",
                                                                                                            "Conditions": "l_orderkey = o_orderkey",
                                                                                                            "Estimated Cardinality": "4799784"
                                                                                                        },
                                                                                                        "cumulative_cardinality": 0,
                                                                                                        "operator_type": "HASH_JOIN",
                                                                                                        "operator_cardinality": 2290399,
                                                                                                        "cumulative_rows_scanned": 0,
                                                                                                        "operator_rows_scanned": 0,
                                                                                                        "operator_timing": 2.589071876,
                                                                                                        "result_set_size": 45807980,
                                                                                                        "children": [
                                                                                                            {
                                                                                                                "operator_name": "PROJECTION",
                                                                                                                "cpu_time": 0.0,
                                                                                                                "extra_info": {
                                                                                                                    "Projections": [
                                                                                                                        "__internal_compress_integral_uinteger(#0, 1)",
                                                                                                                        "#1",
                                                                                                                        "#2"
                                                                                                                    ],
                                                                                                                    "Estimated Cardinality": "23998921"
                                                                                                                },
                                                                                                                "cumulative_cardinality": 0,
                                                                                                                "operator_type": "PROJECTION",
                                                                                                                "operator_cardinality": 29611797,
                                                                                                                "cumulative_rows_scanned": 0,
                                                                                                                "operator_rows_scanned": 0,
                                                                                                                "operator_timing": 0.09306633499999999,
                                                                                                                "result_set_size": 592235940,
                                                                                                                "children": [
                                                                                                                    {
                                                                                                                        "operator_name": "READ_PARQUET ",
                                                                                                                        "cpu_time": 0.0,
                                                                                                                        "extra_info": {
                                                                                                                            "Function": "READ_PARQUET",
                                                                                                                            "Projections": [
                                                                                                                                "l_orderkey",
                                                                                                                                "l_extendedprice",
                                                                                                                                "l_discount"
                                                                                                                            ],
                                                                                                                            "Filters": "l_returnflag='R'",
                                                                                                                            "Estimated Cardinality": "23998921"
                                                                                                                        },
                                                                                                                        "cumulative_cardinality": 0,
                                                                                                                        "operator_type": "TABLE_SCAN",
                                                                                                                        "operator_cardinality": 29611797,
                                                                                                                        "cumulative_rows_scanned": 0,
                                                                                                                        "operator_rows_scanned": 1919913728,
                                                                                                                        "operator_timing": 8.593951107999999,
                                                                                                                        "result_set_size": 710683128,
                                                                                                                        "children": []
                                                                                                                    }
                                                                                                                ]
                                                                                                            },
                                                                                                            {
                                                                                                                "operator_name": "PROJECTION",
                                                                                                                "cpu_time": 0.0,
                                                                                                                "extra_info": {
                                                                                                                    "Projections": [
                                                                                                                        "__internal_compress_integral_uinteger(#0, 1)",
                                                                                                                        "__internal_compress_integral_uinteger(#1, 1)"
                                                                                                                    ],
                                                                                                                    "Estimated Cardinality": "6000000"
                                                                                                                },
                                                                                                                "cumulative_cardinality": 0,
                                                                                                                "operator_type": "PROJECTION",
                                                                                                                "operator_cardinality": 1145890,
                                                                                                                "cumulative_rows_scanned": 0,
                                                                                                                "operator_rows_scanned": 0,
                                                                                                                "operator_timing": 0.022986884000000016,
                                                                                                                "result_set_size": 9167120,
                                                                                                                "children": [
                                                                                                                    {
                                                                                                                        "operator_name": "READ_PARQUET ",
                                                                                                                        "cpu_time": 0.0,
                                                                                                                        "extra_info": {
                                                                                                                            "Function": "READ_PARQUET",
                                                                                                                            "Projections": [
                                                                                                                                "o_orderkey",
                                                                                                                                "o_custkey"
                                                                                                                            ],
                                                                                                                            "Filters": "o_orderdate>='1993-10-01'::DATE AND o_orderdate<'1994-01-01'::DATE",
                                                                                                                            "Estimated Cardinality": "6000000"
                                                                                                                        },
                                                                                                                        "cumulative_cardinality": 0,
                                                                                                                        "operator_type": "TABLE_SCAN",
                                                                                                                        "operator_cardinality": 1145890,
                                                                                                                        "cumulative_rows_scanned": 0,
                                                                                                                        "operator_rows_scanned": 480000000,
                                                                                                                        "operator_timing": 2.2274862850000003,
                                                                                                                        "result_set_size": 18334240,
                                                                                                                        "children": []
                                                                                                                    }
                                                                                                                ]
                                                                                                            }
                                                                                                        ]
                                                                                                    }
                                                                                                ]
                                                                                            }
                                                                                        ]
                                                                                    }
                                                                                ]
                                                                            }
                                                                        ]
                                                                    }
                                                                ]
                                                            }
                                                        ]
                                                    }
                                                ]
                                            }
                                        ]
                                    }
                                ]
                            }
                        ]
                    }
                ]
            }
        ]
    },
    "q11": {
        "rows_returned": 0,
        "query_name": "",
        "blocked_thread_time": 0.0,
        "cpu_time": 0.0,
        "extra_info": {},
        "cumulative_cardinality": 0,
        "cumulative_rows_scanned": 0,
        "result_set_size": 0,
        "latency": 0.0,
        "children": [
            {
                "operator_name": "EXPLAIN_ANALYZE",
                "cpu_time": 0.0,
                "extra_info": {},
                "cumulative_cardinality": 0,
                "operator_type": "EXPLAIN_ANALYZE",
                "operator_cardinality": 0,
                "cumulative_rows_scanned": 0,
                "operator_rows_scanned": 0,
                "operator_timing": 0.0,
                "result_set_size": 0,
                "children": [
                    {
                        "operator_name": "PROJECTION",
                        "cpu_time": 0.0,
                        "extra_info": {
                            "Projections": [
                                "__internal_decompress_integral_bigint(#0, 1)",
                                "#1"
                            ],
                            "Estimated Cardinality": "4000000"
                        },
                        "cumulative_cardinality": 0,
                        "operator_type": "PROJECTION",
                        "operator_cardinality": 0,
                        "cumulative_rows_scanned": 0,
                        "operator_rows_scanned": 0,
                        "operator_timing": 0.0,
                        "result_set_size": 0,
                        "children": [
                            {
                                "operator_name": "ORDER_BY",
                                "cpu_time": 0.0,
                                "extra_info": {
                                    "Order By": "sum((tpch20.main.partsupp.ps_supplycost * tpch20.main.partsupp.ps_availqty)) DESC"
                                },
                                "cumulative_cardinality": 0,
                                "operator_type": "ORDER_BY",
                                "operator_cardinality": 0,
                                "cumulative_rows_scanned": 0,
                                "operator_rows_scanned": 0,
                                "operator_timing": 1.83e-7,
                                "result_set_size": 0,
                                "children": [
                                    {
                                        "operator_name": "PROJECTION",
                                        "cpu_time": 0.0,
                                        "extra_info": {
                                            "Projections": [
                                                "__internal_compress_integral_uinteger(#0, 1)",
                                                "#1"
                                            ],
                                            "Estimated Cardinality": "4000000"
                                        },
                                        "cumulative_cardinality": 0,
                                        "operator_type": "PROJECTION",
                                        "operator_cardinality": 0,
                                        "cumulative_rows_scanned": 0,
                                        "operator_rows_scanned": 0,
                                        "operator_timing": 0.0,
                                        "result_set_size": 0,
                                        "children": [
                                            {
                                                "operator_name": "PROJECTION",
                                                "cpu_time": 0.0,
                                                "extra_info": {
                                                    "Projections": [
                                                        "ps_partkey",
                                                        "value"
                                                    ],
                                                    "Estimated Cardinality": "4000000"
                                                },
                                                "cumulative_cardinality": 0,
                                                "operator_type": "PROJECTION",
                                                "operator_cardinality": 0,
                                                "cumulative_rows_scanned": 0,
                                                "operator_rows_scanned": 0,
                                                "operator_timing": 0.0,
                                                "result_set_size": 0,
                                                "children": [
                                                    {
                                                        "operator_name": "NESTED_LOOP_JOIN",
                                                        "cpu_time": 0.0,
                                                        "extra_info": {
                                                            "Join Type": "INNER",
                                                            "Conditions": "CAST(sum((CAST(ps_supplycost AS DECIMAL(34,2)) * CAST(ps_availqty AS DECIMAL(34,0)))) AS DECIMAL(38,12)) > SUBQUERY",
                                                            "Estimated Cardinality": "4000000"
                                                        },
                                                        "cumulative_cardinality": 0,
                                                        "operator_type": "NESTED_LOOP_JOIN",
                                                        "operator_cardinality": 0,
                                                        "cumulative_rows_scanned": 0,
                                                        "operator_rows_scanned": 0,
                                                        "operator_timing": 0.017667772999999998,
                                                        "result_set_size": 0,
                                                        "children": [
                                                            {
                                                                "operator_name": "PROJECTION",
                                                                "cpu_time": 0.0,
                                                                "extra_info": {
                                                                    "Projections": [
                                                                        "__internal_decompress_integral_bigint(#0, 1)",
                                                                        "#1"
                                                                    ],
                                                                    "Estimated Cardinality": "1600000"
                                                                },
                                                                "cumulative_cardinality": 0,
                                                                "operator_type": "PROJECTION",
                                                                "operator_cardinality": 608599,
                                                                "cumulative_rows_scanned": 0,
                                                                "operator_rows_scanned": 0,
                                                                "operator_timing": 0.000614016,
                                                                "result_set_size": 14606376,
                                                                "children": [
                                                                    {
                                                                        "operator_name": "HASH_GROUP_BY",
                                                                        "cpu_time": 0.0,
                                                                        "extra_info": {
                                                                            "Groups": "#0",
                                                                            "Aggregates": "sum(#1)",
                                                                            "Estimated Cardinality": "1600000"
                                                                        },
                                                                        "cumulative_cardinality": 0,
                                                                        "operator_type": "HASH_GROUP_BY",
                                                                        "operator_cardinality": 608599,
                                                                        "cumulative_rows_scanned": 0,
                                                                        "operator_rows_scanned": 0,
                                                                        "operator_timing": 0.280405663,
                                                                        "result_set_size": 12171980,
                                                                        "children": [
                                                                            {
                                                                                "operator_name": "PROJECTION",
                                                                                "cpu_time": 0.0,
                                                                                "extra_info": {
                                                                                    "Projections": [
                                                                                        "ps_partkey",
                                                                                        "(CAST(ps_supplycost AS DECIMAL(34,2)) * CAST(ps_availqty AS DECIMAL(34,0)))"
                                                                                    ],
                                                                                    "Estimated Cardinality": "3200000"
                                                                                },
                                                                                "cumulative_cardinality": 0,
                                                                                "operator_type": "PROJECTION",
                                                                                "operator_cardinality": 646960,
                                                                                "cumulative_rows_scanned": 0,
                                                                                "operator_rows_scanned": 0,
                                                                                "operator_timing": 0.058847755999999994,
                                                                                "result_set_size": 12939200,
                                                                                "children": [
                                                                                    {
                                                                                        "operator_name": "PROJECTION",
                                                                                        "cpu_time": 0.0,
                                                                                        "extra_info": {
                                                                                            "Projections": [
                                                                                                "__internal_compress_integral_uinteger(#0, 1)",
                                                                                                "__internal_compress_integral_uinteger(#1, 1)",
                                                                                                "#2",
                                                                                                "#3",
                                                                                                "__internal_compress_integral_uinteger(#4, 1)",
                                                                                                "__internal_compress_integral_utinyint(#5, 0)",
                                                                                                "__internal_compress_integral_utinyint(#6, 0)"
                                                                                            ],
                                                                                            "Estimated Cardinality": "3200000"
                                                                                        },
                                                                                        "cumulative_cardinality": 0,
                                                                                        "operator_type": "PROJECTION",
                                                                                        "operator_cardinality": 646960,
                                                                                        "cumulative_rows_scanned": 0,
                                                                                        "operator_rows_scanned": 0,
                                                                                        "operator_timing": 0.075071573,
                                                                                        "result_set_size": 19408800,
                                                                                        "children": [
                                                                                            {
                                                                                                "operator_name": "HASH_JOIN",
                                                                                                "cpu_time": 0.0,
                                                                                                "extra_info": {
                                                                                                    "Join Type": "INNER",
                                                                                                    "Conditions": "ps_suppkey = s_suppkey",
                                                                                                    "Estimated Cardinality": "3200000"
                                                                                                },
                                                                                                "cumulative_cardinality": 0,
                                                                                                "operator_type": "HASH_JOIN",
                                                                                                "operator_cardinality": 646960,
                                                                                                "cumulative_rows_scanned": 0,
                                                                                                "operator_rows_scanned": 0,
                                                                                                "operator_timing": 0.06543367700000001,
                                                                                                "result_set_size": 31054080,
                                                                                                "children": [
                                                                                                    {
                                                                                                        "operator_name": "READ_PARQUET ",
                                                                                                        "cpu_time": 0.0,
                                                                                                        "extra_info": {
                                                                                                            "Function": "READ_PARQUET",
                                                                                                            "Projections": [
                                                                                                                "ps_partkey",
                                                                                                                "ps_suppkey",
                                                                                                                "ps_availqty",
                                                                                                                "ps_supplycost"
                                                                                                            ],
                                                                                                            "Estimated Cardinality": "16000000"
                                                                                                        },
                                                                                                        "cumulative_cardinality": 0,
                                                                                                        "operator_type": "TABLE_SCAN",
                                                                                                        "operator_cardinality": 15978720,
                                                                                                        "cumulative_rows_scanned": 0,
                                                                                                        "operator_rows_scanned": 256000000,
                                                                                                        "operator_timing": 1.6874218659999998,
                                                                                                        "result_set_size": 511319040,
                                                                                                        "children": []
                                                                                                    },
                                                                                                    {
                                                                                                        "operator_name": "HASH_JOIN",
                                                                                                        "cpu_time": 0.0,
                                                                                                        "extra_info": {
                                                                                                            "Join Type": "INNER",
                                                                                                            "Conditions": "s_nationkey = n_nationkey",
                                                                                                            "Estimated Cardinality": "40000"
                                                                                                        },
                                                                                                        "cumulative_cardinality": 0,
                                                                                                        "operator_type": "HASH_JOIN",
                                                                                                        "operator_cardinality": 8087,
                                                                                                        "cumulative_rows_scanned": 0,
                                                                                                        "operator_rows_scanned": 0,
                                                                                                        "operator_timing": 0.00015495800000000002,
                                                                                                        "result_set_size": 129392,
                                                                                                        "children": [
                                                                                                            {
                                                                                                                "operator_name": "READ_PARQUET ",
                                                                                                                "cpu_time": 0.0,
                                                                                                                "extra_info": {
                                                                                                                    "Function": "READ_PARQUET",
                                                                                                                    "Projections": [
                                                                                                                        "s_suppkey",
                                                                                                                        "s_nationkey"
                                                                                                                    ],
                                                                                                                    "Estimated Cardinality": "200000"
                                                                                                                },
                                                                                                                "cumulative_cardinality": 0,
                                                                                                                "operator_type": "TABLE_SCAN",
                                                                                                                "operator_cardinality": 8087,
                                                                                                                "cumulative_rows_scanned": 0,
                                                                                                                "operator_rows_scanned": 400000,
                                                                                                                "operator_timing": 0.004475145,
                                                                                                                "result_set_size": 97044,
                                                                                                                "children": []
                                                                                                            },
                                                                                                            {
                                                                                                                "operator_name": "READ_PARQUET ",
                                                                                                                "cpu_time": 0.0,
                                                                                                                "extra_info": {
                                                                                                                    "Function": "READ_PARQUET",
                                                                                                                    "Projections": "n_nationkey",
                                                                                                                    "Filters": "n_name='GERMANY'",
                                                                                                                    "Estimated Cardinality": "5"
                                                                                                                },
                                                                                                                "cumulative_cardinality": 0,
                                                                                                                "operator_type": "TABLE_SCAN",
                                                                                                                "operator_cardinality": 1,
                                                                                                                "cumulative_rows_scanned": 0,
                                                                                                                "operator_rows_scanned": 25,
                                                                                                                "operator_timing": 0.000058148,
                                                                                                                "result_set_size": 4,
                                                                                                                "children": []
                                                                                                            }
                                                                                                        ]
                                                                                                    }
                                                                                                ]
                                                                                            }
                                                                                        ]
                                                                                    }
                                                                                ]
                                                                            }
                                                                        ]
                                                                    }
                                                                ]
                                                            },
                                                            {
                                                                "operator_name": "PROJECTION",
                                                                "cpu_time": 0.0,
                                                                "extra_info": {
                                                                    "Projections": [
                                                                        "CASE  WHEN ((#1 > 1)) THEN (error('More than one row returned by a subquery used as an expression - scalar subqueries can only return a single row.",
                                                                        "Use \"SET scalar_subquery_error_on_multiple_rows=false\" to revert to previous behavior of returning a random row.')) ELSE #0 END"
                                                                    ],
                                                                    "Estimated Cardinality": "1"
                                                                },
                                                                "cumulative_cardinality": 0,
                                                                "operator_type": "PROJECTION",
                                                                "operator_cardinality": 1,
                                                                "cumulative_rows_scanned": 0,
                                                                "operator_rows_scanned": 0,
                                                                "operator_timing": 0.000001322,
                                                                "result_set_size": 16,
                                                                "children": [
                                                                    {
                                                                        "operator_name": "UNGROUPED_AGGREGATE",
                                                                        "cpu_time": 0.0,
                                                                        "extra_info": {
                                                                            "Aggregates": [
                                                                                "\"first\"(#0)",
                                                                                "count_star()"
                                                                            ]
                                                                        },
                                                                        "cumulative_cardinality": 0,
                                                                        "operator_type": "UNGROUPED_AGGREGATE",
                                                                        "operator_cardinality": 1,
                                                                        "cumulative_rows_scanned": 0,
                                                                        "operator_rows_scanned": 0,
                                                                        "operator_timing": 0.000001505,
                                                                        "result_set_size": 24,
                                                                        "children": [
                                                                            {
                                                                                "operator_name": "PROJECTION",
                                                                                "cpu_time": 0.0,
                                                                                "extra_info": {
                                                                                    "Projections": "#0",
                                                                                    "Estimated Cardinality": "1"
                                                                                },
                                                                                "cumulative_cardinality": 0,
                                                                                "operator_type": "PROJECTION",
                                                                                "operator_cardinality": 1,
                                                                                "cumulative_rows_scanned": 0,
                                                                                "operator_rows_scanned": 0,
                                                                                "operator_timing": 1.18e-7,
                                                                                "result_set_size": 16,
                                                                                "children": [
                                                                                    {
                                                                                        "operator_name": "PROJECTION",
                                                                                        "cpu_time": 0.0,
                                                                                        "extra_info": {
                                                                                            "Projections": "(sum((CAST(ps_supplycost AS DECIMAL(34,2)) * CAST(ps_availqty AS DECIMAL(34,0)))) * 0.0001000000)",
                                                                                            "Estimated Cardinality": "1"
                                                                                        },
                                                                                        "cumulative_cardinality": 0,
                                                                                        "operator_type": "PROJECTION",
                                                                                        "operator_cardinality": 1,
                                                                                        "cumulative_rows_scanned": 0,
                                                                                        "operator_rows_scanned": 0,
                                                                                        "operator_timing": 0.000001478,
                                                                                        "result_set_size": 16,
                                                                                        "children": [
                                                                                            {
                                                                                                "operator_name": "UNGROUPED_AGGREGATE",
                                                                                                "cpu_time": 0.0,
                                                                                                "extra_info": {
                                                                                                    "Aggregates": "sum(#0)"
                                                                                                },
                                                                                                "cumulative_cardinality": 0,
                                                                                                "operator_type": "UNGROUPED_AGGREGATE",
                                                                                                "operator_cardinality": 1,
                                                                                                "cumulative_rows_scanned": 0,
                                                                                                "operator_rows_scanned": 0,
                                                                                                "operator_timing": 0.009007803,
                                                                                                "result_set_size": 16,
                                                                                                "children": [
                                                                                                    {
                                                                                                        "operator_name": "PROJECTION",
                                                                                                        "cpu_time": 0.0,
                                                                                                        "extra_info": {
                                                                                                            "Projections": "(CAST(ps_supplycost AS DECIMAL(34,2)) * CAST(ps_availqty AS DECIMAL(34,0)))",
                                                                                                            "Estimated Cardinality": "3200000"
                                                                                                        },
                                                                                                        "cumulative_cardinality": 0,
                                                                                                        "operator_type": "PROJECTION",
                                                                                                        "operator_cardinality": 646960,
                                                                                                        "cumulative_rows_scanned": 0,
                                                                                                        "operator_rows_scanned": 0,
                                                                                                        "operator_timing": 0.053965693,
                                                                                                        "result_set_size": 10351360,
                                                                                                        "children": [
                                                                                                            {
                                                                                                                "operator_name": "HASH_JOIN",
                                                                                                                "cpu_time": 0.0,
                                                                                                                "extra_info": {
                                                                                                                    "Join Type": "INNER",
                                                                                                                    "Conditions": "ps_suppkey = s_suppkey",
                                                                                                                    "Estimated Cardinality": "3200000"
                                                                                                                },
                                                                                                                "cumulative_cardinality": 0,
                                                                                                                "operator_type": "HASH_JOIN",
                                                                                                                "operator_cardinality": 646960,
                                                                                                                "cumulative_rows_scanned": 0,
                                                                                                                "operator_rows_scanned": 0,
                                                                                                                "operator_timing": 0.055919504999999994,
                                                                                                                "result_set_size": 25878400,
                                                                                                                "children": [
                                                                                                                    {
                                                                                                                        "operator_name": "READ_PARQUET ",
                                                                                                                        "cpu_time": 0.0,
                                                                                                                        "extra_info": {
                                                                                                                            "Function": "READ_PARQUET",
                                                                                                                            "Projections": [
                                                                                                                                "ps_suppkey",
                                                                                                                                "ps_availqty",
                                                                                                                                "ps_supplycost"
                                                                                                                            ],
                                                                                                                            "Estimated Cardinality": "16000000"
                                                                                                                        },
                                                                                                                        "cumulative_cardinality": 0,
                                                                                                                        "operator_type": "TABLE_SCAN",
                                                                                                                        "operator_cardinality": 15978720,
                                                                                                                        "cumulative_rows_scanned": 0,
                                                                                                                        "operator_rows_scanned": 256000000,
                                                                                                                        "operator_timing": 1.3108342239999997,
                                                                                                                        "result_set_size": 383489280,
                                                                                                                        "children": []
                                                                                                                    },
                                                                                                                    {
                                                                                                                        "operator_name": "HASH_JOIN",
                                                                                                                        "cpu_time": 0.0,
                                                                                                                        "extra_info": {
                                                                                                                            "Join Type": "INNER",
                                                                                                                            "Conditions": "s_nationkey = n_nationkey",
                                                                                                                            "Estimated Cardinality": "40000"
                                                                                                                        },
                                                                                                                        "cumulative_cardinality": 0,
                                                                                                                        "operator_type": "HASH_JOIN",
                                                                                                                        "operator_cardinality": 8087,
                                                                                                                        "cumulative_rows_scanned": 0,
                                                                                                                        "operator_rows_scanned": 0,
                                                                                                                        "operator_timing": 0.000148025,
                                                                                                                        "result_set_size": 129392,
                                                                                                                        "children": [
                                                                                                                            {
                                                                                                                                "operator_name": "READ_PARQUET ",
                                                                                                                                "cpu_time": 0.0,
                                                                                                                                "extra_info": {
                                                                                                                                    "Function": "READ_PARQUET",
                                                                                                                                    "Projections": [
                                                                                                                                        "s_suppkey",
                                                                                                                                        "s_nationkey"
                                                                                                                                    ],
                                                                                                                                    "Estimated Cardinality": "200000"
                                                                                                                                },
                                                                                                                                "cumulative_cardinality": 0,
                                                                                                                                "operator_type": "TABLE_SCAN",
                                                                                                                                "operator_cardinality": 8087,
                                                                                                                                "cumulative_rows_scanned": 0,
                                                                                                                                "operator_rows_scanned": 400000,
                                                                                                                                "operator_timing": 0.004280276,
                                                                                                                                "result_set_size": 97044,
                                                                                                                                "children": []
                                                                                                                            },
                                                                                                                            {
                                                                                                                                "operator_name": "READ_PARQUET ",
                                                                                                                                "cpu_time": 0.0,
                                                                                                                                "extra_info": {
                                                                                                                                    "Function": "READ_PARQUET",
                                                                                                                                    "Projections": "n_nationkey",
                                                                                                                                    "Filters": "n_name='GERMANY'",
                                                                                                                                    "Estimated Cardinality": "5"
                                                                                                                                },
                                                                                                                                "cumulative_cardinality": 0,
                                                                                                                                "operator_type": "TABLE_SCAN",
                                                                                                                                "operator_cardinality": 1,
                                                                                                                                "cumulative_rows_scanned": 0,
                                                                                                                                "operator_rows_scanned": 25,
                                                                                                                                "operator_timing": 0.000052178999999999996,
                                                                                                                                "result_set_size": 4,
                                                                                                                                "children": []
                                                                                                                            }
                                                                                                                        ]
                                                                                                                    }
                                                                                                                ]
                                                                                                            }
                                                                                                        ]
                                                                                                    }
                                                                                                ]
                                                                                            }
                                                                                        ]
                                                                                    }
                                                                                ]
                                                                            }
                                                                        ]
                                                                    }
                                                                ]
                                                            }
                                                        ]
                                                    }
                                                ]
                                            }
                                        ]
                                    }
                                ]
                            }
                        ]
                    }
                ]
            }
        ]
    },
    "q12": {
        "rows_returned": 0,
        "query_name": "",
        "blocked_thread_time": 0.0,
        "cpu_time": 0.0,
        "extra_info": {},
        "cumulative_cardinality": 0,
        "cumulative_rows_scanned": 0,
        "result_set_size": 0,
        "latency": 0.0,
        "children": [
            {
                "operator_name": "EXPLAIN_ANALYZE",
                "cpu_time": 0.0,
                "extra_info": {},
                "cumulative_cardinality": 0,
                "operator_type": "EXPLAIN_ANALYZE",
                "operator_cardinality": 0,
                "cumulative_rows_scanned": 0,
                "operator_rows_scanned": 0,
                "operator_timing": 8.890000000000001e-7,
                "result_set_size": 0,
                "children": [
                    {
                        "operator_name": "ORDER_BY",
                        "cpu_time": 0.0,
                        "extra_info": {
                            "Order By": "tpch20.main.lineitem.l_shipmode ASC"
                        },
                        "cumulative_cardinality": 0,
                        "operator_type": "ORDER_BY",
                        "operator_cardinality": 2,
                        "cumulative_rows_scanned": 0,
                        "operator_rows_scanned": 0,
                        "operator_timing": 0.0004635230000000001,
                        "result_set_size": 96,
                        "children": [
                            {
                                "operator_name": "HASH_GROUP_BY",
                                "cpu_time": 0.0,
                                "extra_info": {
                                    "Groups": "#0",
                                    "Aggregates": [
                                        "sum(#1)",
                                        "sum(#2)"
                                    ],
                                    "Estimated Cardinality": "2399892"
                                },
                                "cumulative_cardinality": 0,
                                "operator_type": "HASH_GROUP_BY",
                                "operator_cardinality": 2,
                                "cumulative_rows_scanned": 0,
                                "operator_rows_scanned": 0,
                                "operator_timing": 0.018636132,
                                "result_set_size": 96,
                                "children": [
                                    {
                                        "operator_name": "PROJECTION",
                                        "cpu_time": 0.0,
                                        "extra_info": {
                                            "Projections": [
                                                "l_shipmode",
                                                "CASE  WHEN (((o_orderpriority = '1-URGENT') OR (o_orderpriority = '2-HIGH'))) THEN (1) ELSE 0 END",
                                                "CASE  WHEN (((o_orderpriority != '1-URGENT') AND (o_orderpriority != '2-HIGH'))) THEN (1) ELSE 0 END"
                                            ],
                                            "Estimated Cardinality": "4799784"
                                        },
                                        "cumulative_cardinality": 0,
                                        "operator_type": "PROJECTION",
                                        "operator_cardinality": 621378,
                                        "cumulative_rows_scanned": 0,
                                        "operator_rows_scanned": 0,
                                        "operator_timing": 0.016210994999999995,
                                        "result_set_size": 14913072,
                                        "children": [
                                            {
                                                "operator_name": "HASH_JOIN",
                                                "cpu_time": 0.0,
                                                "extra_info": {
                                                    "Join Type": "INNER",
                                                    "Conditions": "o_orderkey = l_orderkey",
                                                    "Estimated Cardinality": "4799784"
                                                },
                                                "cumulative_cardinality": 0,
                                                "operator_type": "HASH_JOIN",
                                                "operator_cardinality": 621378,
                                                "cumulative_rows_scanned": 0,
                                                "operator_rows_scanned": 0,
                                                "operator_timing": 2.0022985859999998,
                                                "result_set_size": 19884096,
                                                "children": [
                                                    {
                                                        "operator_name": "PROJECTION",
                                                        "cpu_time": 0.0,
                                                        "extra_info": {
                                                            "Projections": [
                                                                "__internal_compress_integral_uinteger(#0, 1)",
                                                                "#1"
                                                            ],
                                                            "Estimated Cardinality": "30000000"
                                                        },
                                                        "cumulative_cardinality": 0,
                                                        "operator_type": "PROJECTION",
                                                        "operator_cardinality": 30000000,
                                                        "cumulative_rows_scanned": 0,
                                                        "operator_rows_scanned": 0,
                                                        "operator_timing": 0.022387676000000002,
                                                        "result_set_size": 600000000,
                                                        "children": [
                                                            {
                                                                "operator_name": "READ_PARQUET ",
                                                                "cpu_time": 0.0,
                                                                "extra_info": {
                                                                    "Function": "READ_PARQUET",
                                                                    "Projections": [
                                                                        "o_orderkey",
                                                                        "o_orderpriority"
                                                                    ],
                                                                    "Estimated Cardinality": "30000000"
                                                                },
                                                                "cumulative_cardinality": 0,
                                                                "operator_type": "TABLE_SCAN",
                                                                "operator_cardinality": 30000000,
                                                                "cumulative_rows_scanned": 0,
                                                                "operator_rows_scanned": 480000000,
                                                                "operator_timing": 1.0049167530000003,
                                                                "result_set_size": 720000000,
                                                                "children": []
                                                            }
                                                        ]
                                                    },
                                                    {
                                                        "operator_name": "PROJECTION",
                                                        "cpu_time": 0.0,
                                                        "extra_info": {
                                                            "Projections": [
                                                                "__internal_compress_integral_uinteger(#0, 1)",
                                                                "#1"
                                                            ],
                                                            "Estimated Cardinality": "4799784"
                                                        },
                                                        "cumulative_cardinality": 0,
                                                        "operator_type": "PROJECTION",
                                                        "operator_cardinality": 621378,
                                                        "cumulative_rows_scanned": 0,
                                                        "operator_rows_scanned": 0,
                                                        "operator_timing": 0.0022273290000000005,
                                                        "result_set_size": 12427560,
                                                        "children": [
                                                            {
                                                                "operator_name": "PROJECTION",
                                                                "cpu_time": 0.0,
                                                                "extra_info": {
                                                                    "Projections": [
                                                                        "#0",
                                                                        "#4"
                                                                    ],
                                                                    "Estimated Cardinality": "4799784"
                                                                },
                                                                "cumulative_cardinality": 0,
                                                                "operator_type": "PROJECTION",
                                                                "operator_cardinality": 621378,
                                                                "cumulative_rows_scanned": 0,
                                                                "operator_rows_scanned": 0,
                                                                "operator_timing": 0.00033710799999999997,
                                                                "result_set_size": 14913072,
                                                                "children": [
                                                                    {
                                                                        "operator_name": "FILTER",
                                                                        "cpu_time": 0.0,
                                                                        "extra_info": {
                                                                            "Expression": "((l_commitdate < l_receiptdate) AND (l_shipdate < l_commitdate) AND ((l_shipmode = 'MAIL') OR (l_shipmode = 'SHIP')))",
                                                                            "Estimated Cardinality": "4799784"
                                                                        },
                                                                        "cumulative_cardinality": 0,
                                                                        "operator_type": "FILTER",
                                                                        "operator_cardinality": 621378,
                                                                        "cumulative_rows_scanned": 0,
                                                                        "operator_rows_scanned": 0,
                                                                        "operator_timing": 0.6265879209999996,
                                                                        "result_set_size": 22369608,
                                                                        "children": [
                                                                            {
                                                                                "operator_name": "READ_PARQUET ",
                                                                                "cpu_time": 0.0,
                                                                                "extra_info": {
                                                                                    "Function": "READ_PARQUET",
                                                                                    "Projections": [
                                                                                        "l_orderkey",
                                                                                        "l_shipdate",
                                                                                        "l_commitdate",
                                                                                        "l_receiptdate",
                                                                                        "l_shipmode"
                                                                                    ],
                                                                                    "Filters": [
                                                                                        "l_receiptdate>='1994-01-01'::DATE AND l_receiptdate<'1995-01-01'::DATE",
                                                                                        "l_commitdate<'1995-01-01'::DATE",
                                                                                        "l_shipdate<'1995-01-01'::DATE",
                                                                                        "optional: l_shipmode IN ('MAIL', 'SHIP')"
                                                                                    ],
                                                                                    "Estimated Cardinality": "23998921"
                                                                                },
                                                                                "cumulative_cardinality": 0,
                                                                                "operator_type": "TABLE_SCAN",
                                                                                "operator_cardinality": 17713245,
                                                                                "cumulative_rows_scanned": 0,
                                                                                "operator_rows_scanned": 1919913728,
                                                                                "operator_timing": 9.902614222000004,
                                                                                "result_set_size": 637676820,
                                                                                "children": []
                                                                            }
                                                                        ]
                                                                    }
                                                                ]
                                                            }
                                                        ]
                                                    }
                                                ]
                                            }
                                        ]
                                    }
                                ]
                            }
                        ]
                    }
                ]
            }
        ]
    },
    "q13": {
        "rows_returned": 0,
        "query_name": "",
        "blocked_thread_time": 0.0,
        "cpu_time": 0.0,
        "extra_info": {},
        "cumulative_cardinality": 0,
        "cumulative_rows_scanned": 0,
        "result_set_size": 0,
        "latency": 0.0,
        "children": [
            {
                "operator_name": "EXPLAIN_ANALYZE",
                "cpu_time": 0.0,
                "extra_info": {},
                "cumulative_cardinality": 0,
                "operator_type": "EXPLAIN_ANALYZE",
                "operator_cardinality": 0,
                "cumulative_rows_scanned": 0,
                "operator_rows_scanned": 0,
                "operator_timing": 0.000001118,
                "result_set_size": 0,
                "children": [
                    {
                        "operator_name": "ORDER_BY",
                        "cpu_time": 0.0,
                        "extra_info": {
                            "Order By": [
                                "count_star() DESC",
                                "c_orders.c_count DESC"
                            ]
                        },
                        "cumulative_cardinality": 0,
                        "operator_type": "ORDER_BY",
                        "operator_cardinality": 45,
                        "cumulative_rows_scanned": 0,
                        "operator_rows_scanned": 0,
                        "operator_timing": 0.009466777000000003,
                        "result_set_size": 720,
                        "children": [
                            {
                                "operator_name": "HASH_GROUP_BY",
                                "cpu_time": 0.0,
                                "extra_info": {
                                    "Groups": "#0",
                                    "Aggregates": "count_star()",
                                    "Estimated Cardinality": "1500000"
                                },
                                "cumulative_cardinality": 0,
                                "operator_type": "HASH_GROUP_BY",
                                "operator_cardinality": 45,
                                "cumulative_rows_scanned": 0,
                                "operator_rows_scanned": 0,
                                "operator_timing": 0.055004257,
                                "result_set_size": 720,
                                "children": [
                                    {
                                        "operator_name": "PROJECTION",
                                        "cpu_time": 0.0,
                                        "extra_info": {
                                            "Projections": "c_count",
                                            "Estimated Cardinality": "3000000"
                                        },
                                        "cumulative_cardinality": 0,
                                        "operator_type": "PROJECTION",
                                        "operator_cardinality": 3000000,
                                        "cumulative_rows_scanned": 0,
                                        "operator_rows_scanned": 0,
                                        "operator_timing": 0.000491907,
                                        "result_set_size": 24000000,
                                        "children": [
                                            {
                                                "operator_name": "PROJECTION",
                                                "cpu_time": 0.0,
                                                "extra_info": {
                                                    "Projections": "count(o_orderkey)",
                                                    "Estimated Cardinality": "3000000"
                                                },
                                                "cumulative_cardinality": 0,
                                                "operator_type": "PROJECTION",
                                                "operator_cardinality": 3000000,
                                                "cumulative_rows_scanned": 0,
                                                "operator_rows_scanned": 0,
                                                "operator_timing": 0.0004911340000000001,
                                                "result_set_size": 24000000,
                                                "children": [
                                                    {
                                                        "operator_name": "PROJECTION",
                                                        "cpu_time": 0.0,
                                                        "extra_info": {
                                                            "Projections": [
                                                                "__internal_decompress_integral_bigint(#0, 1)",
                                                                "#1"
                                                            ],
                                                            "Estimated Cardinality": "3000000"
                                                        },
                                                        "cumulative_cardinality": 0,
                                                        "operator_type": "PROJECTION",
                                                        "operator_cardinality": 3000000,
                                                        "cumulative_rows_scanned": 0,
                                                        "operator_rows_scanned": 0,
                                                        "operator_timing": 0.0050870989999999994,
                                                        "result_set_size": 48000000,
                                                        "children": [
                                                            {
                                                                "operator_name": "HASH_GROUP_BY",
                                                                "cpu_time": 0.0,
                                                                "extra_info": {
                                                                    "Groups": "#0",
                                                                    "Aggregates": "count(#1)",
                                                                    "Estimated Cardinality": "3000000"
                                                                },
                                                                "cumulative_cardinality": 0,
                                                                "operator_type": "HASH_GROUP_BY",
                                                                "operator_cardinality": 3000000,
                                                                "cumulative_rows_scanned": 0,
                                                                "operator_rows_scanned": 0,
                                                                "operator_timing": 14.023381349000001,
                                                                "result_set_size": 36000000,
                                                                "children": [
                                                                    {
                                                                        "operator_name": "PROJECTION",
                                                                        "cpu_time": 0.0,
                                                                        "extra_info": {
                                                                            "Projections": [
                                                                                "c_custkey",
                                                                                "o_orderkey"
                                                                            ],
                                                                            "Estimated Cardinality": "6000000"
                                                                        },
                                                                        "cumulative_cardinality": 0,
                                                                        "operator_type": "PROJECTION",
                                                                        "operator_cardinality": 30689583,
                                                                        "cumulative_rows_scanned": 0,
                                                                        "operator_rows_scanned": 0,
                                                                        "operator_timing": 0.01930039699999999,
                                                                        "result_set_size": 368274996,
                                                                        "children": [
                                                                            {
                                                                                "operator_name": "PROJECTION",
                                                                                "cpu_time": 0.0,
                                                                                "extra_info": {
                                                                                    "Projections": [
                                                                                        "#0",
                                                                                        "__internal_compress_integral_uinteger(#1, 1)"
                                                                                    ],
                                                                                    "Estimated Cardinality": "6000000"
                                                                                },
                                                                                "cumulative_cardinality": 0,
                                                                                "operator_type": "PROJECTION",
                                                                                "operator_cardinality": 30689583,
                                                                                "cumulative_rows_scanned": 0,
                                                                                "operator_rows_scanned": 0,
                                                                                "operator_timing": 0.07225867900000002,
                                                                                "result_set_size": 368274996,
                                                                                "children": [
                                                                                    {
                                                                                        "operator_name": "PROJECTION",
                                                                                        "cpu_time": 0.0,
                                                                                        "extra_info": {
                                                                                            "Projections": [
                                                                                                "#0",
                                                                                                "__internal_decompress_integral_bigint(#1, 1)"
                                                                                            ],
                                                                                            "Estimated Cardinality": "6000000"
                                                                                        },
                                                                                        "cumulative_cardinality": 0,
                                                                                        "operator_type": "PROJECTION",
                                                                                        "operator_cardinality": 30689583,
                                                                                        "cumulative_rows_scanned": 0,
                                                                                        "operator_rows_scanned": 0,
                                                                                        "operator_timing": 0.143770601,
                                                                                        "result_set_size": 491033328,
                                                                                        "children": [
                                                                                            {
                                                                                                "operator_name": "HASH_JOIN",
                                                                                                "cpu_time": 0.0,
                                                                                                "extra_info": {
                                                                                                    "Join Type": "RIGHT",
                                                                                                    "Conditions": "o_custkey = c_custkey",
                                                                                                    "Estimated Cardinality": "6000000"
                                                                                                },
                                                                                                "cumulative_cardinality": 0,
                                                                                                "operator_type": "HASH_JOIN",
                                                                                                "operator_cardinality": 30689583,
                                                                                                "cumulative_rows_scanned": 0,
                                                                                                "operator_rows_scanned": 0,
                                                                                                "operator_timing": 15.462248487000009,
                                                                                                "result_set_size": 368274996,
                                                                                                "children": [
                                                                                                    {
                                                                                                        "operator_name": "PROJECTION",
                                                                                                        "cpu_time": 0.0,
                                                                                                        "extra_info": {
                                                                                                            "Projections": [
                                                                                                                "#0",
                                                                                                                "__internal_compress_integral_uinteger(#1, 1)"
                                                                                                            ],
                                                                                                            "Estimated Cardinality": "6000000"
                                                                                                        },
                                                                                                        "cumulative_cardinality": 0,
                                                                                                        "operator_type": "PROJECTION",
                                                                                                        "operator_cardinality": 29689534,
                                                                                                        "cumulative_rows_scanned": 0,
                                                                                                        "operator_rows_scanned": 0,
                                                                                                        "operator_timing": 0.20395177,
                                                                                                        "result_set_size": 356274408,
                                                                                                        "children": [
                                                                                                            {
                                                                                                                "operator_name": "PROJECTION",
                                                                                                                "cpu_time": 0.0,
                                                                                                                "extra_info": {
                                                                                                                    "Projections": [
                                                                                                                        "#0",
                                                                                                                        "#1"
                                                                                                                    ],
                                                                                                                    "Estimated Cardinality": "6000000"
                                                                                                                },
                                                                                                                "cumulative_cardinality": 0,
                                                                                                                "operator_type": "PROJECTION",
                                                                                                                "operator_cardinality": 29689534,
                                                                                                                "cumulative_rows_scanned": 0,
                                                                                                                "operator_rows_scanned": 0,
                                                                                                                "operator_timing": 0.018041,
                                                                                                                "result_set_size": 475032544,
                                                                                                                "children": [
                                                                                                                    {
                                                                                                                        "operator_name": "FILTER",
                                                                                                                        "cpu_time": 0.0,
                                                                                                                        "extra_info": {
                                                                                                                            "Expression": "(o_comment !~~ '%special%requests%')",
                                                                                                                            "Estimated Cardinality": "6000000"
                                                                                                                        },
                                                                                                                        "cumulative_cardinality": 0,
                                                                                                                        "operator_type": "FILTER",
                                                                                                                        "operator_cardinality": 29689534,
                                                                                                                        "cumulative_rows_scanned": 0,
                                                                                                                        "operator_rows_scanned": 0,
                                                                                                                        "operator_timing": 1.9755705940000001,
                                                                                                                        "result_set_size": 950065088,
                                                                                                                        "children": [
                                                                                                                            {
                                                                                                                                "operator_name": "READ_PARQUET ",
                                                                                                                                "cpu_time": 0.0,
                                                                                                                                "extra_info": {
                                                                                                                                    "Function": "READ_PARQUET",
                                                                                                                                    "Projections": [
                                                                                                                                        "o_orderkey",
                                                                                                                                        "o_custkey",
                                                                                                                                        "o_comment"
                                                                                                                                    ],
                                                                                                                                    "Estimated Cardinality": "30000000"
                                                                                                                                },
                                                                                                                                "cumulative_cardinality": 0,
                                                                                                                                "operator_type": "TABLE_SCAN",
                                                                                                                                "operator_cardinality": 30000000,
                                                                                                                                "cumulative_rows_scanned": 0,
                                                                                                                                "operator_rows_scanned": 480000000,
                                                                                                                                "operator_timing": 8.202737014999999,
                                                                                                                                "result_set_size": 960000000,
                                                                                                                                "children": []
                                                                                                                            }
                                                                                                                        ]
                                                                                                                    }
                                                                                                                ]
                                                                                                            }
                                                                                                        ]
                                                                                                    },
                                                                                                    {
                                                                                                        "operator_name": "PROJECTION",
                                                                                                        "cpu_time": 0.0,
                                                                                                        "extra_info": {
                                                                                                            "Projections": "__internal_compress_integral_uinteger(#0, 1)",
                                                                                                            "Estimated Cardinality": "3000000"
                                                                                                        },
                                                                                                        "cumulative_cardinality": 0,
                                                                                                        "operator_type": "PROJECTION",
                                                                                                        "operator_cardinality": 3000000,
                                                                                                        "cumulative_rows_scanned": 0,
                                                                                                        "operator_rows_scanned": 0,
                                                                                                        "operator_timing": 0.0017660479999999999,
                                                                                                        "result_set_size": 12000000,
                                                                                                        "children": [
                                                                                                            {
                                                                                                                "operator_name": "READ_PARQUET ",
                                                                                                                "cpu_time": 0.0,
                                                                                                                "extra_info": {
                                                                                                                    "Function": "READ_PARQUET",
                                                                                                                    "Projections": "c_custkey",
                                                                                                                    "Estimated Cardinality": "3000000"
                                                                                                                },
                                                                                                                "cumulative_cardinality": 0,
                                                                                                                "operator_type": "TABLE_SCAN",
                                                                                                                "operator_cardinality": 3000000,
                                                                                                                "cumulative_rows_scanned": 0,
                                                                                                                "operator_rows_scanned": 48000000,
                                                                                                                "operator_timing": 0.067449482,
                                                                                                                "result_set_size": 24000000,
                                                                                                                "children": []
                                                                                                            }
                                                                                                        ]
                                                                                                    }
                                                                                                ]
                                                                                            }
                                                                                        ]
                                                                                    }
                                                                                ]
                                                                            }
                                                                        ]
                                                                    }
                                                                ]
                                                            }
                                                        ]
                                                    }
                                                ]
                                            }
                                        ]
                                    }
                                ]
                            }
                        ]
                    }
                ]
            }
        ]
    },
    "q14": {
        "rows_returned": 0,
        "query_name": "",
        "blocked_thread_time": 0.0,
        "cpu_time": 0.0,
        "extra_info": {},
        "cumulative_cardinality": 0,
        "cumulative_rows_scanned": 0,
        "result_set_size": 0,
        "latency": 0.0,
        "children": [
            {
                "operator_name": "EXPLAIN_ANALYZE",
                "cpu_time": 0.0,
                "extra_info": {},
                "cumulative_cardinality": 0,
                "operator_type": "EXPLAIN_ANALYZE",
                "operator_cardinality": 0,
                "cumulative_rows_scanned": 0,
                "operator_rows_scanned": 0,
                "operator_timing": 1.95e-7,
                "result_set_size": 0,
                "children": [
                    {
                        "operator_name": "PROJECTION",
                        "cpu_time": 0.0,
                        "extra_info": {
                            "Projections": "promo_revenue",
                            "Estimated Cardinality": "1"
                        },
                        "cumulative_cardinality": 0,
                        "operator_type": "PROJECTION",
                        "operator_cardinality": 1,
                        "cumulative_rows_scanned": 0,
                        "operator_rows_scanned": 0,
                        "operator_timing": 0.000004621,
                        "result_set_size": 8,
                        "children": [
                            {
                                "operator_name": "UNGROUPED_AGGREGATE",
                                "cpu_time": 0.0,
                                "extra_info": {
                                    "Aggregates": [
                                        "sum(#0)",
                                        "sum(#1)"
                                    ]
                                },
                                "cumulative_cardinality": 0,
                                "operator_type": "UNGROUPED_AGGREGATE",
                                "operator_cardinality": 1,
                                "cumulative_rows_scanned": 0,
                                "operator_rows_scanned": 0,
                                "operator_timing": 0.006984638999999999,
                                "result_set_size": 32,
                                "children": [
                                    {
                                        "operator_name": "PROJECTION",
                                        "cpu_time": 0.0,
                                        "extra_info": {
                                            "Projections": [
                                                "CASE  WHEN (prefix(p_type, 'PROMO')) THEN ((l_extendedprice * (1.00 - l_discount))) ELSE 0.0000 END",
                                                "(l_extendedprice * (1.00 - l_discount))"
                                            ],
                                            "Estimated Cardinality": "23998921"
                                        },
                                        "cumulative_cardinality": 0,
                                        "operator_type": "PROJECTION",
                                        "operator_cardinality": 1496983,
                                        "cumulative_rows_scanned": 0,
                                        "operator_rows_scanned": 0,
                                        "operator_timing": 0.059641963,
                                        "result_set_size": 23951728,
                                        "children": [
                                            {
                                                "operator_name": "HASH_JOIN",
                                                "cpu_time": 0.0,
                                                "extra_info": {
                                                    "Join Type": "INNER",
                                                    "Conditions": "l_partkey = p_partkey",
                                                    "Estimated Cardinality": "23998921"
                                                },
                                                "cumulative_cardinality": 0,
                                                "operator_type": "HASH_JOIN",
                                                "operator_cardinality": 1496983,
                                                "cumulative_rows_scanned": 0,
                                                "operator_rows_scanned": 0,
                                                "operator_timing": 2.4174168740000015,
                                                "result_set_size": 47903456,
                                                "children": [
                                                    {
                                                        "operator_name": "PROJECTION",
                                                        "cpu_time": 0.0,
                                                        "extra_info": {
                                                            "Projections": [
                                                                "__internal_compress_integral_uinteger(#0, 1)",
                                                                "#1",
                                                                "#2"
                                                            ],
                                                            "Estimated Cardinality": "23998921"
                                                        },
                                                        "cumulative_cardinality": 0,
                                                        "operator_type": "PROJECTION",
                                                        "operator_cardinality": 1496983,
                                                        "cumulative_rows_scanned": 0,
                                                        "operator_rows_scanned": 0,
                                                        "operator_timing": 0.06514052299999995,
                                                        "result_set_size": 29939660,
                                                        "children": [
                                                            {
                                                                "operator_name": "READ_PARQUET ",
                                                                "cpu_time": 0.0,
                                                                "extra_info": {
                                                                    "Function": "READ_PARQUET",
                                                                    "Projections": [
                                                                        "l_partkey",
                                                                        "l_extendedprice",
                                                                        "l_discount"
                                                                    ],
                                                                    "Filters": "l_shipdate>='1995-09-01'::DATE AND l_shipdate<'1995-10-01'::DATE",
                                                                    "Estimated Cardinality": "23998921"
                                                                },
                                                                "cumulative_cardinality": 0,
                                                                "operator_type": "TABLE_SCAN",
                                                                "operator_cardinality": 1496983,
                                                                "cumulative_rows_scanned": 0,
                                                                "operator_rows_scanned": 1919913728,
                                                                "operator_timing": 9.146429531999997,
                                                                "result_set_size": 35927592,
                                                                "children": []
                                                            }
                                                        ]
                                                    },
                                                    {
                                                        "operator_name": "PROJECTION",
                                                        "cpu_time": 0.0,
                                                        "extra_info": {
                                                            "Projections": [
                                                                "__internal_compress_integral_uinteger(#0, 1)",
                                                                "#1"
                                                            ],
                                                            "Estimated Cardinality": "4000000"
                                                        },
                                                        "cumulative_cardinality": 0,
                                                        "operator_type": "PROJECTION",
                                                        "operator_cardinality": 4000000,
                                                        "cumulative_rows_scanned": 0,
                                                        "operator_rows_scanned": 0,
                                                        "operator_timing": 0.003971722,
                                                        "result_set_size": 80000000,
                                                        "children": [
                                                            {
                                                                "operator_name": "READ_PARQUET ",
                                                                "cpu_time": 0.0,
                                                                "extra_info": {
                                                                    "Function": "READ_PARQUET",
                                                                    "Projections": [
                                                                        "p_partkey",
                                                                        "p_type"
                                                                    ],
                                                                    "Estimated Cardinality": "4000000"
                                                                },
                                                                "cumulative_cardinality": 0,
                                                                "operator_type": "TABLE_SCAN",
                                                                "operator_cardinality": 4000000,
                                                                "cumulative_rows_scanned": 0,
                                                                "operator_rows_scanned": 64000000,
                                                                "operator_timing": 0.18480156800000003,
                                                                "result_set_size": 96000000,
                                                                "children": []
                                                            }
                                                        ]
                                                    }
                                                ]
                                            }
                                        ]
                                    }
                                ]
                            }
                        ]
                    }
                ]
            }
        ]
    },
    "q15": {
        "rows_returned": 0,
        "query_name": "",
        "blocked_thread_time": 0.0,
        "cpu_time": 0.0,
        "extra_info": {},
        "cumulative_cardinality": 0,
        "cumulative_rows_scanned": 0,
        "result_set_size": 0,
        "latency": 0.0,
        "children": [
            {
                "operator_name": "EXPLAIN_ANALYZE",
                "cpu_time": 0.0,
                "extra_info": {},
                "cumulative_cardinality": 0,
                "operator_type": "EXPLAIN_ANALYZE",
                "operator_cardinality": 0,
                "cumulative_rows_scanned": 0,
                "operator_rows_scanned": 0,
                "operator_timing": 2.55e-7,
                "result_set_size": 0,
                "children": [
                    {
                        "operator_name": "PROJECTION",
                        "cpu_time": 0.0,
                        "extra_info": {
                            "Projections": [
                                "__internal_decompress_integral_bigint(#0, 1)",
                                "#1",
                                "#2",
                                "#3",
                                "#4"
                            ],
                            "Estimated Cardinality": "11999460"
                        },
                        "cumulative_cardinality": 0,
                        "operator_type": "PROJECTION",
                        "operator_cardinality": 1,
                        "cumulative_rows_scanned": 0,
                        "operator_rows_scanned": 0,
                        "operator_timing": 0.000001638,
                        "result_set_size": 72,
                        "children": [
                            {
                                "operator_name": "ORDER_BY",
                                "cpu_time": 0.0,
                                "extra_info": {
                                    "Order By": "tpch20.main.supplier.s_suppkey ASC"
                                },
                                "cumulative_cardinality": 0,
                                "operator_type": "ORDER_BY",
                                "operator_cardinality": 1,
                                "cumulative_rows_scanned": 0,
                                "operator_rows_scanned": 0,
                                "operator_timing": 0.000022714,
                                "result_set_size": 68,
                                "children": [
                                    {
                                        "operator_name": "PROJECTION",
                                        "cpu_time": 0.0,
                                        "extra_info": {
                                            "Projections": [
                                                "__internal_compress_integral_uinteger(#0, 1)",
                                                "#1",
                                                "#2",
                                                "#3",
                                                "#4"
                                            ],
                                            "Estimated Cardinality": "11999460"
                                        },
                                        "cumulative_cardinality": 0,
                                        "operator_type": "PROJECTION",
                                        "operator_cardinality": 1,
                                        "cumulative_rows_scanned": 0,
                                        "operator_rows_scanned": 0,
                                        "operator_timing": 0.000001944,
                                        "result_set_size": 68,
                                        "children": [
                                            {
                                                "operator_name": "PROJECTION",
                                                "cpu_time": 0.0,
                                                "extra_info": {
                                                    "Projections": [
                                                        "s_suppkey",
                                                        "s_name",
                                                        "s_address",
                                                        "s_phone",
                                                        "total_revenue"
                                                    ],
                                                    "Estimated Cardinality": "11999460"
                                                },
                                                "cumulative_cardinality": 0,
                                                "operator_type": "PROJECTION",
                                                "operator_cardinality": 1,
                                                "cumulative_rows_scanned": 0,
                                                "operator_rows_scanned": 0,
                                                "operator_timing": 4.58e-7,
                                                "result_set_size": 72,
                                                "children": [
                                                    {
                                                        "operator_name": "CTE",
                                                        "cpu_time": 0.0,
                                                        "extra_info": {
                                                            "CTE Name": "revenue",
                                                            "Table Index": "0"
                                                        },
                                                        "cumulative_cardinality": 0,
                                                        "operator_type": "CTE",
                                                        "operator_cardinality": 0,
                                                        "cumulative_rows_scanned": 0,
                                                        "operator_rows_scanned": 0,
                                                        "operator_timing": 0.003110075,
                                                        "result_set_size": 0,
                                                        "children": [
                                                            {
                                                                "operator_name": "PROJECTION",
                                                                "cpu_time": 0.0,
                                                                "extra_info": {
                                                                    "Projections": [
                                                                        "__internal_decompress_integral_bigint(#0, 1)",
                                                                        "#1"
                                                                    ],
                                                                    "Estimated Cardinality": "11999460"
                                                                },
                                                                "cumulative_cardinality": 0,
                                                                "operator_type": "PROJECTION",
                                                                "operator_cardinality": 200000,
                                                                "cumulative_rows_scanned": 0,
                                                                "operator_rows_scanned": 0,
                                                                "operator_timing": 0.0008864099999999998,
                                                                "result_set_size": 4800000,
                                                                "children": [
                                                                    {
                                                                        "operator_name": "HASH_GROUP_BY",
                                                                        "cpu_time": 0.0,
                                                                        "extra_info": {
                                                                            "Groups": "#0",
                                                                            "Aggregates": "sum(#1)",
                                                                            "Estimated Cardinality": "11999460"
                                                                        },
                                                                        "cumulative_cardinality": 0,
                                                                        "operator_type": "HASH_GROUP_BY",
                                                                        "operator_cardinality": 200000,
                                                                        "cumulative_rows_scanned": 0,
                                                                        "operator_rows_scanned": 0,
                                                                        "operator_timing": 1.5374364719999989,
                                                                        "result_set_size": 4000000,
                                                                        "children": [
                                                                            {
                                                                                "operator_name": "PROJECTION",
                                                                                "cpu_time": 0.0,
                                                                                "extra_info": {
                                                                                    "Projections": [
                                                                                        "supplier_no",
                                                                                        "(l_extendedprice * (1.00 - l_discount))"
                                                                                    ],
                                                                                    "Estimated Cardinality": "23998921"
                                                                                },
                                                                                "cumulative_cardinality": 0,
                                                                                "operator_type": "PROJECTION",
                                                                                "operator_cardinality": 4532314,
                                                                                "cumulative_rows_scanned": 0,
                                                                                "operator_rows_scanned": 0,
                                                                                "operator_timing": 0.11608939099999996,
                                                                                "result_set_size": 54387768,
                                                                                "children": [
                                                                                    {
                                                                                        "operator_name": "PROJECTION",
                                                                                        "cpu_time": 0.0,
                                                                                        "extra_info": {
                                                                                            "Projections": [
                                                                                                "__internal_compress_integral_uinteger(#0, 1)",
                                                                                                "#1",
                                                                                                "#2"
                                                                                            ],
                                                                                            "Estimated Cardinality": "23998921"
                                                                                        },
                                                                                        "cumulative_cardinality": 0,
                                                                                        "operator_type": "PROJECTION",
                                                                                        "operator_cardinality": 4532314,
                                                                                        "cumulative_rows_scanned": 0,
                                                                                        "operator_rows_scanned": 0,
                                                                                        "operator_timing": 0.07470598499999996,
                                                                                        "result_set_size": 90646280,
                                                                                        "children": [
                                                                                            {
                                                                                                "operator_name": "READ_PARQUET ",
                                                                                                "cpu_time": 0.0,
                                                                                                "extra_info": {
                                                                                                    "Function": "READ_PARQUET",
                                                                                                    "Projections": [
                                                                                                        "l_suppkey",
                                                                                                        "l_extendedprice",
                                                                                                        "l_discount"
                                                                                                    ],
                                                                                                    "Filters": "l_shipdate>='1996-01-01'::DATE AND l_shipdate<'1996-04-01'::DATE",
                                                                                                    "Estimated Cardinality": "23998921"
                                                                                                },
                                                                                                "cumulative_cardinality": 0,
                                                                                                "operator_type": "TABLE_SCAN",
                                                                                                "operator_cardinality": 4532314,
                                                                                                "cumulative_rows_scanned": 0,
                                                                                                "operator_rows_scanned": 1919913728,
                                                                                                "operator_timing": 9.607647525,
                                                                                                "result_set_size": 108775536,
                                                                                                "children": []
                                                                                            }
                                                                                        ]
                                                                                    }
                                                                                ]
                                                                            }
                                                                        ]
                                                                    }
                                                                ]
                                                            },
                                                            {
                                                                "operator_name": "HASH_JOIN",
                                                                "cpu_time": 0.0,
                                                                "extra_info": {
                                                                    "Join Type": "INNER",
                                                                    "Conditions": "s_suppkey = supplier_no",
                                                                    "Estimated Cardinality": "0"
                                                                },
                                                                "cumulative_cardinality": 0,
                                                                "operator_type": "HASH_JOIN",
                                                                "operator_cardinality": 1,
                                                                "cumulative_rows_scanned": 0,
                                                                "operator_rows_scanned": 0,
                                                                "operator_timing": 0.00006226,
                                                                "result_set_size": 124,
                                                                "children": [
                                                                    {
                                                                        "operator_name": "READ_PARQUET ",
                                                                        "cpu_time": 0.0,
                                                                        "extra_info": {
                                                                            "Function": "READ_PARQUET",
                                                                            "Projections": [
                                                                                "s_suppkey",
                                                                                "s_name",
                                                                                "s_address",
                                                                                "s_nationkey",
                                                                                "s_phone",
                                                                                "s_acctbal",
                                                                                "s_comment"
                                                                            ],
                                                                            "Estimated Cardinality": "200000"
                                                                        },
                                                                        "cumulative_cardinality": 0,
                                                                        "operator_type": "TABLE_SCAN",
                                                                        "operator_cardinality": 1,
                                                                        "cumulative_rows_scanned": 0,
                                                                        "operator_rows_scanned": 400000,
                                                                        "operator_timing": 0.0075391189999999995,
                                                                        "result_set_size": 84,
                                                                        "children": []
                                                                    },
                                                                    {
                                                                        "operator_name": "HASH_JOIN",
                                                                        "cpu_time": 0.0,
                                                                        "extra_info": {
                                                                            "Join Type": "INNER",
                                                                            "Conditions": "total_revenue = SUBQUERY",
                                                                            "Estimated Cardinality": "0"
                                                                        },
                                                                        "cumulative_cardinality": 0,
                                                                        "operator_type": "HASH_JOIN",
                                                                        "operator_cardinality": 1,
                                                                        "cumulative_rows_scanned": 0,
                                                                        "operator_rows_scanned": 0,
                                                                        "operator_timing": 0.0024061620000000003,
                                                                        "result_set_size": 40,
                                                                        "children": [
                                                                            {
                                                                                "operator_name": "CTE_SCAN",
                                                                                "cpu_time": 0.0,
                                                                                "extra_info": {
                                                                                    "CTE Index": "0",
                                                                                    "Estimated Cardinality": "11999460"
                                                                                },
                                                                                "cumulative_cardinality": 0,
                                                                                "operator_type": "CTE_SCAN",
                                                                                "operator_cardinality": 200000,
                                                                                "cumulative_rows_scanned": 0,
                                                                                "operator_rows_scanned": 0,
                                                                                "operator_timing": 0.00022350400000000002,
                                                                                "result_set_size": 4800000,
                                                                                "children": []
                                                                            },
                                                                            {
                                                                                "operator_name": "PROJECTION",
                                                                                "cpu_time": 0.0,
                                                                                "extra_info": {
                                                                                    "Projections": [
                                                                                        "CASE  WHEN ((#1 > 1)) THEN (error('More than one row returned by a subquery used as an expression - scalar subqueries can only return a single row.",
                                                                                        "Use \"SET scalar_subquery_error_on_multiple_rows=false\" to revert to previous behavior of returning a random row.')) ELSE #0 END"
                                                                                    ],
                                                                                    "Estimated Cardinality": "1"
                                                                                },
                                                                                "cumulative_cardinality": 0,
                                                                                "operator_type": "PROJECTION",
                                                                                "operator_cardinality": 1,
                                                                                "cumulative_rows_scanned": 0,
                                                                                "operator_rows_scanned": 0,
                                                                                "operator_timing": 0.000002241,
                                                                                "result_set_size": 16,
                                                                                "children": [
                                                                                    {
                                                                                        "operator_name": "UNGROUPED_AGGREGATE",
                                                                                        "cpu_time": 0.0,
                                                                                        "extra_info": {
                                                                                            "Aggregates": [
                                                                                                "\"first\"(#0)",
                                                                                                "count_star()"
                                                                                            ]
                                                                                        },
                                                                                        "cumulative_cardinality": 0,
                                                                                        "operator_type": "UNGROUPED_AGGREGATE",
                                                                                        "operator_cardinality": 1,
                                                                                        "cumulative_rows_scanned": 0,
                                                                                        "operator_rows_scanned": 0,
                                                                                        "operator_timing": 0.000002201,
                                                                                        "result_set_size": 24,
                                                                                        "children": [
                                                                                            {
                                                                                                "operator_name": "PROJECTION",
                                                                                                "cpu_time": 0.0,
                                                                                                "extra_info": {
                                                                                                    "Projections": "#0",
                                                                                                    "Estimated Cardinality": "1"
                                                                                                },
                                                                                                "cumulative_cardinality": 0,
                                                                                                "operator_type": "PROJECTION",
                                                                                                "operator_cardinality": 1,
                                                                                                "cumulative_rows_scanned": 0,
                                                                                                "operator_rows_scanned": 0,
                                                                                                "operator_timing": 2.29e-7,
                                                                                                "result_set_size": 16,
                                                                                                "children": [
                                                                                                    {
                                                                                                        "operator_name": "UNGROUPED_AGGREGATE",
                                                                                                        "cpu_time": 0.0,
                                                                                                        "extra_info": {
                                                                                                            "Aggregates": "max(#0)"
                                                                                                        },
                                                                                                        "cumulative_cardinality": 0,
                                                                                                        "operator_type": "UNGROUPED_AGGREGATE",
                                                                                                        "operator_cardinality": 1,
                                                                                                        "cumulative_rows_scanned": 0,
                                                                                                        "operator_rows_scanned": 0,
                                                                                                        "operator_timing": 0.002129982,
                                                                                                        "result_set_size": 16,
                                                                                                        "children": [
                                                                                                            {
                                                                                                                "operator_name": "PROJECTION",
                                                                                                                "cpu_time": 0.0,
                                                                                                                "extra_info": {
                                                                                                                    "Projections": "total_revenue",
                                                                                                                    "Estimated Cardinality": "11999460"
                                                                                                                },
                                                                                                                "cumulative_cardinality": 0,
                                                                                                                "operator_type": "PROJECTION",
                                                                                                                "operator_cardinality": 200000,
                                                                                                                "cumulative_rows_scanned": 0,
                                                                                                                "operator_rows_scanned": 0,
                                                                                                                "operator_timing": 0.000022810999999999996,
                                                                                                                "result_set_size": 3200000,
                                                                                                                "children": [
                                                                                                                    {
                                                                                                                        "operator_name": "CTE_SCAN",
                                                                                                                        "cpu_time": 0.0,
                                                                                                                        "extra_info": {
                                                                                                                            "CTE Index": "0",
                                                                                                                            "Estimated Cardinality": "11999460"
                                                                                                                        },
                                                                                                                        "cumulative_cardinality": 0,
                                                                                                                        "operator_type": "CTE_SCAN",
                                                                                                                        "operator_cardinality": 200000,
                                                                                                                        "cumulative_rows_scanned": 0,
                                                                                                                        "operator_rows_scanned": 0,
                                                                                                                        "operator_timing": 0.000453729,
                                                                                                                        "result_set_size": 4800000,
                                                                                                                        "children": []
                                                                                                                    }
                                                                                                                ]
                                                                                                            }
                                                                                                        ]
                                                                                                    }
                                                                                                ]
                                                                                            }
                                                                                        ]
                                                                                    }
                                                                                ]
                                                                            }
                                                                        ]
                                                                    }
                                                                ]
                                                            }
                                                        ]
                                                    }
                                                ]
                                            }
                                        ]
                                    }
                                ]
                            }
                        ]
                    }
                ]
            }
        ]
    },
    "q16": {
        "rows_returned": 0,
        "query_name": "",
        "blocked_thread_time": 0.0,
        "cpu_time": 0.0,
        "extra_info": {},
        "cumulative_cardinality": 0,
        "cumulative_rows_scanned": 0,
        "result_set_size": 0,
        "latency": 0.0,
        "children": [
            {
                "operator_name": "EXPLAIN_ANALYZE",
                "cpu_time": 0.0,
                "extra_info": {},
                "cumulative_cardinality": 0,
                "operator_type": "EXPLAIN_ANALYZE",
                "operator_cardinality": 0,
                "cumulative_rows_scanned": 0,
                "operator_rows_scanned": 0,
                "operator_timing": 0.0000028129999999999996,
                "result_set_size": 0,
                "children": [
                    {
                        "operator_name": "PROJECTION",
                        "cpu_time": 0.0,
                        "extra_info": {
                            "Projections": [
                                "#0",
                                "#1",
                                "__internal_decompress_integral_integer(#2, 1)",
                                "#3"
                            ],
                            "Estimated Cardinality": "64000"
                        },
                        "cumulative_cardinality": 0,
                        "operator_type": "PROJECTION",
                        "operator_cardinality": 27840,
                        "cumulative_rows_scanned": 0,
                        "operator_rows_scanned": 0,
                        "operator_timing": 0.00009078,
                        "result_set_size": 1224960,
                        "children": [
                            {
                                "operator_name": "ORDER_BY",
                                "cpu_time": 0.0,
                                "extra_info": {
                                    "Order By": [
                                        "count(DISTINCT tpch20.main.partsupp.ps_suppkey) DESC",
                                        "tpch20.main.part.p_brand ASC",
                                        "tpch20.main.part.p_type ASC",
                                        "tpch20.main.part.p_size ASC"
                                    ]
                                },
                                "cumulative_cardinality": 0,
                                "operator_type": "ORDER_BY",
                                "operator_cardinality": 27840,
                                "cumulative_rows_scanned": 0,
                                "operator_rows_scanned": 0,
                                "operator_timing": 0.040330943000000015,
                                "result_set_size": 1141440,
                                "children": [
                                    {
                                        "operator_name": "PROJECTION",
                                        "cpu_time": 0.0,
                                        "extra_info": {
                                            "Projections": [
                                                "#0",
                                                "#1",
                                                "__internal_compress_integral_utinyint(#2, 1)",
                                                "#3"
                                            ],
                                            "Estimated Cardinality": "64000"
                                        },
                                        "cumulative_cardinality": 0,
                                        "operator_type": "PROJECTION",
                                        "operator_cardinality": 27840,
                                        "cumulative_rows_scanned": 0,
                                        "operator_rows_scanned": 0,
                                        "operator_timing": 0.00004603600000000001,
                                        "result_set_size": 1141440,
                                        "children": [
                                            {
                                                "operator_name": "PROJECTION",
                                                "cpu_time": 0.0,
                                                "extra_info": {
                                                    "Projections": [
                                                        "#0",
                                                        "#1",
                                                        "__internal_decompress_integral_integer(#2, 1)",
                                                        "#3"
                                                    ],
                                                    "Estimated Cardinality": "64000"
                                                },
                                                "cumulative_cardinality": 0,
                                                "operator_type": "PROJECTION",
                                                "operator_cardinality": 27840,
                                                "cumulative_rows_scanned": 0,
                                                "operator_rows_scanned": 0,
                                                "operator_timing": 0.000091523,
                                                "result_set_size": 1224960,
                                                "children": [
                                                    {
                                                        "operator_name": "HASH_GROUP_BY",
                                                        "cpu_time": 0.0,
                                                        "extra_info": {
                                                            "Groups": [
                                                                "#0",
                                                                "#1",
                                                                "#2"
                                                            ],
                                                            "Aggregates": "count(DISTINCT #3)",
                                                            "Estimated Cardinality": "64000"
                                                        },
                                                        "cumulative_cardinality": 0,
                                                        "operator_type": "HASH_GROUP_BY",
                                                        "operator_cardinality": 27840,
                                                        "cumulative_rows_scanned": 0,
                                                        "operator_rows_scanned": 0,
                                                        "operator_timing": 0.9179870220000002,
                                                        "result_set_size": 1141440,
                                                        "children": [
                                                            {
                                                                "operator_name": "PROJECTION",
                                                                "cpu_time": 0.0,
                                                                "extra_info": {
                                                                    "Projections": [
                                                                        "p_brand",
                                                                        "p_type",
                                                                        "p_size",
                                                                        "ps_suppkey"
                                                                    ],
                                                                    "Estimated Cardinality": "128000"
                                                                },
                                                                "cumulative_cardinality": 0,
                                                                "operator_type": "PROJECTION",
                                                                "operator_cardinality": 2372547,
                                                                "cumulative_rows_scanned": 0,
                                                                "operator_rows_scanned": 0,
                                                                "operator_timing": 0.0030180549999999995,
                                                                "result_set_size": 97274427,
                                                                "children": [
                                                                    {
                                                                        "operator_name": "PROJECTION",
                                                                        "cpu_time": 0.0,
                                                                        "extra_info": {
                                                                            "Projections": [
                                                                                "#0",
                                                                                "#1",
                                                                                "#2",
                                                                                "__internal_compress_integral_utinyint(#3, 1)"
                                                                            ],
                                                                            "Estimated Cardinality": "128000"
                                                                        },
                                                                        "cumulative_cardinality": 0,
                                                                        "operator_type": "PROJECTION",
                                                                        "operator_cardinality": 2372547,
                                                                        "cumulative_rows_scanned": 0,
                                                                        "operator_rows_scanned": 0,
                                                                        "operator_timing": 0.009353853,
                                                                        "result_set_size": 97274427,
                                                                        "children": [
                                                                            {
                                                                                "operator_name": "PROJECTION",
                                                                                "cpu_time": 0.0,
                                                                                "extra_info": {
                                                                                    "Projections": [
                                                                                        "#0",
                                                                                        "#1",
                                                                                        "#2",
                                                                                        "#3"
                                                                                    ],
                                                                                    "Estimated Cardinality": "128000"
                                                                                },
                                                                                "cumulative_cardinality": 0,
                                                                                "operator_type": "PROJECTION",
                                                                                "operator_cardinality": 2372547,
                                                                                "cumulative_rows_scanned": 0,
                                                                                "operator_rows_scanned": 0,
                                                                                "operator_timing": 0.003260246999999999,
                                                                                "result_set_size": 104392068,
                                                                                "children": [
                                                                                    {
                                                                                        "operator_name": "FILTER",
                                                                                        "cpu_time": 0.0,
                                                                                        "extra_info": {
                                                                                            "Expression": "(NOT SUBQUERY)",
                                                                                            "Estimated Cardinality": "128000"
                                                                                        },
                                                                                        "cumulative_cardinality": 0,
                                                                                        "operator_type": "FILTER",
                                                                                        "operator_cardinality": 2372547,
                                                                                        "cumulative_rows_scanned": 0,
                                                                                        "operator_rows_scanned": 0,
                                                                                        "operator_timing": 0.013702080999999998,
                                                                                        "result_set_size": 106764615,
                                                                                        "children": [
                                                                                            {
                                                                                                "operator_name": "HASH_JOIN",
                                                                                                "cpu_time": 0.0,
                                                                                                "extra_info": {
                                                                                                    "Join Type": "MARK",
                                                                                                    "Conditions": "ps_suppkey = #0",
                                                                                                    "Estimated Cardinality": "640000"
                                                                                                },
                                                                                                "cumulative_cardinality": 0,
                                                                                                "operator_type": "HASH_JOIN",
                                                                                                "operator_cardinality": 2373824,
                                                                                                "cumulative_rows_scanned": 0,
                                                                                                "operator_rows_scanned": 0,
                                                                                                "operator_timing": 0.049036666,
                                                                                                "result_set_size": 106822080,
                                                                                                "children": [
                                                                                                    {
                                                                                                        "operator_name": "HASH_JOIN",
                                                                                                        "cpu_time": 0.0,
                                                                                                        "extra_info": {
                                                                                                            "Join Type": "INNER",
                                                                                                            "Conditions": "ps_partkey = p_partkey",
                                                                                                            "Estimated Cardinality": "640000"
                                                                                                        },
                                                                                                        "cumulative_cardinality": 0,
                                                                                                        "operator_type": "HASH_JOIN",
                                                                                                        "operator_cardinality": 2373824,
                                                                                                        "cumulative_rows_scanned": 0,
                                                                                                        "operator_rows_scanned": 0,
                                                                                                        "operator_timing": 1.0436456029999999,
                                                                                                        "result_set_size": 104448256,
                                                                                                        "children": [
                                                                                                            {
                                                                                                                "operator_name": "READ_PARQUET ",
                                                                                                                "cpu_time": 0.0,
                                                                                                                "extra_info": {
                                                                                                                    "Function": "READ_PARQUET",
                                                                                                                    "Projections": [
                                                                                                                        "ps_partkey",
                                                                                                                        "ps_suppkey"
                                                                                                                    ],
                                                                                                                    "Estimated Cardinality": "16000000"
                                                                                                                },
                                                                                                                "cumulative_cardinality": 0,
                                                                                                                "operator_type": "TABLE_SCAN",
                                                                                                                "operator_cardinality": 15999968,
                                                                                                                "cumulative_rows_scanned": 0,
                                                                                                                "operator_rows_scanned": 256000000,
                                                                                                                "operator_timing": 0.741907585,
                                                                                                                "result_set_size": 255999488,
                                                                                                                "children": []
                                                                                                            },
                                                                                                            {
                                                                                                                "operator_name": "PROJECTION",
                                                                                                                "cpu_time": 0.0,
                                                                                                                "extra_info": {
                                                                                                                    "Projections": [
                                                                                                                        "#0",
                                                                                                                        "#1",
                                                                                                                        "#2",
                                                                                                                        "#3"
                                                                                                                    ],
                                                                                                                    "Estimated Cardinality": "160000"
                                                                                                                },
                                                                                                                "cumulative_cardinality": 0,
                                                                                                                "operator_type": "PROJECTION",
                                                                                                                "operator_cardinality": 593456,
                                                                                                                "cumulative_rows_scanned": 0,
                                                                                                                "operator_rows_scanned": 0,
                                                                                                                "operator_timing": 0.0008293650000000001,
                                                                                                                "result_set_size": 26112064,
                                                                                                                "children": [
                                                                                                                    {
                                                                                                                        "operator_name": "FILTER",
                                                                                                                        "cpu_time": 0.0,
                                                                                                                        "extra_info": {
                                                                                                                            "Expression": "(IN (...) AND (NOT prefix(p_type, 'MEDIUM POLISHED')))",
                                                                                                                            "Estimated Cardinality": "160000"
                                                                                                                        },
                                                                                                                        "cumulative_cardinality": 0,
                                                                                                                        "operator_type": "FILTER",
                                                                                                                        "operator_cardinality": 593456,
                                                                                                                        "cumulative_rows_scanned": 0,
                                                                                                                        "operator_rows_scanned": 0,
                                                                                                                        "operator_timing": 0.037254095,
                                                                                                                        "result_set_size": 26705520,
                                                                                                                        "children": [
                                                                                                                            {
                                                                                                                                "operator_name": "HASH_JOIN",
                                                                                                                                "cpu_time": 0.0,
                                                                                                                                "extra_info": {
                                                                                                                                    "Join Type": "MARK",
                                                                                                                                    "Conditions": "p_size = #0",
                                                                                                                                    "Estimated Cardinality": "800000"
                                                                                                                                },
                                                                                                                                "cumulative_cardinality": 0,
                                                                                                                                "operator_type": "HASH_JOIN",
                                                                                                                                "operator_cardinality": 3839957,
                                                                                                                                "cumulative_rows_scanned": 0,
                                                                                                                                "operator_rows_scanned": 0,
                                                                                                                                "operator_timing": 0.043527205000000006,
                                                                                                                                "result_set_size": 172798065,
                                                                                                                                "children": [
                                                                                                                                    {
                                                                                                                                        "operator_name": "READ_PARQUET ",
                                                                                                                                        "cpu_time": 0.0,
                                                                                                                                        "extra_info": {
                                                                                                                                            "Function": "READ_PARQUET",
                                                                                                                                            "Projections": [
                                                                                                                                                "p_partkey",
                                                                                                                                                "p_brand",
                                                                                                                                                "p_type",
                                                                                                                                                "p_size"
                                                                                                                                            ],
                                                                                                                                            "Filters": [
                                                                                                                                                "p_brand!='Brand#45'",
                                                                                                                                                "optional: p_size IN (3, 9, 14, 19, 23, 36, 45, 49)"
                                                                                                                                            ],
                                                                                                                                            "Estimated Cardinality": "800000"
                                                                                                                                        },
                                                                                                                                        "cumulative_cardinality": 0,
                                                                                                                                        "operator_type": "TABLE_SCAN",
                                                                                                                                        "operator_cardinality": 3839957,
                                                                                                                                        "cumulative_rows_scanned": 0,
                                                                                                                                        "operator_rows_scanned": 64000000,
                                                                                                                                        "operator_timing": 0.322466044,
                                                                                                                                        "result_set_size": 168958108,
                                                                                                                                        "children": []
                                                                                                                                    },
                                                                                                                                    {
                                                                                                                                        "operator_name": "COLUMN_DATA_SCAN",
                                                                                                                                        "cpu_time": 0.0,
                                                                                                                                        "extra_info": {
                                                                                                                                            "Estimated Cardinality": "0"
                                                                                                                                        },
                                                                                                                                        "cumulative_cardinality": 0,
                                                                                                                                        "operator_type": "COLUMN_DATA_SCAN",
                                                                                                                                        "operator_cardinality": 8,
                                                                                                                                        "cumulative_rows_scanned": 0,
                                                                                                                                        "operator_rows_scanned": 0,
                                                                                                                                        "operator_timing": 0.000002391,
                                                                                                                                        "result_set_size": 32,
                                                                                                                                        "children": []
                                                                                                                                    }
                                                                                                                                ]
                                                                                                                            }
                                                                                                                        ]
                                                                                                                    }
                                                                                                                ]
                                                                                                            }
                                                                                                        ]
                                                                                                    },
                                                                                                    {
                                                                                                        "operator_name": "PROJECTION",
                                                                                                        "cpu_time": 0.0,
                                                                                                        "extra_info": {
                                                                                                            "Projections": "#0",
                                                                                                            "Estimated Cardinality": "40000"
                                                                                                        },
                                                                                                        "cumulative_cardinality": 0,
                                                                                                        "operator_type": "PROJECTION",
                                                                                                        "operator_cardinality": 106,
                                                                                                        "cumulative_rows_scanned": 0,
                                                                                                        "operator_rows_scanned": 0,
                                                                                                        "operator_timing": 0.00000248,
                                                                                                        "result_set_size": 848,
                                                                                                        "children": [
                                                                                                            {
                                                                                                                "operator_name": "FILTER",
                                                                                                                "cpu_time": 0.0,
                                                                                                                "extra_info": {
                                                                                                                    "Expression": "(s_comment ~~ '%Customer%Complaints%')",
                                                                                                                    "Estimated Cardinality": "40000"
                                                                                                                },
                                                                                                                "cumulative_cardinality": 0,
                                                                                                                "operator_type": "FILTER",
                                                                                                                "operator_cardinality": 106,
                                                                                                                "cumulative_rows_scanned": 0,
                                                                                                                "operator_rows_scanned": 0,
                                                                                                                "operator_timing": 0.0051005289999999995,
                                                                                                                "result_set_size": 2544,
                                                                                                                "children": [
                                                                                                                    {
                                                                                                                        "operator_name": "READ_PARQUET ",
                                                                                                                        "cpu_time": 0.0,
                                                                                                                        "extra_info": {
                                                                                                                            "Function": "READ_PARQUET",
                                                                                                                            "Projections": [
                                                                                                                                "s_suppkey",
                                                                                                                                "s_comment"
                                                                                                                            ],
                                                                                                                            "Estimated Cardinality": "200000"
                                                                                                                        },
                                                                                                                        "cumulative_cardinality": 0,
                                                                                                                        "operator_type": "TABLE_SCAN",
                                                                                                                        "operator_cardinality": 200000,
                                                                                                                        "cumulative_rows_scanned": 0,
                                                                                                                        "operator_rows_scanned": 400000,
                                                                                                                        "operator_timing": 0.046431860000000005,
                                                                                                                        "result_set_size": 4800000,
                                                                                                                        "children": []
                                                                                                                    }
                                                                                                                ]
                                                                                                            }
                                                                                                        ]
                                                                                                    }
                                                                                                ]
                                                                                            }
                                                                                        ]
                                                                                    }
                                                                                ]
                                                                            }
                                                                        ]
                                                                    }
                                                                ]
                                                            }
                                                        ]
                                                    }
                                                ]
                                            }
                                        ]
                                    }
                                ]
                            }
                        ]
                    }
                ]
            }
        ]
    },
    "q17": {
        "rows_returned": 0,
        "query_name": "",
        "blocked_thread_time": 0.0,
        "cpu_time": 0.0,
        "extra_info": {},
        "cumulative_cardinality": 0,
        "cumulative_rows_scanned": 0,
        "result_set_size": 0,
        "latency": 0.0,
        "children": [
            {
                "operator_name": "EXPLAIN_ANALYZE",
                "cpu_time": 0.0,
                "extra_info": {},
                "cumulative_cardinality": 0,
                "operator_type": "EXPLAIN_ANALYZE",
                "operator_cardinality": 0,
                "cumulative_rows_scanned": 0,
                "operator_rows_scanned": 0,
                "operator_timing": 1.62e-7,
                "result_set_size": 0,
                "children": [
                    {
                        "operator_name": "PROJECTION",
                        "cpu_time": 0.0,
                        "extra_info": {
                            "Projections": "avg_yearly",
                            "Estimated Cardinality": "1"
                        },
                        "cumulative_cardinality": 0,
                        "operator_type": "PROJECTION",
                        "operator_cardinality": 1,
                        "cumulative_rows_scanned": 0,
                        "operator_rows_scanned": 0,
                        "operator_timing": 0.000001654,
                        "result_set_size": 8,
                        "children": [
                            {
                                "operator_name": "UNGROUPED_AGGREGATE",
                                "cpu_time": 0.0,
                                "extra_info": {
                                    "Aggregates": "sum(#0)"
                                },
                                "cumulative_cardinality": 0,
                                "operator_type": "UNGROUPED_AGGREGATE",
                                "operator_cardinality": 1,
                                "cumulative_rows_scanned": 0,
                                "operator_rows_scanned": 0,
                                "operator_timing": 0.00012425099999999997,
                                "result_set_size": 16,
                                "children": [
                                    {
                                        "operator_name": "PROJECTION",
                                        "cpu_time": 0.0,
                                        "extra_info": {
                                            "Projections": "l_extendedprice",
                                            "Estimated Cardinality": "23998921"
                                        },
                                        "cumulative_cardinality": 0,
                                        "operator_type": "PROJECTION",
                                        "operator_cardinality": 10913,
                                        "cumulative_rows_scanned": 0,
                                        "operator_rows_scanned": 0,
                                        "operator_timing": 0.000012571,
                                        "result_set_size": 87304,
                                        "children": [
                                            {
                                                "operator_name": "PROJECTION",
                                                "cpu_time": 0.0,
                                                "extra_info": {
                                                    "Projections": "#2",
                                                    "Estimated Cardinality": "23998921"
                                                },
                                                "cumulative_cardinality": 0,
                                                "operator_type": "PROJECTION",
                                                "operator_cardinality": 10913,
                                                "cumulative_rows_scanned": 0,
                                                "operator_rows_scanned": 0,
                                                "operator_timing": 0.000021844999999999995,
                                                "result_set_size": 87304,
                                                "children": [
                                                    {
                                                        "operator_name": "FILTER",
                                                        "cpu_time": 0.0,
                                                        "extra_info": {
                                                            "Expression": "(CAST(l_quantity AS DOUBLE) < SUBQUERY)",
                                                            "Estimated Cardinality": "23998921"
                                                        },
                                                        "cumulative_cardinality": 0,
                                                        "operator_type": "FILTER",
                                                        "operator_cardinality": 10913,
                                                        "cumulative_rows_scanned": 0,
                                                        "operator_rows_scanned": 0,
                                                        "operator_timing": 0.002154562,
                                                        "result_set_size": 261912,
                                                        "children": [
                                                            {
                                                                "operator_name": "RIGHT_DELIM_JOIN",
                                                                "cpu_time": 0.0,
                                                                "extra_info": {
                                                                    "Join Type": "RIGHT",
                                                                    "Conditions": "p_partkey IS NOT DISTINCT FROM p_partkey",
                                                                    "Estimated Cardinality": "23998921",
                                                                    "Delim Index": "1"
                                                                },
                                                                "cumulative_cardinality": 0,
                                                                "operator_type": "RIGHT_DELIM_JOIN",
                                                                "operator_cardinality": 0,
                                                                "cumulative_rows_scanned": 0,
                                                                "operator_rows_scanned": 0,
                                                                "operator_timing": 0.021642814,
                                                                "result_set_size": 0,
                                                                "children": [
                                                                    {
                                                                        "operator_name": "HASH_JOIN",
                                                                        "cpu_time": 0.0,
                                                                        "extra_info": {
                                                                            "Join Type": "INNER",
                                                                            "Conditions": "l_partkey = p_partkey",
                                                                            "Estimated Cardinality": "23998921"
                                                                        },
                                                                        "cumulative_cardinality": 0,
                                                                        "operator_type": "HASH_JOIN",
                                                                        "operator_cardinality": 122217,
                                                                        "cumulative_rows_scanned": 0,
                                                                        "operator_rows_scanned": 0,
                                                                        "operator_timing": 2.387591794,
                                                                        "result_set_size": 3910944,
                                                                        "children": [
                                                                            {
                                                                                "operator_name": "READ_PARQUET ",
                                                                                "cpu_time": 0.0,
                                                                                "extra_info": {
                                                                                    "Function": "READ_PARQUET",
                                                                                    "Projections": [
                                                                                        "l_partkey",
                                                                                        "l_quantity",
                                                                                        "l_extendedprice"
                                                                                    ],
                                                                                    "Estimated Cardinality": "119994608"
                                                                                },
                                                                                "cumulative_cardinality": 0,
                                                                                "operator_type": "TABLE_SCAN",
                                                                                "operator_cardinality": 119876144,
                                                                                "cumulative_rows_scanned": 0,
                                                                                "operator_rows_scanned": 1919913728,
                                                                                "operator_timing": 7.750313023999997,
                                                                                "result_set_size": 2877027456,
                                                                                "children": []
                                                                            },
                                                                            {
                                                                                "operator_name": "READ_PARQUET ",
                                                                                "cpu_time": 0.0,
                                                                                "extra_info": {
                                                                                    "Function": "READ_PARQUET",
                                                                                    "Projections": "p_partkey",
                                                                                    "Filters": [
                                                                                        "p_brand='Brand#23'",
                                                                                        "p_container='MED BOX'"
                                                                                    ],
                                                                                    "Estimated Cardinality": "800000"
                                                                                },
                                                                                "cumulative_cardinality": 0,
                                                                                "operator_type": "TABLE_SCAN",
                                                                                "operator_cardinality": 4066,
                                                                                "cumulative_rows_scanned": 0,
                                                                                "operator_rows_scanned": 64000000,
                                                                                "operator_timing": 0.255641946,
                                                                                "result_set_size": 32528,
                                                                                "children": []
                                                                            }
                                                                        ]
                                                                    },
                                                                    {
                                                                        "operator_name": "HASH_JOIN",
                                                                        "cpu_time": 0.0,
                                                                        "extra_info": {
                                                                            "Join Type": "RIGHT",
                                                                            "Conditions": "p_partkey IS NOT DISTINCT FROM p_partkey",
                                                                            "Estimated Cardinality": "23998921"
                                                                        },
                                                                        "cumulative_cardinality": 0,
                                                                        "operator_type": "HASH_JOIN",
                                                                        "operator_cardinality": 122217,
                                                                        "cumulative_rows_scanned": 0,
                                                                        "operator_rows_scanned": 0,
                                                                        "operator_timing": 0.011594460999999999,
                                                                        "result_set_size": 2933208,
                                                                        "children": [
                                                                            {
                                                                                "operator_name": "PROJECTION",
                                                                                "cpu_time": 0.0,
                                                                                "extra_info": {
                                                                                    "Projections": [
                                                                                        "(0.2 * avg(l_quantity))",
                                                                                        "p_partkey"
                                                                                    ],
                                                                                    "Estimated Cardinality": "5999730"
                                                                                },
                                                                                "cumulative_cardinality": 0,
                                                                                "operator_type": "PROJECTION",
                                                                                "operator_cardinality": 4066,
                                                                                "cumulative_rows_scanned": 0,
                                                                                "operator_rows_scanned": 0,
                                                                                "operator_timing": 0.0000326,
                                                                                "result_set_size": 65056,
                                                                                "children": [
                                                                                    {
                                                                                        "operator_name": "PROJECTION",
                                                                                        "cpu_time": 0.0,
                                                                                        "extra_info": {
                                                                                            "Projections": [
                                                                                                "__internal_decompress_integral_bigint(#0, 1)",
                                                                                                "#1"
                                                                                            ],
                                                                                            "Estimated Cardinality": "5999730"
                                                                                        },
                                                                                        "cumulative_cardinality": 0,
                                                                                        "operator_type": "PROJECTION",
                                                                                        "operator_cardinality": 4066,
                                                                                        "cumulative_rows_scanned": 0,
                                                                                        "operator_rows_scanned": 0,
                                                                                        "operator_timing": 0.000034535999999999996,
                                                                                        "result_set_size": 65056,
                                                                                        "children": [
                                                                                            {
                                                                                                "operator_name": "HASH_GROUP_BY",
                                                                                                "cpu_time": 0.0,
                                                                                                "extra_info": {
                                                                                                    "Groups": "#0",
                                                                                                    "Aggregates": "avg(#1)",
                                                                                                    "Estimated Cardinality": "5999730"
                                                                                                },
                                                                                                "cumulative_cardinality": 0,
                                                                                                "operator_type": "HASH_GROUP_BY",
                                                                                                "operator_cardinality": 4066,
                                                                                                "cumulative_rows_scanned": 0,
                                                                                                "operator_rows_scanned": 0,
                                                                                                "operator_timing": 0.01893543,
                                                                                                "result_set_size": 48792,
                                                                                                "children": [
                                                                                                    {
                                                                                                        "operator_name": "PROJECTION",
                                                                                                        "cpu_time": 0.0,
                                                                                                        "extra_info": {
                                                                                                            "Projections": [
                                                                                                                "p_partkey",
                                                                                                                "l_quantity"
                                                                                                            ],
                                                                                                            "Estimated Cardinality": "11999460"
                                                                                                        },
                                                                                                        "cumulative_cardinality": 0,
                                                                                                        "operator_type": "PROJECTION",
                                                                                                        "operator_cardinality": 122217,
                                                                                                        "cumulative_rows_scanned": 0,
                                                                                                        "operator_rows_scanned": 0,
                                                                                                        "operator_timing": 0.000049279,
                                                                                                        "result_set_size": 1466604,
                                                                                                        "children": [
                                                                                                            {
                                                                                                                "operator_name": "PROJECTION",
                                                                                                                "cpu_time": 0.0,
                                                                                                                "extra_info": {
                                                                                                                    "Projections": [
                                                                                                                        "#0",
                                                                                                                        "__internal_compress_integral_uinteger(#1, 1)"
                                                                                                                    ],
                                                                                                                    "Estimated Cardinality": "11999460"
                                                                                                                },
                                                                                                                "cumulative_cardinality": 0,
                                                                                                                "operator_type": "PROJECTION",
                                                                                                                "operator_cardinality": 122217,
                                                                                                                "cumulative_rows_scanned": 0,
                                                                                                                "operator_rows_scanned": 0,
                                                                                                                "operator_timing": 0.000350276,
                                                                                                                "result_set_size": 1466604,
                                                                                                                "children": [
                                                                                                                    {
                                                                                                                        "operator_name": "PROJECTION",
                                                                                                                        "cpu_time": 0.0,
                                                                                                                        "extra_info": {
                                                                                                                            "Projections": [
                                                                                                                                "l_quantity",
                                                                                                                                "p_partkey"
                                                                                                                            ],
                                                                                                                            "Estimated Cardinality": "11999460"
                                                                                                                        },
                                                                                                                        "cumulative_cardinality": 0,
                                                                                                                        "operator_type": "PROJECTION",
                                                                                                                        "operator_cardinality": 122217,
                                                                                                                        "cumulative_rows_scanned": 0,
                                                                                                                        "operator_rows_scanned": 0,
                                                                                                                        "operator_timing": 0.00006497899999999999,
                                                                                                                        "result_set_size": 1955472,
                                                                                                                        "children": [
                                                                                                                            {
                                                                                                                                "operator_name": "HASH_JOIN",
                                                                                                                                "cpu_time": 0.0,
                                                                                                                                "extra_info": {
                                                                                                                                    "Join Type": "INNER",
                                                                                                                                    "Conditions": "l_partkey = p_partkey",
                                                                                                                                    "Estimated Cardinality": "11999460"
                                                                                                                                },
                                                                                                                                "cumulative_cardinality": 0,
                                                                                                                                "operator_type": "HASH_JOIN",
                                                                                                                                "operator_cardinality": 122217,
                                                                                                                                "cumulative_rows_scanned": 0,
                                                                                                                                "operator_rows_scanned": 0,
                                                                                                                                "operator_timing": 2.1831667940000026,
                                                                                                                                "result_set_size": 2933208,
                                                                                                                                "children": [
                                                                                                                                    {
                                                                                                                                        "operator_name": "READ_PARQUET ",
                                                                                                                                        "cpu_time": 0.0,
                                                                                                                                        "extra_info": {
                                                                                                                                            "Function": "READ_PARQUET",
                                                                                                                                            "Projections": [
                                                                                                                                                "l_partkey",
                                                                                                                                                "l_quantity"
                                                                                                                                            ],
                                                                                                                                            "Estimated Cardinality": "119994608"
                                                                                                                                        },
                                                                                                                                        "cumulative_cardinality": 0,
                                                                                                                                        "operator_type": "TABLE_SCAN",
                                                                                                                                        "operator_cardinality": 119876144,
                                                                                                                                        "cumulative_rows_scanned": 0,
                                                                                                                                        "operator_rows_scanned": 1919913728,
                                                                                                                                        "operator_timing": 4.799480978000002,
                                                                                                                                        "result_set_size": 1918018304,
                                                                                                                                        "children": []
                                                                                                                                    },
                                                                                                                                    {
                                                                                                                                        "operator_name": "DELIM_SCAN",
                                                                                                                                        "cpu_time": 0.0,
                                                                                                                                        "extra_info": {
                                                                                                                                            "Delim Index": "1",
                                                                                                                                            "Estimated Cardinality": "11999460"
                                                                                                                                        },
                                                                                                                                        "cumulative_cardinality": 0,
                                                                                                                                        "operator_type": "DELIM_SCAN",
                                                                                                                                        "operator_cardinality": 0,
                                                                                                                                        "cumulative_rows_scanned": 0,
                                                                                                                                        "operator_rows_scanned": 0,
                                                                                                                                        "operator_timing": 0.0,
                                                                                                                                        "result_set_size": 0,
                                                                                                                                        "children": []
                                                                                                                                    }
                                                                                                                                ]
                                                                                                                            }
                                                                                                                        ]
                                                                                                                    }
                                                                                                                ]
                                                                                                            }
                                                                                                        ]
                                                                                                    }
                                                                                                ]
                                                                                            }
                                                                                        ]
                                                                                    }
                                                                                ]
                                                                            },
                                                                            {
                                                                                "operator_name": "DUMMY_SCAN",
                                                                                "cpu_time": 0.0,
                                                                                "extra_info": {},
                                                                                "cumulative_cardinality": 0,
                                                                                "operator_type": "DUMMY_SCAN",
                                                                                "operator_cardinality": 0,
                                                                                "cumulative_rows_scanned": 0,
                                                                                "operator_rows_scanned": 0,
                                                                                "operator_timing": 0.0,
                                                                                "result_set_size": 0,
                                                                                "children": []
                                                                            }
                                                                        ]
                                                                    },
                                                                    {
                                                                        "operator_name": "HASH_GROUP_BY",
                                                                        "cpu_time": 0.0,
                                                                        "extra_info": {
                                                                            "Groups": "#0",
                                                                            "Aggregates": "",
                                                                            "Estimated Cardinality": "23998921"
                                                                        },
                                                                        "cumulative_cardinality": 0,
                                                                        "operator_type": "HASH_GROUP_BY",
                                                                        "operator_cardinality": 4066,
                                                                        "cumulative_rows_scanned": 0,
                                                                        "operator_rows_scanned": 0,
                                                                        "operator_timing": 0.004857021,
                                                                        "result_set_size": 32528,
                                                                        "children": []
                                                                    }
                                                                ]
                                                            }
                                                        ]
                                                    }
                                                ]
                                            }
                                        ]
                                    }
                                ]
                            }
                        ]
                    }
                ]
            }
        ]
    },
    "q18": {
        "rows_returned": 0,
        "query_name": "",
        "blocked_thread_time": 0.0,
        "cpu_time": 0.0,
        "extra_info": {},
        "cumulative_cardinality": 0,
        "cumulative_rows_scanned": 0,
        "result_set_size": 0,
        "latency": 0.0,
        "children": [
            {
                "operator_name": "EXPLAIN_ANALYZE",
                "cpu_time": 0.0,
                "extra_info": {},
                "cumulative_cardinality": 0,
                "operator_type": "EXPLAIN_ANALYZE",
                "operator_cardinality": 0,
                "cumulative_rows_scanned": 0,
                "operator_rows_scanned": 0,
                "operator_timing": 6.7e-7,
                "result_set_size": 0,
                "children": [
                    {
                        "operator_name": "TOP_N",
                        "cpu_time": 0.0,
                        "extra_info": {
                            "Top": "100",
                            "Order By": [
                                "tpch20.main.orders.o_totalprice DESC",
                                "tpch20.main.orders.o_orderdate ASC"
                            ]
                        },
                        "cumulative_cardinality": 0,
                        "operator_type": "TOP_N",
                        "operator_cardinality": 100,
                        "cumulative_rows_scanned": 0,
                        "operator_rows_scanned": 0,
                        "operator_timing": 0.000343458,
                        "result_set_size": 6000,
                        "children": [
                            {
                                "operator_name": "PROJECTION",
                                "cpu_time": 0.0,
                                "extra_info": {
                                    "Projections": [
                                        "#0",
                                        "__internal_decompress_integral_bigint(#1, 1)",
                                        "__internal_decompress_integral_bigint(#2, 1)",
                                        "#3",
                                        "#4",
                                        "#5"
                                    ],
                                    "Estimated Cardinality": "3000000"
                                },
                                "cumulative_cardinality": 0,
                                "operator_type": "PROJECTION",
                                "operator_cardinality": 1281,
                                "cumulative_rows_scanned": 0,
                                "operator_rows_scanned": 0,
                                "operator_timing": 0.000037918,
                                "result_set_size": 76860,
                                "children": [
                                    {
                                        "operator_name": "HASH_GROUP_BY",
                                        "cpu_time": 0.0,
                                        "extra_info": {
                                            "Groups": [
                                                "#0",
                                                "#1",
                                                "#2",
                                                "#3",
                                                "#4"
                                            ],
                                            "Aggregates": "sum(#5)",
                                            "Estimated Cardinality": "3000000"
                                        },
                                        "cumulative_cardinality": 0,
                                        "operator_type": "HASH_GROUP_BY",
                                        "operator_cardinality": 1281,
                                        "cumulative_rows_scanned": 0,
                                        "operator_rows_scanned": 0,
                                        "operator_timing": 0.008741175,
                                        "result_set_size": 66612,
                                        "children": [
                                            {
                                                "operator_name": "PROJECTION",
                                                "cpu_time": 0.0,
                                                "extra_info": {
                                                    "Projections": [
                                                        "c_name",
                                                        "c_custkey",
                                                        "o_orderkey",
                                                        "o_orderdate",
                                                        "o_totalprice",
                                                        "l_quantity"
                                                    ],
                                                    "Estimated Cardinality": "23998921"
                                                },
                                                "cumulative_cardinality": 0,
                                                "operator_type": "PROJECTION",
                                                "operator_cardinality": 8967,
                                                "cumulative_rows_scanned": 0,
                                                "operator_rows_scanned": 0,
                                                "operator_timing": 0.000024127999999999997,
                                                "result_set_size": 394548,
                                                "children": [
                                                    {
                                                        "operator_name": "PROJECTION",
                                                        "cpu_time": 0.0,
                                                        "extra_info": {
                                                            "Projections": [
                                                                "#0",
                                                                "__internal_compress_integral_uinteger(#1, 1)",
                                                                "#2",
                                                                "#3",
                                                                "__internal_compress_integral_uinteger(#4, 1)",
                                                                "#5"
                                                            ],
                                                            "Estimated Cardinality": "23998921"
                                                        },
                                                        "cumulative_cardinality": 0,
                                                        "operator_type": "PROJECTION",
                                                        "operator_cardinality": 8967,
                                                        "cumulative_rows_scanned": 0,
                                                        "operator_rows_scanned": 0,
                                                        "operator_timing": 0.00007305099999999999,
                                                        "result_set_size": 394548,
                                                        "children": [
                                                            {
                                                                "operator_name": "PROJECTION",
                                                                "cpu_time": 0.0,
                                                                "extra_info": {
                                                                    "Projections": [
                                                                        "#0",
                                                                        "__internal_decompress_integral_bigint(#1, 1)",
                                                                        "#2",
                                                                        "#3",
                                                                        "__internal_decompress_integral_bigint(#4, 1)",
                                                                        "#5"
                                                                    ],
                                                                    "Estimated Cardinality": "23998921"
                                                                },
                                                                "cumulative_cardinality": 0,
                                                                "operator_type": "PROJECTION",
                                                                "operator_cardinality": 8967,
                                                                "cumulative_rows_scanned": 0,
                                                                "operator_rows_scanned": 0,
                                                                "operator_timing": 0.00007988499999999998,
                                                                "result_set_size": 466284,
                                                                "children": [
                                                                    {
                                                                        "operator_name": "HASH_JOIN",
                                                                        "cpu_time": 0.0,
                                                                        "extra_info": {
                                                                            "Join Type": "INNER",
                                                                            "Conditions": "l_orderkey = o_orderkey",
                                                                            "Estimated Cardinality": "23998921"
                                                                        },
                                                                        "cumulative_cardinality": 0,
                                                                        "operator_type": "HASH_JOIN",
                                                                        "operator_cardinality": 8967,
                                                                        "cumulative_rows_scanned": 0,
                                                                        "operator_rows_scanned": 0,
                                                                        "operator_timing": 1.3602798089999995,
                                                                        "result_set_size": 394548,
                                                                        "children": [
                                                                            {
                                                                                "operator_name": "PROJECTION",
                                                                                "cpu_time": 0.0,
                                                                                "extra_info": {
                                                                                    "Projections": [
                                                                                        "__internal_compress_integral_uinteger(#0, 1)",
                                                                                        "#1"
                                                                                    ],
                                                                                    "Estimated Cardinality": "119994608"
                                                                                },
                                                                                "cumulative_cardinality": 0,
                                                                                "operator_type": "PROJECTION",
                                                                                "operator_cardinality": 119994608,
                                                                                "cumulative_rows_scanned": 0,
                                                                                "operator_rows_scanned": 0,
                                                                                "operator_timing": 0.09590058300000007,
                                                                                "result_set_size": 1439935296,
                                                                                "children": [
                                                                                    {
                                                                                        "operator_name": "READ_PARQUET ",
                                                                                        "cpu_time": 0.0,
                                                                                        "extra_info": {
                                                                                            "Function": "READ_PARQUET",
                                                                                            "Projections": [
                                                                                                "l_orderkey",
                                                                                                "l_quantity"
                                                                                            ],
                                                                                            "Estimated Cardinality": "119994608"
                                                                                        },
                                                                                        "cumulative_cardinality": 0,
                                                                                        "operator_type": "TABLE_SCAN",
                                                                                        "operator_cardinality": 119994608,
                                                                                        "cumulative_rows_scanned": 0,
                                                                                        "operator_rows_scanned": 1919913728,
                                                                                        "operator_timing": 3.9105278360000004,
                                                                                        "result_set_size": 1919913728,
                                                                                        "children": []
                                                                                    }
                                                                                ]
                                                                            },
                                                                            {
                                                                                "operator_name": "PROJECTION",
                                                                                "cpu_time": 0.0,
                                                                                "extra_info": {
                                                                                    "Projections": [
                                                                                        "__internal_compress_integral_uinteger(#0, 1)",
                                                                                        "#1",
                                                                                        "#2",
                                                                                        "__internal_compress_integral_uinteger(#3, 1)",
                                                                                        "#4"
                                                                                    ],
                                                                                    "Estimated Cardinality": "6000000"
                                                                                },
                                                                                "cumulative_cardinality": 0,
                                                                                "operator_type": "PROJECTION",
                                                                                "operator_cardinality": 1281,
                                                                                "cumulative_rows_scanned": 0,
                                                                                "operator_rows_scanned": 0,
                                                                                "operator_timing": 0.00006295899999999999,
                                                                                "result_set_size": 46116,
                                                                                "children": [
                                                                                    {
                                                                                        "operator_name": "PROJECTION",
                                                                                        "cpu_time": 0.0,
                                                                                        "extra_info": {
                                                                                            "Projections": [
                                                                                                "#0",
                                                                                                "#1",
                                                                                                "#2",
                                                                                                "__internal_decompress_integral_bigint(#3, 1)",
                                                                                                "#4"
                                                                                            ],
                                                                                            "Estimated Cardinality": "6000000"
                                                                                        },
                                                                                        "cumulative_cardinality": 0,
                                                                                        "operator_type": "PROJECTION",
                                                                                        "operator_cardinality": 1281,
                                                                                        "cumulative_rows_scanned": 0,
                                                                                        "operator_rows_scanned": 0,
                                                                                        "operator_timing": 0.000043262999999999996,
                                                                                        "result_set_size": 56364,
                                                                                        "children": [
                                                                                            {
                                                                                                "operator_name": "HASH_JOIN",
                                                                                                "cpu_time": 0.0,
                                                                                                "extra_info": {
                                                                                                    "Join Type": "INNER",
                                                                                                    "Conditions": "o_custkey = c_custkey",
                                                                                                    "Estimated Cardinality": "6000000"
                                                                                                },
                                                                                                "cumulative_cardinality": 0,
                                                                                                "operator_type": "HASH_JOIN",
                                                                                                "operator_cardinality": 1281,
                                                                                                "cumulative_rows_scanned": 0,
                                                                                                "operator_rows_scanned": 0,
                                                                                                "operator_timing": 0.884145835,
                                                                                                "result_set_size": 51240,
                                                                                                "children": [
                                                                                                    {
                                                                                                        "operator_name": "PROJECTION",
                                                                                                        "cpu_time": 0.0,
                                                                                                        "extra_info": {
                                                                                                            "Projections": [
                                                                                                                "#0",
                                                                                                                "__internal_compress_integral_uinteger(#1, 1)",
                                                                                                                "#2",
                                                                                                                "#3"
                                                                                                            ],
                                                                                                            "Estimated Cardinality": "6000000"
                                                                                                        },
                                                                                                        "cumulative_cardinality": 0,
                                                                                                        "operator_type": "PROJECTION",
                                                                                                        "operator_cardinality": 1281,
                                                                                                        "cumulative_rows_scanned": 0,
                                                                                                        "operator_rows_scanned": 0,
                                                                                                        "operator_timing": 0.000056160000000000004,
                                                                                                        "result_set_size": 30744,
                                                                                                        "children": [
                                                                                                            {
                                                                                                                "operator_name": "PROJECTION",
                                                                                                                "cpu_time": 0.0,
                                                                                                                "extra_info": {
                                                                                                                    "Projections": [
                                                                                                                        "__internal_decompress_integral_bigint(#0, 1)",
                                                                                                                        "#1",
                                                                                                                        "#2",
                                                                                                                        "#3"
                                                                                                                    ],
                                                                                                                    "Estimated Cardinality": "6000000"
                                                                                                                },
                                                                                                                "cumulative_cardinality": 0,
                                                                                                                "operator_type": "PROJECTION",
                                                                                                                "operator_cardinality": 1281,
                                                                                                                "cumulative_rows_scanned": 0,
                                                                                                                "operator_rows_scanned": 0,
                                                                                                                "operator_timing": 0.000044574,
                                                                                                                "result_set_size": 35868,
                                                                                                                "children": [
                                                                                                                    {
                                                                                                                        "operator_name": "HASH_JOIN",
                                                                                                                        "cpu_time": 0.0,
                                                                                                                        "extra_info": {
                                                                                                                            "Join Type": "SEMI",
                                                                                                                            "Conditions": "o_orderkey = #0",
                                                                                                                            "Estimated Cardinality": "6000000"
                                                                                                                        },
                                                                                                                        "cumulative_cardinality": 0,
                                                                                                                        "operator_type": "HASH_JOIN",
                                                                                                                        "operator_cardinality": 1281,
                                                                                                                        "cumulative_rows_scanned": 0,
                                                                                                                        "operator_rows_scanned": 0,
                                                                                                                        "operator_timing": 0.38306642,
                                                                                                                        "result_set_size": 30744,
                                                                                                                        "children": [
                                                                                                                            {
                                                                                                                                "operator_name": "PROJECTION",
                                                                                                                                "cpu_time": 0.0,
                                                                                                                                "extra_info": {
                                                                                                                                    "Projections": [
                                                                                                                                        "__internal_compress_integral_uinteger(#0, 1)",
                                                                                                                                        "#1",
                                                                                                                                        "#2",
                                                                                                                                        "#3"
                                                                                                                                    ],
                                                                                                                                    "Estimated Cardinality": "30000000"
                                                                                                                                },
                                                                                                                                "cumulative_cardinality": 0,
                                                                                                                                "operator_type": "PROJECTION",
                                                                                                                                "operator_cardinality": 30000000,
                                                                                                                                "cumulative_rows_scanned": 0,
                                                                                                                                "operator_rows_scanned": 0,
                                                                                                                                "operator_timing": 0.027886522999999996,
                                                                                                                                "result_set_size": 720000000,
                                                                                                                                "children": [
                                                                                                                                    {
                                                                                                                                        "operator_name": "READ_PARQUET ",
                                                                                                                                        "cpu_time": 0.0,
                                                                                                                                        "extra_info": {
                                                                                                                                            "Function": "READ_PARQUET",
                                                                                                                                            "Projections": [
                                                                                                                                                "o_orderkey",
                                                                                                                                                "o_custkey",
                                                                                                                                                "o_totalprice",
                                                                                                                                                "o_orderdate"
                                                                                                                                            ],
                                                                                                                                            "Estimated Cardinality": "30000000"
                                                                                                                                        },
                                                                                                                                        "cumulative_cardinality": 0,
                                                                                                                                        "operator_type": "TABLE_SCAN",
                                                                                                                                        "operator_cardinality": 30000000,
                                                                                                                                        "cumulative_rows_scanned": 0,
                                                                                                                                        "operator_rows_scanned": 480000000,
                                                                                                                                        "operator_timing": 2.9632769000000003,
                                                                                                                                        "result_set_size": 840000000,
                                                                                                                                        "children": []
                                                                                                                                    }
                                                                                                                                ]
                                                                                                                            },
                                                                                                                            {
                                                                                                                                "operator_name": "PROJECTION",
                                                                                                                                "cpu_time": 0.0,
                                                                                                                                "extra_info": {
                                                                                                                                    "Projections": "__internal_compress_integral_uinteger(#0, 1)",
                                                                                                                                    "Estimated Cardinality": "11999460"
                                                                                                                                },
                                                                                                                                "cumulative_cardinality": 0,
                                                                                                                                "operator_type": "PROJECTION",
                                                                                                                                "operator_cardinality": 1281,
                                                                                                                                "cumulative_rows_scanned": 0,
                                                                                                                                "operator_rows_scanned": 0,
                                                                                                                                "operator_timing": 0.00006019399999999999,
                                                                                                                                "result_set_size": 5124,
                                                                                                                                "children": [
                                                                                                                                    {
                                                                                                                                        "operator_name": "PROJECTION",
                                                                                                                                        "cpu_time": 0.0,
                                                                                                                                        "extra_info": {
                                                                                                                                            "Projections": "#0",
                                                                                                                                            "Estimated Cardinality": "11999460"
                                                                                                                                        },
                                                                                                                                        "cumulative_cardinality": 0,
                                                                                                                                        "operator_type": "PROJECTION",
                                                                                                                                        "operator_cardinality": 1281,
                                                                                                                                        "cumulative_rows_scanned": 0,
                                                                                                                                        "operator_rows_scanned": 0,
                                                                                                                                        "operator_timing": 0.00001363,
                                                                                                                                        "result_set_size": 10248,
                                                                                                                                        "children": [
                                                                                                                                            {
                                                                                                                                                "operator_name": "FILTER",
                                                                                                                                                "cpu_time": 0.0,
                                                                                                                                                "extra_info": {
                                                                                                                                                    "Expression": "(sum(l_quantity) > 300.00)",
                                                                                                                                                    "Estimated Cardinality": "11999460"
                                                                                                                                                },
                                                                                                                                                "cumulative_cardinality": 0,
                                                                                                                                                "operator_type": "FILTER",
                                                                                                                                                "operator_cardinality": 1281,
                                                                                                                                                "cumulative_rows_scanned": 0,
                                                                                                                                                "operator_rows_scanned": 0,
                                                                                                                                                "operator_timing": 0.082716137,
                                                                                                                                                "result_set_size": 30744,
                                                                                                                                                "children": [
                                                                                                                                                    {
                                                                                                                                                        "operator_name": "PROJECTION",
                                                                                                                                                        "cpu_time": 0.0,
                                                                                                                                                        "extra_info": {
                                                                                                                                                            "Projections": [
                                                                                                                                                                "__internal_decompress_integral_bigint(#0, 1)",
                                                                                                                                                                "#1"
                                                                                                                                                            ],
                                                                                                                                                            "Estimated Cardinality": "59997304"
                                                                                                                                                        },
                                                                                                                                                        "cumulative_cardinality": 0,
                                                                                                                                                        "operator_type": "PROJECTION",
                                                                                                                                                        "operator_cardinality": 30000000,
                                                                                                                                                        "cumulative_rows_scanned": 0,
                                                                                                                                                        "operator_rows_scanned": 0,
                                                                                                                                                        "operator_timing": 0.027219359000000002,
                                                                                                                                                        "result_set_size": 720000000,
                                                                                                                                                        "children": [
                                                                                                                                                            {
                                                                                                                                                                "operator_name": "HASH_GROUP_BY",
                                                                                                                                                                "cpu_time": 0.0,
                                                                                                                                                                "extra_info": {
                                                                                                                                                                    "Groups": "#0",
                                                                                                                                                                    "Aggregates": "sum(#1)",
                                                                                                                                                                    "Estimated Cardinality": "59997304"
                                                                                                                                                                },
                                                                                                                                                                "cumulative_cardinality": 0,
                                                                                                                                                                "operator_type": "HASH_GROUP_BY",
                                                                                                                                                                "operator_cardinality": 30000000,
                                                                                                                                                                "cumulative_rows_scanned": 0,
                                                                                                                                                                "operator_rows_scanned": 0,
                                                                                                                                                                "operator_timing": 18.820225819000004,
                                                                                                                                                                "result_set_size": 600000000,
                                                                                                                                                                "children": [
                                                                                                                                                                    {
                                                                                                                                                                        "operator_name": "PROJECTION",
                                                                                                                                                                        "cpu_time": 0.0,
                                                                                                                                                                        "extra_info": {
                                                                                                                                                                            "Projections": [
                                                                                                                                                                                "l_orderkey",
                                                                                                                                                                                "l_quantity"
                                                                                                                                                                            ],
                                                                                                                                                                            "Estimated Cardinality": "119994608"
                                                                                                                                                                        },
                                                                                                                                                                        "cumulative_cardinality": 0,
                                                                                                                                                                        "operator_type": "PROJECTION",
                                                                                                                                                                        "operator_cardinality": 119994608,
                                                                                                                                                                        "cumulative_rows_scanned": 0,
                                                                                                                                                                        "operator_rows_scanned": 0,
                                                                                                                                                                        "operator_timing": 0.016683813999999984,
                                                                                                                                                                        "result_set_size": 1439935296,
                                                                                                                                                                        "children": [
                                                                                                                                                                            {
                                                                                                                                                                                "operator_name": "PROJECTION",
                                                                                                                                                                                "cpu_time": 0.0,
                                                                                                                                                                                "extra_info": {
                                                                                                                                                                                    "Projections": [
                                                                                                                                                                                        "__internal_compress_integral_uinteger(#0, 1)",
                                                                                                                                                                                        "#1"
                                                                                                                                                                                    ],
                                                                                                                                                                                    "Estimated Cardinality": "119994608"
                                                                                                                                                                                },
                                                                                                                                                                                "cumulative_cardinality": 0,
                                                                                                                                                                                "operator_type": "PROJECTION",
                                                                                                                                                                                "operator_cardinality": 119994608,
                                                                                                                                                                                "cumulative_rows_scanned": 0,
                                                                                                                                                                                "operator_rows_scanned": 0,
                                                                                                                                                                                "operator_timing": 0.10269410699999998,
                                                                                                                                                                                "result_set_size": 1439935296,
                                                                                                                                                                                "children": [
                                                                                                                                                                                    {
                                                                                                                                                                                        "operator_name": "READ_PARQUET ",
                                                                                                                                                                                        "cpu_time": 0.0,
                                                                                                                                                                                        "extra_info": {
                                                                                                                                                                                            "Function": "READ_PARQUET",
                                                                                                                                                                                            "Projections": [
                                                                                                                                                                                                "l_orderkey",
                                                                                                                                                                                                "l_quantity"
                                                                                                                                                                                            ],
                                                                                                                                                                                            "Estimated Cardinality": "119994608"
                                                                                                                                                                                        },
                                                                                                                                                                                        "cumulative_cardinality": 0,
                                                                                                                                                                                        "operator_type": "TABLE_SCAN",
                                                                                                                                                                                        "operator_cardinality": 119994608,
                                                                                                                                                                                        "cumulative_rows_scanned": 0,
                                                                                                                                                                                        "operator_rows_scanned": 1919913728,
                                                                                                                                                                                        "operator_timing": 4.230417071999999,
                                                                                                                                                                                        "result_set_size": 1919913728,
                                                                                                                                                                                        "children": []
                                                                                                                                                                                    }
                                                                                                                                                                                ]
                                                                                                                                                                            }
                                                                                                                                                                        ]
                                                                                                                                                                    }
                                                                                                                                                                ]
                                                                                                                                                            }
                                                                                                                                                        ]
                                                                                                                                                    }
                                                                                                                                                ]
                                                                                                                                            }
                                                                                                                                        ]
                                                                                                                                    }
                                                                                                                                ]
                                                                                                                            }
                                                                                                                        ]
                                                                                                                    }
                                                                                                                ]
                                                                                                            }
                                                                                                        ]
                                                                                                    },
                                                                                                    {
                                                                                                        "operator_name": "PROJECTION",
                                                                                                        "cpu_time": 0.0,
                                                                                                        "extra_info": {
                                                                                                            "Projections": [
                                                                                                                "__internal_compress_integral_uinteger(#0, 1)",
                                                                                                                "#1"
                                                                                                            ],
                                                                                                            "Estimated Cardinality": "3000000"
                                                                                                        },
                                                                                                        "cumulative_cardinality": 0,
                                                                                                        "operator_type": "PROJECTION",
                                                                                                        "operator_cardinality": 2999999,
                                                                                                        "cumulative_rows_scanned": 0,
                                                                                                        "operator_rows_scanned": 0,
                                                                                                        "operator_timing": 0.005284713,
                                                                                                        "result_set_size": 59999980,
                                                                                                        "children": [
                                                                                                            {
                                                                                                                "operator_name": "READ_PARQUET ",
                                                                                                                "cpu_time": 0.0,
                                                                                                                "extra_info": {
                                                                                                                    "Function": "READ_PARQUET",
                                                                                                                    "Projections": [
                                                                                                                        "c_custkey",
                                                                                                                        "c_name"
                                                                                                                    ],
                                                                                                                    "Filters": "c_custkey<=2999999",
                                                                                                                    "Estimated Cardinality": "3000000"
                                                                                                                },
                                                                                                                "cumulative_cardinality": 0,
                                                                                                                "operator_type": "TABLE_SCAN",
                                                                                                                "operator_cardinality": 2999999,
                                                                                                                "cumulative_rows_scanned": 0,
                                                                                                                "operator_rows_scanned": 48000000,
                                                                                                                "operator_timing": 0.33974705899999996,
                                                                                                                "result_set_size": 71999976,
                                                                                                                "children": []
                                                                                                            }
                                                                                                        ]
                                                                                                    }
                                                                                                ]
                                                                                            }
                                                                                        ]
                                                                                    }
                                                                                ]
                                                                            }
                                                                        ]
                                                                    }
                                                                ]
                                                            }
                                                        ]
                                                    }
                                                ]
                                            }
                                        ]
                                    }
                                ]
                            }
                        ]
                    }
                ]
            }
        ]
    },
    "q19": {
        "rows_returned": 0,
        "query_name": "",
        "blocked_thread_time": 0.0,
        "cpu_time": 0.0,
        "extra_info": {},
        "cumulative_cardinality": 0,
        "cumulative_rows_scanned": 0,
        "result_set_size": 0,
        "latency": 0.0,
        "children": [
            {
                "operator_name": "EXPLAIN_ANALYZE",
                "cpu_time": 0.0,
                "extra_info": {},
                "cumulative_cardinality": 0,
                "operator_type": "EXPLAIN_ANALYZE",
                "operator_cardinality": 0,
                "cumulative_rows_scanned": 0,
                "operator_rows_scanned": 0,
                "operator_timing": 6.33e-7,
                "result_set_size": 0,
                "children": [
                    {
                        "operator_name": "UNGROUPED_AGGREGATE",
                        "cpu_time": 0.0,
                        "extra_info": {
                            "Aggregates": "sum(#0)"
                        },
                        "cumulative_cardinality": 0,
                        "operator_type": "UNGROUPED_AGGREGATE",
                        "operator_cardinality": 1,
                        "cumulative_rows_scanned": 0,
                        "operator_rows_scanned": 0,
                        "operator_timing": 0.000032791,
                        "result_set_size": 16,
                        "children": [
                            {
                                "operator_name": "PROJECTION",
                                "cpu_time": 0.0,
                                "extra_info": {
                                    "Projections": "(l_extendedprice * (1.00 - l_discount))",
                                    "Estimated Cardinality": "4799784"
                                },
                                "cumulative_cardinality": 0,
                                "operator_type": "PROJECTION",
                                "operator_cardinality": 2358,
                                "cumulative_rows_scanned": 0,
                                "operator_rows_scanned": 0,
                                "operator_timing": 0.000055173,
                                "result_set_size": 18864,
                                "children": [
                                    {
                                        "operator_name": "PROJECTION",
                                        "cpu_time": 0.0,
                                        "extra_info": {
                                            "Projections": [
                                                "#4",
                                                "#5"
                                            ],
                                            "Estimated Cardinality": "4799784"
                                        },
                                        "cumulative_cardinality": 0,
                                        "operator_type": "PROJECTION",
                                        "operator_cardinality": 2358,
                                        "cumulative_rows_scanned": 0,
                                        "operator_rows_scanned": 0,
                                        "operator_timing": 0.000014778999999999999,
                                        "result_set_size": 37728,
                                        "children": [
                                            {
                                                "operator_name": "FILTER",
                                                "cpu_time": 0.0,
                                                "extra_info": {
                                                    "Expression": "(((l_quantity <= 11.00) AND (p_size <= 5) AND (p_brand = 'Brand#12') AND ((p_container = 'SM CASE') OR (p_container = 'SM BOX') OR (p_container = 'SM PACK') OR (p_container = 'SM PKG'))) OR ((l_quantity >= 10.00) AND (l_quantity <= 20.00) AND (p_size <= 10) AND (p_brand = 'Brand#23') AND ((p_container = 'MED BAG') OR (p_container = 'MED BOX') OR (p_container = 'MED PKG') OR (p_container = 'MED PACK'))) OR ((l_quantity >= 20.00) AND (l_quantity <= 30.00) AND (p_size <= 15) AND (p_brand = 'Brand#34') AND ((p_container = 'LG CASE') OR (p_container = 'LG BOX') OR (p_container = 'LG PACK') OR (p_container = 'LG PKG'))))",
                                                    "Estimated Cardinality": "4799784"
                                                },
                                                "cumulative_cardinality": 0,
                                                "operator_type": "FILTER",
                                                "operator_cardinality": 2358,
                                                "cumulative_rows_scanned": 0,
                                                "operator_rows_scanned": 0,
                                                "operator_timing": 0.21782821899999996,
                                                "result_set_size": 141480,
                                                "children": [
                                                    {
                                                        "operator_name": "HASH_JOIN",
                                                        "cpu_time": 0.0,
                                                        "extra_info": {
                                                            "Join Type": "INNER",
                                                            "Conditions": "p_partkey = l_partkey",
                                                            "Estimated Cardinality": "4799784"
                                                        },
                                                        "cumulative_cardinality": 0,
                                                        "operator_type": "HASH_JOIN",
                                                        "operator_cardinality": 4285986,
                                                        "cumulative_rows_scanned": 0,
                                                        "operator_rows_scanned": 0,
                                                        "operator_timing": 3.289499354999999,
                                                        "result_set_size": 257159160,
                                                        "children": [
                                                            {
                                                                "operator_name": "PROJECTION",
                                                                "cpu_time": 0.0,
                                                                "extra_info": {
                                                                    "Projections": [
                                                                        "__internal_compress_integral_uinteger(#0, 1)",
                                                                        "#1",
                                                                        "#2",
                                                                        "#3"
                                                                    ],
                                                                    "Estimated Cardinality": "4000000"
                                                                },
                                                                "cumulative_cardinality": 0,
                                                                "operator_type": "PROJECTION",
                                                                "operator_cardinality": 4000000,
                                                                "cumulative_rows_scanned": 0,
                                                                "operator_rows_scanned": 0,
                                                                "operator_timing": 0.007671465000000001,
                                                                "result_set_size": 160000000,
                                                                "children": [
                                                                    {
                                                                        "operator_name": "READ_PARQUET ",
                                                                        "cpu_time": 0.0,
                                                                        "extra_info": {
                                                                            "Function": "READ_PARQUET",
                                                                            "Projections": [
                                                                                "p_partkey",
                                                                                "p_brand",
                                                                                "p_size",
                                                                                "p_container"
                                                                            ],
                                                                            "Estimated Cardinality": "4000000"
                                                                        },
                                                                        "cumulative_cardinality": 0,
                                                                        "operator_type": "TABLE_SCAN",
                                                                        "operator_cardinality": 4000000,
                                                                        "cumulative_rows_scanned": 0,
                                                                        "operator_rows_scanned": 64000000,
                                                                        "operator_timing": 0.296573376,
                                                                        "result_set_size": 176000000,
                                                                        "children": []
                                                                    }
                                                                ]
                                                            },
                                                            {
                                                                "operator_name": "PROJECTION",
                                                                "cpu_time": 0.0,
                                                                "extra_info": {
                                                                    "Projections": [
                                                                        "__internal_compress_integral_uinteger(#0, 1)",
                                                                        "#1",
                                                                        "#2",
                                                                        "#3"
                                                                    ],
                                                                    "Estimated Cardinality": "4799784"
                                                                },
                                                                "cumulative_cardinality": 0,
                                                                "operator_type": "PROJECTION",
                                                                "operator_cardinality": 4285986,
                                                                "cumulative_rows_scanned": 0,
                                                                "operator_rows_scanned": 0,
                                                                "operator_timing": 0.081881863,
                                                                "result_set_size": 120007608,
                                                                "children": [
                                                                    {
                                                                        "operator_name": "PROJECTION",
                                                                        "cpu_time": 0.0,
                                                                        "extra_info": {
                                                                            "Projections": [
                                                                                "#0",
                                                                                "#1",
                                                                                "#2",
                                                                                "#3"
                                                                            ],
                                                                            "Estimated Cardinality": "4799784"
                                                                        },
                                                                        "cumulative_cardinality": 0,
                                                                        "operator_type": "PROJECTION",
                                                                        "operator_cardinality": 4285986,
                                                                        "cumulative_rows_scanned": 0,
                                                                        "operator_rows_scanned": 0,
                                                                        "operator_timing": 0.026679600999999997,
                                                                        "result_set_size": 137151552,
                                                                        "children": [
                                                                            {
                                                                                "operator_name": "FILTER",
                                                                                "cpu_time": 0.0,
                                                                                "extra_info": {
                                                                                    "Expression": "((l_shipmode = 'AIR') OR (l_shipmode = 'AIR REG'))",
                                                                                    "Estimated Cardinality": "4799784"
                                                                                },
                                                                                "cumulative_cardinality": 0,
                                                                                "operator_type": "FILTER",
                                                                                "operator_cardinality": 4285986,
                                                                                "cumulative_rows_scanned": 0,
                                                                                "operator_rows_scanned": 0,
                                                                                "operator_timing": 0.7238063419999998,
                                                                                "result_set_size": 205727328,
                                                                                "children": [
                                                                                    {
                                                                                        "operator_name": "READ_PARQUET ",
                                                                                        "cpu_time": 0.0,
                                                                                        "extra_info": {
                                                                                            "Function": "READ_PARQUET",
                                                                                            "Projections": [
                                                                                                "l_partkey",
                                                                                                "l_quantity",
                                                                                                "l_extendedprice",
                                                                                                "l_discount",
                                                                                                "l_shipmode"
                                                                                            ],
                                                                                            "Filters": [
                                                                                                "l_shipinstruct='DELIVER IN PERSON'",
                                                                                                "optional: l_shipmode IN ('AIR', 'AIR REG')"
                                                                                            ],
                                                                                            "Estimated Cardinality": "23998921"
                                                                                        },
                                                                                        "cumulative_cardinality": 0,
                                                                                        "operator_type": "TABLE_SCAN",
                                                                                        "operator_cardinality": 29990671,
                                                                                        "cumulative_rows_scanned": 0,
                                                                                        "operator_rows_scanned": 1919913728,
                                                                                        "operator_timing": 17.34004704800001,
                                                                                        "result_set_size": 1439552208,
                                                                                        "children": []
                                                                                    }
                                                                                ]
                                                                            }
                                                                        ]
                                                                    }
                                                                ]
                                                            }
                                                        ]
                                                    }
                                                ]
                                            }
                                        ]
                                    }
                                ]
                            }
                        ]
                    }
                ]
            }
        ]
    },
    "q20": {
        "rows_returned": 0,
        "query_name": "",
        "blocked_thread_time": 0.0,
        "cpu_time": 0.0,
        "extra_info": {},
        "cumulative_cardinality": 0,
        "cumulative_rows_scanned": 0,
        "result_set_size": 0,
        "latency": 0.0,
        "children": [
            {
                "operator_name": "EXPLAIN_ANALYZE",
                "cpu_time": 0.0,
                "extra_info": {},
                "cumulative_cardinality": 0,
                "operator_type": "EXPLAIN_ANALYZE",
                "operator_cardinality": 0,
                "cumulative_rows_scanned": 0,
                "operator_rows_scanned": 0,
                "operator_timing": 1.65e-7,
                "result_set_size": 0,
                "children": [
                    {
                        "operator_name": "ORDER_BY",
                        "cpu_time": 0.0,
                        "extra_info": {
                            "Order By": "tpch20.main.supplier.s_name ASC"
                        },
                        "cumulative_cardinality": 0,
                        "operator_type": "ORDER_BY",
                        "operator_cardinality": 3543,
                        "cumulative_rows_scanned": 0,
                        "operator_rows_scanned": 0,
                        "operator_timing": 0.000303977,
                        "result_set_size": 113376,
                        "children": [
                            {
                                "operator_name": "HASH_JOIN",
                                "cpu_time": 0.0,
                                "extra_info": {
                                    "Join Type": "RIGHT_SEMI",
                                    "Conditions": "#0 = s_suppkey",
                                    "Estimated Cardinality": "8000"
                                },
                                "cumulative_cardinality": 0,
                                "operator_type": "HASH_JOIN",
                                "operator_cardinality": 3543,
                                "cumulative_rows_scanned": 0,
                                "operator_rows_scanned": 0,
                                "operator_timing": 0.0062068060000000005,
                                "result_set_size": 113376,
                                "children": [
                                    {
                                        "operator_name": "PROJECTION",
                                        "cpu_time": 0.0,
                                        "extra_info": {
                                            "Projections": "#1",
                                            "Estimated Cardinality": "3200000"
                                        },
                                        "cumulative_cardinality": 0,
                                        "operator_type": "PROJECTION",
                                        "operator_cardinality": 118043,
                                        "cumulative_rows_scanned": 0,
                                        "operator_rows_scanned": 0,
                                        "operator_timing": 0.000050129999999999996,
                                        "result_set_size": 944344,
                                        "children": [
                                            {
                                                "operator_name": "FILTER",
                                                "cpu_time": 0.0,
                                                "extra_info": {
                                                    "Expression": "(CAST(ps_availqty AS DECIMAL(38,3)) > SUBQUERY)",
                                                    "Estimated Cardinality": "3200000"
                                                },
                                                "cumulative_cardinality": 0,
                                                "operator_type": "FILTER",
                                                "operator_cardinality": 118043,
                                                "cumulative_rows_scanned": 0,
                                                "operator_rows_scanned": 0,
                                                "operator_timing": 0.006420802999999999,
                                                "result_set_size": 3777376,
                                                "children": [
                                                    {
                                                        "operator_name": "RIGHT_DELIM_JOIN",
                                                        "cpu_time": 0.0,
                                                        "extra_info": {
                                                            "Join Type": "RIGHT",
                                                            "Conditions": [
                                                                "ps_partkey IS NOT DISTINCT FROM ps_partkey",
                                                                "ps_suppkey IS NOT DISTINCT FROM ps_suppkey"
                                                            ],
                                                            "Estimated Cardinality": "3200000",
                                                            "Delim Index": "1"
                                                        },
                                                        "cumulative_cardinality": 0,
                                                        "operator_type": "RIGHT_DELIM_JOIN",
                                                        "operator_cardinality": 0,
                                                        "cumulative_rows_scanned": 0,
                                                        "operator_rows_scanned": 0,
                                                        "operator_timing": 0.049308317000000004,
                                                        "result_set_size": 0,
                                                        "children": [
                                                            {
                                                                "operator_name": "HASH_JOIN",
                                                                "cpu_time": 0.0,
                                                                "extra_info": {
                                                                    "Join Type": "SEMI",
                                                                    "Conditions": "ps_partkey = #0",
                                                                    "Estimated Cardinality": "3200000"
                                                                },
                                                                "cumulative_cardinality": 0,
                                                                "operator_type": "HASH_JOIN",
                                                                "operator_cardinality": 173856,
                                                                "cumulative_rows_scanned": 0,
                                                                "operator_rows_scanned": 0,
                                                                "operator_timing": 0.2684877639999999,
                                                                "result_set_size": 4172544,
                                                                "children": [
                                                                    {
                                                                        "operator_name": "READ_PARQUET ",
                                                                        "cpu_time": 0.0,
                                                                        "extra_info": {
                                                                            "Function": "READ_PARQUET",
                                                                            "Projections": [
                                                                                "ps_partkey",
                                                                                "ps_suppkey",
                                                                                "ps_availqty"
                                                                            ],
                                                                            "Estimated Cardinality": "16000000"
                                                                        },
                                                                        "cumulative_cardinality": 0,
                                                                        "operator_type": "TABLE_SCAN",
                                                                        "operator_cardinality": 15999796,
                                                                        "cumulative_rows_scanned": 0,
                                                                        "operator_rows_scanned": 256000000,
                                                                        "operator_timing": 1.2104630740000002,
                                                                        "result_set_size": 383995104,
                                                                        "children": []
                                                                    },
                                                                    {
                                                                        "operator_name": "PROJECTION",
                                                                        "cpu_time": 0.0,
                                                                        "extra_info": {
                                                                            "Projections": "#0",
                                                                            "Estimated Cardinality": "160000"
                                                                        },
                                                                        "cumulative_cardinality": 0,
                                                                        "operator_type": "PROJECTION",
                                                                        "operator_cardinality": 43464,
                                                                        "cumulative_rows_scanned": 0,
                                                                        "operator_rows_scanned": 0,
                                                                        "operator_timing": 0.000023721,
                                                                        "result_set_size": 347712,
                                                                        "children": [
                                                                            {
                                                                                "operator_name": "FILTER",
                                                                                "cpu_time": 0.0,
                                                                                "extra_info": {
                                                                                    "Expression": "prefix(p_name, 'forest')",
                                                                                    "Estimated Cardinality": "160000"
                                                                                },
                                                                                "cumulative_cardinality": 0,
                                                                                "operator_type": "FILTER",
                                                                                "operator_cardinality": 43464,
                                                                                "cumulative_rows_scanned": 0,
                                                                                "operator_rows_scanned": 0,
                                                                                "operator_timing": 0.008378258000000001,
                                                                                "result_set_size": 1043136,
                                                                                "children": [
                                                                                    {
                                                                                        "operator_name": "READ_PARQUET ",
                                                                                        "cpu_time": 0.0,
                                                                                        "extra_info": {
                                                                                            "Function": "READ_PARQUET",
                                                                                            "Projections": [
                                                                                                "p_partkey",
                                                                                                "p_name"
                                                                                            ],
                                                                                            "Filters": "p_name>='forest' AND p_name<'foresu'",
                                                                                            "Estimated Cardinality": "800000"
                                                                                        },
                                                                                        "cumulative_cardinality": 0,
                                                                                        "operator_type": "TABLE_SCAN",
                                                                                        "operator_cardinality": 43464,
                                                                                        "cumulative_rows_scanned": 0,
                                                                                        "operator_rows_scanned": 64000000,
                                                                                        "operator_timing": 0.8250902719999997,
                                                                                        "result_set_size": 1043136,
                                                                                        "children": []
                                                                                    }
                                                                                ]
                                                                            }
                                                                        ]
                                                                    }
                                                                ]
                                                            },
                                                            {
                                                                "operator_name": "HASH_JOIN",
                                                                "cpu_time": 0.0,
                                                                "extra_info": {
                                                                    "Join Type": "RIGHT",
                                                                    "Conditions": [
                                                                        "ps_partkey IS NOT DISTINCT FROM ps_partkey",
                                                                        "ps_suppkey IS NOT DISTINCT FROM ps_suppkey"
                                                                    ],
                                                                    "Estimated Cardinality": "3200000"
                                                                },
                                                                "cumulative_cardinality": 0,
                                                                "operator_type": "HASH_JOIN",
                                                                "operator_cardinality": 173856,
                                                                "cumulative_rows_scanned": 0,
                                                                "operator_rows_scanned": 0,
                                                                "operator_timing": 0.033264315999999995,
                                                                "result_set_size": 5563392,
                                                                "children": [
                                                                    {
                                                                        "operator_name": "PROJECTION",
                                                                        "cpu_time": 0.0,
                                                                        "extra_info": {
                                                                            "Projections": [
                                                                                "(0.5 * sum(l_quantity))",
                                                                                "ps_partkey",
                                                                                "ps_suppkey"
                                                                            ],
                                                                            "Estimated Cardinality": "1199946"
                                                                        },
                                                                        "cumulative_cardinality": 0,
                                                                        "operator_type": "PROJECTION",
                                                                        "operator_cardinality": 118304,
                                                                        "cumulative_rows_scanned": 0,
                                                                        "operator_rows_scanned": 0,
                                                                        "operator_timing": 0.004243628,
                                                                        "result_set_size": 3785728,
                                                                        "children": [
                                                                            {
                                                                                "operator_name": "PROJECTION",
                                                                                "cpu_time": 0.0,
                                                                                "extra_info": {
                                                                                    "Projections": [
                                                                                        "__internal_decompress_integral_bigint(#0, 1)",
                                                                                        "__internal_decompress_integral_bigint(#1, 1)",
                                                                                        "#2"
                                                                                    ],
                                                                                    "Estimated Cardinality": "1199946"
                                                                                },
                                                                                "cumulative_cardinality": 0,
                                                                                "operator_type": "PROJECTION",
                                                                                "operator_cardinality": 118304,
                                                                                "cumulative_rows_scanned": 0,
                                                                                "operator_rows_scanned": 0,
                                                                                "operator_timing": 0.000565114,
                                                                                "result_set_size": 3785728,
                                                                                "children": [
                                                                                    {
                                                                                        "operator_name": "HASH_GROUP_BY",
                                                                                        "cpu_time": 0.0,
                                                                                        "extra_info": {
                                                                                            "Groups": [
                                                                                                "#0",
                                                                                                "#1"
                                                                                            ],
                                                                                            "Aggregates": "sum(#2)",
                                                                                            "Estimated Cardinality": "1199946"
                                                                                        },
                                                                                        "cumulative_cardinality": 0,
                                                                                        "operator_type": "HASH_GROUP_BY",
                                                                                        "operator_cardinality": 118304,
                                                                                        "cumulative_rows_scanned": 0,
                                                                                        "operator_rows_scanned": 0,
                                                                                        "operator_timing": 0.063617209,
                                                                                        "result_set_size": 2839296,
                                                                                        "children": [
                                                                                            {
                                                                                                "operator_name": "PROJECTION",
                                                                                                "cpu_time": 0.0,
                                                                                                "extra_info": {
                                                                                                    "Projections": [
                                                                                                        "ps_partkey",
                                                                                                        "ps_suppkey",
                                                                                                        "l_quantity"
                                                                                                    ],
                                                                                                    "Estimated Cardinality": "2399892"
                                                                                                },
                                                                                                "cumulative_cardinality": 0,
                                                                                                "operator_type": "PROJECTION",
                                                                                                "operator_cardinality": 197712,
                                                                                                "cumulative_rows_scanned": 0,
                                                                                                "operator_rows_scanned": 0,
                                                                                                "operator_timing": 0.00014063000000000004,
                                                                                                "result_set_size": 3163392,
                                                                                                "children": [
                                                                                                    {
                                                                                                        "operator_name": "PROJECTION",
                                                                                                        "cpu_time": 0.0,
                                                                                                        "extra_info": {
                                                                                                            "Projections": [
                                                                                                                "#0",
                                                                                                                "__internal_compress_integral_uinteger(#1, 1)",
                                                                                                                "__internal_compress_integral_uinteger(#2, 1)"
                                                                                                            ],
                                                                                                            "Estimated Cardinality": "2399892"
                                                                                                        },
                                                                                                        "cumulative_cardinality": 0,
                                                                                                        "operator_type": "PROJECTION",
                                                                                                        "operator_cardinality": 197712,
                                                                                                        "cumulative_rows_scanned": 0,
                                                                                                        "operator_rows_scanned": 0,
                                                                                                        "operator_timing": 0.0013271769999999997,
                                                                                                        "result_set_size": 3163392,
                                                                                                        "children": [
                                                                                                            {
                                                                                                                "operator_name": "PROJECTION",
                                                                                                                "cpu_time": 0.0,
                                                                                                                "extra_info": {
                                                                                                                    "Projections": [
                                                                                                                        "l_quantity",
                                                                                                                        "ps_partkey",
                                                                                                                        "ps_suppkey"
                                                                                                                    ],
                                                                                                                    "Estimated Cardinality": "2399892"
                                                                                                                },
                                                                                                                "cumulative_cardinality": 0,
                                                                                                                "operator_type": "PROJECTION",
                                                                                                                "operator_cardinality": 197712,
                                                                                                                "cumulative_rows_scanned": 0,
                                                                                                                "operator_rows_scanned": 0,
                                                                                                                "operator_timing": 0.00016650600000000002,
                                                                                                                "result_set_size": 4745088,
                                                                                                                "children": [
                                                                                                                    {
                                                                                                                        "operator_name": "HASH_JOIN",
                                                                                                                        "cpu_time": 0.0,
                                                                                                                        "extra_info": {
                                                                                                                            "Join Type": "INNER",
                                                                                                                            "Conditions": [
                                                                                                                                "l_partkey = ps_partkey",
                                                                                                                                "l_suppkey = ps_suppkey"
                                                                                                                            ],
                                                                                                                            "Estimated Cardinality": "2399892"
                                                                                                                        },
                                                                                                                        "cumulative_cardinality": 0,
                                                                                                                        "operator_type": "HASH_JOIN",
                                                                                                                        "operator_cardinality": 197712,
                                                                                                                        "cumulative_rows_scanned": 0,
                                                                                                                        "operator_rows_scanned": 0,
                                                                                                                        "operator_timing": 1.9483689290000017,
                                                                                                                        "result_set_size": 7908480,
                                                                                                                        "children": [
                                                                                                                            {
                                                                                                                                "operator_name": "READ_PARQUET ",
                                                                                                                                "cpu_time": 0.0,
                                                                                                                                "extra_info": {
                                                                                                                                    "Function": "READ_PARQUET",
                                                                                                                                    "Projections": [
                                                                                                                                        "l_partkey",
                                                                                                                                        "l_suppkey",
                                                                                                                                        "l_quantity"
                                                                                                                                    ],
                                                                                                                                    "Filters": "l_shipdate>='1994-01-01'::DATE AND l_shipdate<'1995-01-01'::DATE",
                                                                                                                                    "Estimated Cardinality": "23998921"
                                                                                                                                },
                                                                                                                                "cumulative_cardinality": 0,
                                                                                                                                "operator_type": "TABLE_SCAN",
                                                                                                                                "operator_cardinality": 18195029,
                                                                                                                                "cumulative_rows_scanned": 0,
                                                                                                                                "operator_rows_scanned": 1919913728,
                                                                                                                                "operator_timing": 12.199315860999999,
                                                                                                                                "result_set_size": 436680696,
                                                                                                                                "children": []
                                                                                                                            },
                                                                                                                            {
                                                                                                                                "operator_name": "DELIM_SCAN",
                                                                                                                                "cpu_time": 0.0,
                                                                                                                                "extra_info": {
                                                                                                                                    "Delim Index": "1",
                                                                                                                                    "Estimated Cardinality": "1600000"
                                                                                                                                },
                                                                                                                                "cumulative_cardinality": 0,
                                                                                                                                "operator_type": "DELIM_SCAN",
                                                                                                                                "operator_cardinality": 0,
                                                                                                                                "cumulative_rows_scanned": 0,
                                                                                                                                "operator_rows_scanned": 0,
                                                                                                                                "operator_timing": 0.0,
                                                                                                                                "result_set_size": 0,
                                                                                                                                "children": []
                                                                                                                            }
                                                                                                                        ]
                                                                                                                    }
                                                                                                                ]
                                                                                                            }
                                                                                                        ]
                                                                                                    }
                                                                                                ]
                                                                                            }
                                                                                        ]
                                                                                    }
                                                                                ]
                                                                            }
                                                                        ]
                                                                    },
                                                                    {
                                                                        "operator_name": "DUMMY_SCAN",
                                                                        "cpu_time": 0.0,
                                                                        "extra_info": {},
                                                                        "cumulative_cardinality": 0,
                                                                        "operator_type": "DUMMY_SCAN",
                                                                        "operator_cardinality": 0,
                                                                        "cumulative_rows_scanned": 0,
                                                                        "operator_rows_scanned": 0,
                                                                        "operator_timing": 0.0,
                                                                        "result_set_size": 0,
                                                                        "children": []
                                                                    }
                                                                ]
                                                            },
                                                            {
                                                                "operator_name": "HASH_GROUP_BY",
                                                                "cpu_time": 0.0,
                                                                "extra_info": {
                                                                    "Groups": [
                                                                        "#0",
                                                                        "#1"
                                                                    ],
                                                                    "Aggregates": "",
                                                                    "Estimated Cardinality": "3200000"
                                                                },
                                                                "cumulative_cardinality": 0,
                                                                "operator_type": "HASH_GROUP_BY",
                                                                "operator_cardinality": 173856,
                                                                "cumulative_rows_scanned": 0,
                                                                "operator_rows_scanned": 0,
                                                                "operator_timing": 0.030190988000000002,
                                                                "result_set_size": 2781696,
                                                                "children": []
                                                            }
                                                        ]
                                                    }
                                                ]
                                            }
                                        ]
                                    },
                                    {
                                        "operator_name": "HASH_JOIN",
                                        "cpu_time": 0.0,
                                        "extra_info": {
                                            "Join Type": "INNER",
                                            "Conditions": "s_nationkey = n_nationkey",
                                            "Estimated Cardinality": "40000"
                                        },
                                        "cumulative_cardinality": 0,
                                        "operator_type": "HASH_JOIN",
                                        "operator_cardinality": 8063,
                                        "cumulative_rows_scanned": 0,
                                        "operator_rows_scanned": 0,
                                        "operator_timing": 0.00027137000000000005,
                                        "result_set_size": 354772,
                                        "children": [
                                            {
                                                "operator_name": "READ_PARQUET ",
                                                "cpu_time": 0.0,
                                                "extra_info": {
                                                    "Function": "READ_PARQUET",
                                                    "Projections": [
                                                        "s_suppkey",
                                                        "s_name",
                                                        "s_address",
                                                        "s_nationkey"
                                                    ],
                                                    "Estimated Cardinality": "200000"
                                                },
                                                "cumulative_cardinality": 0,
                                                "operator_type": "TABLE_SCAN",
                                                "operator_cardinality": 8063,
                                                "cumulative_rows_scanned": 0,
                                                "operator_rows_scanned": 400000,
                                                "operator_timing": 0.015148169,
                                                "result_set_size": 354772,
                                                "children": []
                                            },
                                            {
                                                "operator_name": "READ_PARQUET ",
                                                "cpu_time": 0.0,
                                                "extra_info": {
                                                    "Function": "READ_PARQUET",
                                                    "Projections": "n_nationkey",
                                                    "Filters": "n_name='CANADA'",
                                                    "Estimated Cardinality": "5"
                                                },
                                                "cumulative_cardinality": 0,
                                                "operator_type": "TABLE_SCAN",
                                                "operator_cardinality": 1,
                                                "cumulative_rows_scanned": 0,
                                                "operator_rows_scanned": 25,
                                                "operator_timing": 0.000101124,
                                                "result_set_size": 4,
                                                "children": []
                                            }
                                        ]
                                    }
                                ]
                            }
                        ]
                    }
                ]
            }
        ]
    },
    "q21": {
        "rows_returned": 0,
        "query_name": "",
        "blocked_thread_time": 0.0,
        "cpu_time": 0.0,
        "extra_info": {},
        "cumulative_cardinality": 0,
        "cumulative_rows_scanned": 0,
        "result_set_size": 0,
        "latency": 0.0,
        "children": [
            {
                "operator_name": "EXPLAIN_ANALYZE",
                "cpu_time": 0.0,
                "extra_info": {},
                "cumulative_cardinality": 0,
                "operator_type": "EXPLAIN_ANALYZE",
                "operator_cardinality": 0,
                "cumulative_rows_scanned": 0,
                "operator_rows_scanned": 0,
                "operator_timing": 2.54e-7,
                "result_set_size": 0,
                "children": [
                    {
                        "operator_name": "TOP_N",
                        "cpu_time": 0.0,
                        "extra_info": {
                            "Top": "100",
                            "Order By": [
                                "count_star() DESC",
                                "tpch20.main.supplier.s_name ASC"
                            ]
                        },
                        "cumulative_cardinality": 0,
                        "operator_type": "TOP_N",
                        "operator_cardinality": 100,
                        "cumulative_rows_scanned": 0,
                        "operator_rows_scanned": 0,
                        "operator_timing": 0.0009165129999999999,
                        "result_set_size": 2400,
                        "children": [
                            {
                                "operator_name": "HASH_GROUP_BY",
                                "cpu_time": 0.0,
                                "extra_info": {
                                    "Groups": "#0",
                                    "Aggregates": "count_star()",
                                    "Estimated Cardinality": "9223372036854775808"
                                },
                                "cumulative_cardinality": 0,
                                "operator_type": "HASH_GROUP_BY",
                                "operator_cardinality": 7984,
                                "cumulative_rows_scanned": 0,
                                "operator_rows_scanned": 0,
                                "operator_timing": 0.014786915,
                                "result_set_size": 191616,
                                "children": [
                                    {
                                        "operator_name": "PROJECTION",
                                        "cpu_time": 0.0,
                                        "extra_info": {
                                            "Projections": "s_name",
                                            "Estimated Cardinality": "18446744073709551615"
                                        },
                                        "cumulative_cardinality": 0,
                                        "operator_type": "PROJECTION",
                                        "operator_cardinality": 79466,
                                        "cumulative_rows_scanned": 0,
                                        "operator_rows_scanned": 0,
                                        "operator_timing": 0.000012523,
                                        "result_set_size": 1271456,
                                        "children": [
                                            {
                                                "operator_name": "RIGHT_DELIM_JOIN",
                                                "cpu_time": 0.0,
                                                "extra_info": {
                                                    "Join Type": "RIGHT_ANTI",
                                                    "Conditions": [
                                                        "l_orderkey IS NOT DISTINCT FROM l_orderkey",
                                                        "l_suppkey IS NOT DISTINCT FROM l_suppkey"
                                                    ],
                                                    "Estimated Cardinality": "18446744073709551615",
                                                    "Delim Index": "2"
                                                },
                                                "cumulative_cardinality": 0,
                                                "operator_type": "RIGHT_DELIM_JOIN",
                                                "operator_cardinality": 0,
                                                "cumulative_rows_scanned": 0,
                                                "operator_rows_scanned": 0,
                                                "operator_timing": 0.13022028700000002,
                                                "result_set_size": 0,
                                                "children": [
                                                    {
                                                        "operator_name": "RIGHT_DELIM_JOIN",
                                                        "cpu_time": 0.0,
                                                        "extra_info": {
                                                            "Join Type": "RIGHT_SEMI",
                                                            "Conditions": [
                                                                "l_orderkey IS NOT DISTINCT FROM l_orderkey",
                                                                "l_suppkey IS NOT DISTINCT FROM l_suppkey"
                                                            ],
                                                            "Estimated Cardinality": "57594771958624",
                                                            "Delim Index": "1"
                                                        },
                                                        "cumulative_cardinality": 0,
                                                        "operator_type": "RIGHT_DELIM_JOIN",
                                                        "operator_cardinality": 0,
                                                        "cumulative_rows_scanned": 0,
                                                        "operator_rows_scanned": 0,
                                                        "operator_timing": 0.38864857199999997,
                                                        "result_set_size": 0,
                                                        "children": [
                                                            {
                                                                "operator_name": "HASH_JOIN",
                                                                "cpu_time": 0.0,
                                                                "extra_info": {
                                                                    "Join Type": "INNER",
                                                                    "Conditions": "l_suppkey = s_suppkey",
                                                                    "Estimated Cardinality": "959956"
                                                                },
                                                                "cumulative_cardinality": 0,
                                                                "operator_type": "HASH_JOIN",
                                                                "operator_cardinality": 1464370,
                                                                "cumulative_rows_scanned": 0,
                                                                "operator_rows_scanned": 0,
                                                                "operator_timing": 0.6995683910000005,
                                                                "result_set_size": 46859840,
                                                                "children": [
                                                                    {
                                                                        "operator_name": "PROJECTION",
                                                                        "cpu_time": 0.0,
                                                                        "extra_info": {
                                                                            "Projections": [
                                                                                "__internal_decompress_integral_bigint(#0, 1)",
                                                                                "#1",
                                                                                "__internal_decompress_integral_bigint(#2, 1)"
                                                                            ],
                                                                            "Estimated Cardinality": "4799784"
                                                                        },
                                                                        "cumulative_cardinality": 0,
                                                                        "operator_type": "PROJECTION",
                                                                        "operator_cardinality": 36624395,
                                                                        "cumulative_rows_scanned": 0,
                                                                        "operator_rows_scanned": 0,
                                                                        "operator_timing": 0.14913867200000008,
                                                                        "result_set_size": 878985480,
                                                                        "children": [
                                                                            {
                                                                                "operator_name": "HASH_JOIN",
                                                                                "cpu_time": 0.0,
                                                                                "extra_info": {
                                                                                    "Join Type": "INNER",
                                                                                    "Conditions": "l_orderkey = o_orderkey",
                                                                                    "Estimated Cardinality": "4799784"
                                                                                },
                                                                                "cumulative_cardinality": 0,
                                                                                "operator_type": "HASH_JOIN",
                                                                                "operator_cardinality": 36624395,
                                                                                "cumulative_rows_scanned": 0,
                                                                                "operator_rows_scanned": 0,
                                                                                "operator_timing": 10.026207709000001,
                                                                                "result_set_size": 585990320,
                                                                                "children": [
                                                                                    {
                                                                                        "operator_name": "PROJECTION",
                                                                                        "cpu_time": 0.0,
                                                                                        "extra_info": {
                                                                                            "Projections": [
                                                                                                "__internal_compress_integral_uinteger(#0, 1)",
                                                                                                "#1"
                                                                                            ],
                                                                                            "Estimated Cardinality": "23998921"
                                                                                        },
                                                                                        "cumulative_cardinality": 0,
                                                                                        "operator_type": "PROJECTION",
                                                                                        "operator_cardinality": 75839061,
                                                                                        "cumulative_rows_scanned": 0,
                                                                                        "operator_rows_scanned": 0,
                                                                                        "operator_timing": 0.13187735700000006,
                                                                                        "result_set_size": 910068732,
                                                                                        "children": [
                                                                                            {
                                                                                                "operator_name": "PROJECTION",
                                                                                                "cpu_time": 0.0,
                                                                                                "extra_info": {
                                                                                                    "Projections": [
                                                                                                        "#0",
                                                                                                        "#1"
                                                                                                    ],
                                                                                                    "Estimated Cardinality": "23998921"
                                                                                                },
                                                                                                "cumulative_cardinality": 0,
                                                                                                "operator_type": "PROJECTION",
                                                                                                "operator_cardinality": 75839061,
                                                                                                "cumulative_rows_scanned": 0,
                                                                                                "operator_rows_scanned": 0,
                                                                                                "operator_timing": 0.023855514999999987,
                                                                                                "result_set_size": 1213424976,
                                                                                                "children": [
                                                                                                    {
                                                                                                        "operator_name": "FILTER",
                                                                                                        "cpu_time": 0.0,
                                                                                                        "extra_info": {
                                                                                                            "Expression": "(l_receiptdate > l_commitdate)",
                                                                                                            "Estimated Cardinality": "23998921"
                                                                                                        },
                                                                                                        "cumulative_cardinality": 0,
                                                                                                        "operator_type": "FILTER",
                                                                                                        "operator_cardinality": 75839061,
                                                                                                        "cumulative_rows_scanned": 0,
                                                                                                        "operator_rows_scanned": 0,
                                                                                                        "operator_timing": 0.8061478510000006,
                                                                                                        "result_set_size": 1820137464,
                                                                                                        "children": [
                                                                                                            {
                                                                                                                "operator_name": "READ_PARQUET ",
                                                                                                                "cpu_time": 0.0,
                                                                                                                "extra_info": {
                                                                                                                    "Function": "READ_PARQUET",
                                                                                                                    "Projections": [
                                                                                                                        "l_orderkey",
                                                                                                                        "l_suppkey",
                                                                                                                        "l_commitdate",
                                                                                                                        "l_receiptdate"
                                                                                                                    ],
                                                                                                                    "Estimated Cardinality": "119994608"
                                                                                                                },
                                                                                                                "cumulative_cardinality": 0,
                                                                                                                "operator_type": "TABLE_SCAN",
                                                                                                                "operator_cardinality": 119946444,
                                                                                                                "cumulative_rows_scanned": 0,
                                                                                                                "operator_rows_scanned": 1919913728,
                                                                                                                "operator_timing": 8.294069888000005,
                                                                                                                "result_set_size": 2878714656,
                                                                                                                "children": []
                                                                                                            }
                                                                                                        ]
                                                                                                    }
                                                                                                ]
                                                                                            }
                                                                                        ]
                                                                                    },
                                                                                    {
                                                                                        "operator_name": "PROJECTION",
                                                                                        "cpu_time": 0.0,
                                                                                        "extra_info": {
                                                                                            "Projections": "__internal_compress_integral_uinteger(#0, 1)",
                                                                                            "Estimated Cardinality": "6000000"
                                                                                        },
                                                                                        "cumulative_cardinality": 0,
                                                                                        "operator_type": "PROJECTION",
                                                                                        "operator_cardinality": 14617146,
                                                                                        "cumulative_rows_scanned": 0,
                                                                                        "operator_rows_scanned": 0,
                                                                                        "operator_timing": 0.027613494000000006,
                                                                                        "result_set_size": 58468584,
                                                                                        "children": [
                                                                                            {
                                                                                                "operator_name": "READ_PARQUET ",
                                                                                                "cpu_time": 0.0,
                                                                                                "extra_info": {
                                                                                                    "Function": "READ_PARQUET",
                                                                                                    "Projections": "o_orderkey",
                                                                                                    "Filters": "o_orderstatus='F'",
                                                                                                    "Estimated Cardinality": "6000000"
                                                                                                },
                                                                                                "cumulative_cardinality": 0,
                                                                                                "operator_type": "TABLE_SCAN",
                                                                                                "operator_cardinality": 14617146,
                                                                                                "cumulative_rows_scanned": 0,
                                                                                                "operator_rows_scanned": 480000000,
                                                                                                "operator_timing": 1.5369208160000005,
                                                                                                "result_set_size": 116937168,
                                                                                                "children": []
                                                                                            }
                                                                                        ]
                                                                                    }
                                                                                ]
                                                                            }
                                                                        ]
                                                                    },
                                                                    {
                                                                        "operator_name": "HASH_JOIN",
                                                                        "cpu_time": 0.0,
                                                                        "extra_info": {
                                                                            "Join Type": "INNER",
                                                                            "Conditions": "s_nationkey = n_nationkey",
                                                                            "Estimated Cardinality": "40000"
                                                                        },
                                                                        "cumulative_cardinality": 0,
                                                                        "operator_type": "HASH_JOIN",
                                                                        "operator_cardinality": 7984,
                                                                        "cumulative_rows_scanned": 0,
                                                                        "operator_rows_scanned": 0,
                                                                        "operator_timing": 0.000264147,
                                                                        "result_set_size": 223552,
                                                                        "children": [
                                                                            {
                                                                                "operator_name": "READ_PARQUET ",
                                                                                "cpu_time": 0.0,
                                                                                "extra_info": {
                                                                                    "Function": "READ_PARQUET",
                                                                                    "Projections": [
                                                                                        "s_suppkey",
                                                                                        "s_name",
                                                                                        "s_nationkey"
                                                                                    ],
                                                                                    "Estimated Cardinality": "200000"
                                                                                },
                                                                                "cumulative_cardinality": 0,
                                                                                "operator_type": "TABLE_SCAN",
                                                                                "operator_cardinality": 7984,
                                                                                "cumulative_rows_scanned": 0,
                                                                                "operator_rows_scanned": 400000,
                                                                                "operator_timing": 0.015309050999999994,
                                                                                "result_set_size": 223552,
                                                                                "children": []
                                                                            },
                                                                            {
                                                                                "operator_name": "READ_PARQUET ",
                                                                                "cpu_time": 0.0,
                                                                                "extra_info": {
                                                                                    "Function": "READ_PARQUET",
                                                                                    "Projections": "n_nationkey",
                                                                                    "Filters": "n_name='SAUDI ARABIA'",
                                                                                    "Estimated Cardinality": "5"
                                                                                },
                                                                                "cumulative_cardinality": 0,
                                                                                "operator_type": "TABLE_SCAN",
                                                                                "operator_cardinality": 1,
                                                                                "cumulative_rows_scanned": 0,
                                                                                "operator_rows_scanned": 25,
                                                                                "operator_timing": 0.000090704,
                                                                                "result_set_size": 4,
                                                                                "children": []
                                                                            }
                                                                        ]
                                                                    }
                                                                ]
                                                            },
                                                            {
                                                                "operator_name": "HASH_JOIN",
                                                                "cpu_time": 0.0,
                                                                "extra_info": {
                                                                    "Join Type": "RIGHT_SEMI",
                                                                    "Conditions": [
                                                                        "l_orderkey IS NOT DISTINCT FROM l_orderkey",
                                                                        "l_suppkey IS NOT DISTINCT FROM l_suppkey"
                                                                    ],
                                                                    "Estimated Cardinality": "57594771958624"
                                                                },
                                                                "cumulative_cardinality": 0,
                                                                "operator_type": "HASH_JOIN",
                                                                "operator_cardinality": 1411363,
                                                                "cumulative_rows_scanned": 0,
                                                                "operator_rows_scanned": 0,
                                                                "operator_timing": 0.9283214129999996,
                                                                "result_set_size": 45163616,
                                                                "children": [
                                                                    {
                                                                        "operator_name": "HASH_JOIN",
                                                                        "cpu_time": 0.0,
                                                                        "extra_info": {
                                                                            "Join Type": "INNER",
                                                                            "Conditions": [
                                                                                "l_orderkey = l_orderkey",
                                                                                "l_suppkey != l_suppkey"
                                                                            ],
                                                                            "Estimated Cardinality": "57594771958624"
                                                                        },
                                                                        "cumulative_cardinality": 0,
                                                                        "operator_type": "HASH_JOIN",
                                                                        "operator_cardinality": 5844460,
                                                                        "cumulative_rows_scanned": 0,
                                                                        "operator_rows_scanned": 0,
                                                                        "operator_timing": 6.099136004000003,
                                                                        "result_set_size": 93511360,
                                                                        "children": [
                                                                            {
                                                                                "operator_name": "READ_PARQUET ",
                                                                                "cpu_time": 0.0,
                                                                                "extra_info": {
                                                                                    "Function": "READ_PARQUET",
                                                                                    "Projections": [
                                                                                        "l_orderkey",
                                                                                        "l_suppkey"
                                                                                    ],
                                                                                    "Estimated Cardinality": "119994608"
                                                                                },
                                                                                "cumulative_cardinality": 0,
                                                                                "operator_type": "TABLE_SCAN",
                                                                                "operator_cardinality": 119994504,
                                                                                "cumulative_rows_scanned": 0,
                                                                                "operator_rows_scanned": 1919913728,
                                                                                "operator_timing": 4.935638954,
                                                                                "result_set_size": 1919912064,
                                                                                "children": []
                                                                            },
                                                                            {
                                                                                "operator_name": "DELIM_SCAN",
                                                                                "cpu_time": 0.0,
                                                                                "extra_info": {
                                                                                    "Delim Index": "1",
                                                                                    "Estimated Cardinality": "479978"
                                                                                },
                                                                                "cumulative_cardinality": 0,
                                                                                "operator_type": "DELIM_SCAN",
                                                                                "operator_cardinality": 0,
                                                                                "cumulative_rows_scanned": 0,
                                                                                "operator_rows_scanned": 0,
                                                                                "operator_timing": 0.0,
                                                                                "result_set_size": 0,
                                                                                "children": []
                                                                            }
                                                                        ]
                                                                    },
                                                                    {
                                                                        "operator_name": "DUMMY_SCAN",
                                                                        "cpu_time": 0.0,
                                                                        "extra_info": {},
                                                                        "cumulative_cardinality": 0,
                                                                        "operator_type": "DUMMY_SCAN",
                                                                        "operator_cardinality": 0,
                                                                        "cumulative_rows_scanned": 0,
                                                                        "operator_rows_scanned": 0,
                                                                        "operator_timing": 0.0,
                                                                        "result_set_size": 0,
                                                                        "children": []
                                                                    }
                                                                ]
                                                            },
                                                            {
                                                                "operator_name": "HASH_GROUP_BY",
                                                                "cpu_time": 0.0,
                                                                "extra_info": {
                                                                    "Groups": [
                                                                        "#0",
                                                                        "#1"
                                                                    ],
                                                                    "Aggregates": "",
                                                                    "Estimated Cardinality": "57594771958624"
                                                                },
                                                                "cumulative_cardinality": 0,
                                                                "operator_type": "HASH_GROUP_BY",
                                                                "operator_cardinality": 1464364,
                                                                "cumulative_rows_scanned": 0,
                                                                "operator_rows_scanned": 0,
                                                                "operator_timing": 0.33564098099999995,
                                                                "result_set_size": 23429824,
                                                                "children": []
                                                            }
                                                        ]
                                                    },
                                                    {
                                                        "operator_name": "HASH_JOIN",
                                                        "cpu_time": 0.0,
                                                        "extra_info": {
                                                            "Join Type": "RIGHT_ANTI",
                                                            "Conditions": [
                                                                "l_orderkey IS NOT DISTINCT FROM l_orderkey",
                                                                "l_suppkey IS NOT DISTINCT FROM l_suppkey"
                                                            ],
                                                            "Estimated Cardinality": "18446744073709551615"
                                                        },
                                                        "cumulative_cardinality": 0,
                                                        "operator_type": "HASH_JOIN",
                                                        "operator_cardinality": 79466,
                                                        "cumulative_rows_scanned": 0,
                                                        "operator_rows_scanned": 0,
                                                        "operator_timing": 0.669553206,
                                                        "result_set_size": 1271456,
                                                        "children": [
                                                            {
                                                                "operator_name": "PROJECTION",
                                                                "cpu_time": 0.0,
                                                                "extra_info": {
                                                                    "Projections": [
                                                                        "l_orderkey",
                                                                        "l_suppkey"
                                                                    ],
                                                                    "Estimated Cardinality": "18446744073709551615"
                                                                },
                                                                "cumulative_cardinality": 0,
                                                                "operator_type": "PROJECTION",
                                                                "operator_cardinality": 3690027,
                                                                "cumulative_rows_scanned": 0,
                                                                "operator_rows_scanned": 0,
                                                                "operator_timing": 0.0018121160000000001,
                                                                "result_set_size": 59040432,
                                                                "children": [
                                                                    {
                                                                        "operator_name": "HASH_JOIN",
                                                                        "cpu_time": 0.0,
                                                                        "extra_info": {
                                                                            "Join Type": "INNER",
                                                                            "Conditions": [
                                                                                "l_orderkey = l_orderkey",
                                                                                "l_suppkey != l_suppkey"
                                                                            ],
                                                                            "Estimated Cardinality": "18446744073709551615"
                                                                        },
                                                                        "cumulative_cardinality": 0,
                                                                        "operator_type": "HASH_JOIN",
                                                                        "operator_cardinality": 3690027,
                                                                        "cumulative_rows_scanned": 0,
                                                                        "operator_rows_scanned": 0,
                                                                        "operator_timing": 13.45750020199999,
                                                                        "result_set_size": 59040432,
                                                                        "children": [
                                                                            {
                                                                                "operator_name": "DELIM_SCAN",
                                                                                "cpu_time": 0.0,
                                                                                "extra_info": {
                                                                                    "Delim Index": "2",
                                                                                    "Estimated Cardinality": "28797385979312"
                                                                                },
                                                                                "cumulative_cardinality": 0,
                                                                                "operator_type": "DELIM_SCAN",
                                                                                "operator_cardinality": 0,
                                                                                "cumulative_rows_scanned": 0,
                                                                                "operator_rows_scanned": 0,
                                                                                "operator_timing": 0.0,
                                                                                "result_set_size": 0,
                                                                                "children": []
                                                                            },
                                                                            {
                                                                                "operator_name": "PROJECTION",
                                                                                "cpu_time": 0.0,
                                                                                "extra_info": {
                                                                                    "Projections": [
                                                                                        "#0",
                                                                                        "#1"
                                                                                    ],
                                                                                    "Estimated Cardinality": "23998921"
                                                                                },
                                                                                "cumulative_cardinality": 0,
                                                                                "operator_type": "PROJECTION",
                                                                                "operator_cardinality": 75869487,
                                                                                "cumulative_rows_scanned": 0,
                                                                                "operator_rows_scanned": 0,
                                                                                "operator_timing": 0.018357067000000005,
                                                                                "result_set_size": 1213911792,
                                                                                "children": [
                                                                                    {
                                                                                        "operator_name": "FILTER",
                                                                                        "cpu_time": 0.0,
                                                                                        "extra_info": {
                                                                                            "Expression": "(l_receiptdate > l_commitdate)",
                                                                                            "Estimated Cardinality": "23998921"
                                                                                        },
                                                                                        "cumulative_cardinality": 0,
                                                                                        "operator_type": "FILTER",
                                                                                        "operator_cardinality": 75869487,
                                                                                        "cumulative_rows_scanned": 0,
                                                                                        "operator_rows_scanned": 0,
                                                                                        "operator_timing": 0.26317753800000004,
                                                                                        "result_set_size": 1820867688,
                                                                                        "children": [
                                                                                            {
                                                                                                "operator_name": "READ_PARQUET ",
                                                                                                "cpu_time": 0.0,
                                                                                                "extra_info": {
                                                                                                    "Function": "READ_PARQUET",
                                                                                                    "Projections": [
                                                                                                        "l_orderkey",
                                                                                                        "l_suppkey",
                                                                                                        "l_commitdate",
                                                                                                        "l_receiptdate"
                                                                                                    ],
                                                                                                    "Estimated Cardinality": "119994608"
                                                                                                },
                                                                                                "cumulative_cardinality": 0,
                                                                                                "operator_type": "TABLE_SCAN",
                                                                                                "operator_cardinality": 119994608,
                                                                                                "cumulative_rows_scanned": 0,
                                                                                                "operator_rows_scanned": 1919913728,
                                                                                                "operator_timing": 9.482673093000002,
                                                                                                "result_set_size": 2879870592,
                                                                                                "children": []
                                                                                            }
                                                                                        ]
                                                                                    }
                                                                                ]
                                                                            }
                                                                        ]
                                                                    }
                                                                ]
                                                            },
                                                            {
                                                                "operator_name": "DUMMY_SCAN",
                                                                "cpu_time": 0.0,
                                                                "extra_info": {},
                                                                "cumulative_cardinality": 0,
                                                                "operator_type": "DUMMY_SCAN",
                                                                "operator_cardinality": 0,
                                                                "cumulative_rows_scanned": 0,
                                                                "operator_rows_scanned": 0,
                                                                "operator_timing": 0.0,
                                                                "result_set_size": 0,
                                                                "children": []
                                                            }
                                                        ]
                                                    },
                                                    {
                                                        "operator_name": "HASH_GROUP_BY",
                                                        "cpu_time": 0.0,
                                                        "extra_info": {
                                                            "Groups": [
                                                                "#0",
                                                                "#1"
                                                            ],
                                                            "Aggregates": "",
                                                            "Estimated Cardinality": "18446744073709551615"
                                                        },
                                                        "cumulative_cardinality": 0,
                                                        "operator_type": "HASH_GROUP_BY",
                                                        "operator_cardinality": 1411357,
                                                        "cumulative_rows_scanned": 0,
                                                        "operator_rows_scanned": 0,
                                                        "operator_timing": 0.150040735,
                                                        "result_set_size": 22581712,
                                                        "children": []
                                                    }
                                                ]
                                            }
                                        ]
                                    }
                                ]
                            }
                        ]
                    }
                ]
            }
        ]
    },
    "q22": {
        "rows_returned": 0,
        "query_name": "",
        "blocked_thread_time": 0.0,
        "cpu_time": 0.0,
        "extra_info": {},
        "cumulative_cardinality": 0,
        "cumulative_rows_scanned": 0,
        "result_set_size": 0,
        "latency": 0.0,
        "children": [
            {
                "operator_name": "EXPLAIN_ANALYZE",
                "cpu_time": 0.0,
                "extra_info": {},
                "cumulative_cardinality": 0,
                "operator_type": "EXPLAIN_ANALYZE",
                "operator_cardinality": 0,
                "cumulative_rows_scanned": 0,
                "operator_rows_scanned": 0,
                "operator_timing": 6.51e-7,
                "result_set_size": 0,
                "children": [
                    {
                        "operator_name": "ORDER_BY",
                        "cpu_time": 0.0,
                        "extra_info": {
                            "Order By": "custsale.cntrycode ASC"
                        },
                        "cumulative_cardinality": 0,
                        "operator_type": "ORDER_BY",
                        "operator_cardinality": 7,
                        "cumulative_rows_scanned": 0,
                        "operator_rows_scanned": 0,
                        "operator_timing": 0.0016468420000000001,
                        "result_set_size": 280,
                        "children": [
                            {
                                "operator_name": "HASH_GROUP_BY",
                                "cpu_time": 0.0,
                                "extra_info": {
                                    "Groups": "#0",
                                    "Aggregates": [
                                        "count_star()",
                                        "sum(#1)"
                                    ],
                                    "Estimated Cardinality": "1"
                                },
                                "cumulative_cardinality": 0,
                                "operator_type": "HASH_GROUP_BY",
                                "operator_cardinality": 7,
                                "cumulative_rows_scanned": 0,
                                "operator_rows_scanned": 0,
                                "operator_timing": 0.004503320999999999,
                                "result_set_size": 280,
                                "children": [
                                    {
                                        "operator_name": "PROJECTION",
                                        "cpu_time": 0.0,
                                        "extra_info": {
                                            "Projections": [
                                                "cntrycode",
                                                "c_acctbal"
                                            ],
                                            "Estimated Cardinality": "10"
                                        },
                                        "cumulative_cardinality": 0,
                                        "operator_type": "PROJECTION",
                                        "operator_cardinality": 127663,
                                        "cumulative_rows_scanned": 0,
                                        "operator_rows_scanned": 0,
                                        "operator_timing": 0.000012481,
                                        "result_set_size": 3063912,
                                        "children": [
                                            {
                                                "operator_name": "PROJECTION",
                                                "cpu_time": 0.0,
                                                "extra_info": {
                                                    "Projections": [
                                                        "cntrycode",
                                                        "c_acctbal"
                                                    ],
                                                    "Estimated Cardinality": "10"
                                                },
                                                "cumulative_cardinality": 0,
                                                "operator_type": "PROJECTION",
                                                "operator_cardinality": 127663,
                                                "cumulative_rows_scanned": 0,
                                                "operator_rows_scanned": 0,
                                                "operator_timing": 0.003441945,
                                                "result_set_size": 3063912,
                                                "children": [
                                                    {
                                                        "operator_name": "RIGHT_DELIM_JOIN",
                                                        "cpu_time": 0.0,
                                                        "extra_info": {
                                                            "Join Type": "RIGHT_ANTI",
                                                            "Conditions": "c_custkey IS NOT DISTINCT FROM c_custkey",
                                                            "Estimated Cardinality": "10",
                                                            "Delim Index": "1"
                                                        },
                                                        "cumulative_cardinality": 0,
                                                        "operator_type": "RIGHT_DELIM_JOIN",
                                                        "operator_cardinality": 0,
                                                        "cumulative_rows_scanned": 0,
                                                        "operator_rows_scanned": 0,
                                                        "operator_timing": 0.08189305399999999,
                                                        "result_set_size": 0,
                                                        "children": [
                                                            {
                                                                "operator_name": "NESTED_LOOP_JOIN",
                                                                "cpu_time": 0.0,
                                                                "extra_info": {
                                                                    "Join Type": "INNER",
                                                                    "Conditions": "CAST(c_acctbal AS DOUBLE) > SUBQUERY",
                                                                    "Estimated Cardinality": "0"
                                                                },
                                                                "cumulative_cardinality": 0,
                                                                "operator_type": "NESTED_LOOP_JOIN",
                                                                "operator_cardinality": 381883,
                                                                "cumulative_rows_scanned": 0,
                                                                "operator_rows_scanned": 0,
                                                                "operator_timing": 0.033429917999999996,
                                                                "result_set_size": 15275320,
                                                                "children": [
                                                                    {
                                                                        "operator_name": "PROJECTION",
                                                                        "cpu_time": 0.0,
                                                                        "extra_info": {
                                                                            "Projections": [
                                                                                "c_custkey",
                                                                                "c_phone",
                                                                                "c_acctbal"
                                                                            ],
                                                                            "Estimated Cardinality": "600000"
                                                                        },
                                                                        "cumulative_cardinality": 0,
                                                                        "operator_type": "PROJECTION",
                                                                        "operator_cardinality": 840131,
                                                                        "cumulative_rows_scanned": 0,
                                                                        "operator_rows_scanned": 0,
                                                                        "operator_timing": 0.000569011,
                                                                        "result_set_size": 26884192,
                                                                        "children": [
                                                                            {
                                                                                "operator_name": "FILTER",
                                                                                "cpu_time": 0.0,
                                                                                "extra_info": {
                                                                                    "Expression": "IN (...)",
                                                                                    "Estimated Cardinality": "600000"
                                                                                },
                                                                                "cumulative_cardinality": 0,
                                                                                "operator_type": "FILTER",
                                                                                "operator_cardinality": 840131,
                                                                                "cumulative_rows_scanned": 0,
                                                                                "operator_rows_scanned": 0,
                                                                                "operator_timing": 0.012533027000000002,
                                                                                "result_set_size": 27724323,
                                                                                "children": [
                                                                                    {
                                                                                        "operator_name": "HASH_JOIN",
                                                                                        "cpu_time": 0.0,
                                                                                        "extra_info": {
                                                                                            "Join Type": "MARK",
                                                                                            "Conditions": "\"substring\"(c_phone, 1, 2) = #0",
                                                                                            "Estimated Cardinality": "3000000"
                                                                                        },
                                                                                        "cumulative_cardinality": 0,
                                                                                        "operator_type": "HASH_JOIN",
                                                                                        "operator_cardinality": 3000000,
                                                                                        "cumulative_rows_scanned": 0,
                                                                                        "operator_rows_scanned": 0,
                                                                                        "operator_timing": 0.15677916300000003,
                                                                                        "result_set_size": 99000000,
                                                                                        "children": [
                                                                                            {
                                                                                                "operator_name": "READ_PARQUET ",
                                                                                                "cpu_time": 0.0,
                                                                                                "extra_info": {
                                                                                                    "Function": "READ_PARQUET",
                                                                                                    "Projections": [
                                                                                                        "c_custkey",
                                                                                                        "c_phone",
                                                                                                        "c_acctbal"
                                                                                                    ],
                                                                                                    "Estimated Cardinality": "3000000"
                                                                                                },
                                                                                                "cumulative_cardinality": 0,
                                                                                                "operator_type": "TABLE_SCAN",
                                                                                                "operator_cardinality": 3000000,
                                                                                                "cumulative_rows_scanned": 0,
                                                                                                "operator_rows_scanned": 48000000,
                                                                                                "operator_timing": 0.448851778,
                                                                                                "result_set_size": 96000000,
                                                                                                "children": []
                                                                                            },
                                                                                            {
                                                                                                "operator_name": "COLUMN_DATA_SCAN",
                                                                                                "cpu_time": 0.0,
                                                                                                "extra_info": {
                                                                                                    "Estimated Cardinality": "0"
                                                                                                },
                                                                                                "cumulative_cardinality": 0,
                                                                                                "operator_type": "COLUMN_DATA_SCAN",
                                                                                                "operator_cardinality": 7,
                                                                                                "cumulative_rows_scanned": 0,
                                                                                                "operator_rows_scanned": 0,
                                                                                                "operator_timing": 0.000002095,
                                                                                                "result_set_size": 112,
                                                                                                "children": []
                                                                                            }
                                                                                        ]
                                                                                    }
                                                                                ]
                                                                            }
                                                                        ]
                                                                    },
                                                                    {
                                                                        "operator_name": "PROJECTION",
                                                                        "cpu_time": 0.0,
                                                                        "extra_info": {
                                                                            "Projections": [
                                                                                "CASE  WHEN ((#1 > 1)) THEN (error('More than one row returned by a subquery used as an expression - scalar subqueries can only return a single row.",
                                                                                "Use \"SET scalar_subquery_error_on_multiple_rows=false\" to revert to previous behavior of returning a random row.')) ELSE #0 END"
                                                                            ],
                                                                            "Estimated Cardinality": "1"
                                                                        },
                                                                        "cumulative_cardinality": 0,
                                                                        "operator_type": "PROJECTION",
                                                                        "operator_cardinality": 1,
                                                                        "cumulative_rows_scanned": 0,
                                                                        "operator_rows_scanned": 0,
                                                                        "operator_timing": 0.000001917,
                                                                        "result_set_size": 8,
                                                                        "children": [
                                                                            {
                                                                                "operator_name": "UNGROUPED_AGGREGATE",
                                                                                "cpu_time": 0.0,
                                                                                "extra_info": {
                                                                                    "Aggregates": [
                                                                                        "\"first\"(#0)",
                                                                                        "count_star()"
                                                                                    ]
                                                                                },
                                                                                "cumulative_cardinality": 0,
                                                                                "operator_type": "UNGROUPED_AGGREGATE",
                                                                                "operator_cardinality": 1,
                                                                                "cumulative_rows_scanned": 0,
                                                                                "operator_rows_scanned": 0,
                                                                                "operator_timing": 0.0000025180000000000003,
                                                                                "result_set_size": 16,
                                                                                "children": [
                                                                                    {
                                                                                        "operator_name": "PROJECTION",
                                                                                        "cpu_time": 0.0,
                                                                                        "extra_info": {
                                                                                            "Projections": "#0",
                                                                                            "Estimated Cardinality": "1"
                                                                                        },
                                                                                        "cumulative_cardinality": 0,
                                                                                        "operator_type": "PROJECTION",
                                                                                        "operator_cardinality": 1,
                                                                                        "cumulative_rows_scanned": 0,
                                                                                        "operator_rows_scanned": 0,
                                                                                        "operator_timing": 3.37e-7,
                                                                                        "result_set_size": 8,
                                                                                        "children": [
                                                                                            {
                                                                                                "operator_name": "UNGROUPED_AGGREGATE",
                                                                                                "cpu_time": 0.0,
                                                                                                "extra_info": {
                                                                                                    "Aggregates": "avg(#0)"
                                                                                                },
                                                                                                "cumulative_cardinality": 0,
                                                                                                "operator_type": "UNGROUPED_AGGREGATE",
                                                                                                "operator_cardinality": 1,
                                                                                                "cumulative_rows_scanned": 0,
                                                                                                "operator_rows_scanned": 0,
                                                                                                "operator_timing": 0.002619918,
                                                                                                "result_set_size": 8,
                                                                                                "children": [
                                                                                                    {
                                                                                                        "operator_name": "PROJECTION",
                                                                                                        "cpu_time": 0.0,
                                                                                                        "extra_info": {
                                                                                                            "Projections": "c_acctbal",
                                                                                                            "Estimated Cardinality": "120000"
                                                                                                        },
                                                                                                        "cumulative_cardinality": 0,
                                                                                                        "operator_type": "PROJECTION",
                                                                                                        "operator_cardinality": 763871,
                                                                                                        "cumulative_rows_scanned": 0,
                                                                                                        "operator_rows_scanned": 0,
                                                                                                        "operator_timing": 0.000226925,
                                                                                                        "result_set_size": 6110968,
                                                                                                        "children": [
                                                                                                            {
                                                                                                                "operator_name": "PROJECTION",
                                                                                                                "cpu_time": 0.0,
                                                                                                                "extra_info": {
                                                                                                                    "Projections": "c_acctbal",
                                                                                                                    "Estimated Cardinality": "120000"
                                                                                                                },
                                                                                                                "cumulative_cardinality": 0,
                                                                                                                "operator_type": "PROJECTION",
                                                                                                                "operator_cardinality": 763871,
                                                                                                                "cumulative_rows_scanned": 0,
                                                                                                                "operator_rows_scanned": 0,
                                                                                                                "operator_timing": 0.000296394,
                                                                                                                "result_set_size": 6110968,
                                                                                                                "children": [
                                                                                                                    {
                                                                                                                        "operator_name": "FILTER",
                                                                                                                        "cpu_time": 0.0,
                                                                                                                        "extra_info": {
                                                                                                                            "Expression": "IN (...)",
                                                                                                                            "Estimated Cardinality": "120000"
                                                                                                                        },
                                                                                                                        "cumulative_cardinality": 0,
                                                                                                                        "operator_type": "FILTER",
                                                                                                                        "operator_cardinality": 763871,
                                                                                                                        "cumulative_rows_scanned": 0,
                                                                                                                        "operator_rows_scanned": 0,
                                                                                                                        "operator_timing": 0.010763449,
                                                                                                                        "result_set_size": 19096775,
                                                                                                                        "children": [
                                                                                                                            {
                                                                                                                                "operator_name": "HASH_JOIN",
                                                                                                                                "cpu_time": 0.0,
                                                                                                                                "extra_info": {
                                                                                                                                    "Join Type": "MARK",
                                                                                                                                    "Conditions": "\"substring\"(c_phone, 1, 2) = #0",
                                                                                                                                    "Estimated Cardinality": "600000"
                                                                                                                                },
                                                                                                                                "cumulative_cardinality": 0,
                                                                                                                                "operator_type": "HASH_JOIN",
                                                                                                                                "operator_cardinality": 2727370,
                                                                                                                                "cumulative_rows_scanned": 0,
                                                                                                                                "operator_rows_scanned": 0,
                                                                                                                                "operator_timing": 0.12066425,
                                                                                                                                "result_set_size": 68184250,
                                                                                                                                "children": [
                                                                                                                                    {
                                                                                                                                        "operator_name": "READ_PARQUET ",
                                                                                                                                        "cpu_time": 0.0,
                                                                                                                                        "extra_info": {
                                                                                                                                            "Function": "READ_PARQUET",
                                                                                                                                            "Projections": [
                                                                                                                                                "c_phone",
                                                                                                                                                "c_acctbal"
                                                                                                                                            ],
                                                                                                                                            "Filters": "c_acctbal>0.00",
                                                                                                                                            "Estimated Cardinality": "600000"
                                                                                                                                        },
                                                                                                                                        "cumulative_cardinality": 0,
                                                                                                                                        "operator_type": "TABLE_SCAN",
                                                                                                                                        "operator_cardinality": 2727370,
                                                                                                                                        "cumulative_rows_scanned": 0,
                                                                                                                                        "operator_rows_scanned": 48000000,
                                                                                                                                        "operator_timing": 0.338263737,
                                                                                                                                        "result_set_size": 65456880,
                                                                                                                                        "children": []
                                                                                                                                    },
                                                                                                                                    {
                                                                                                                                        "operator_name": "COLUMN_DATA_SCAN",
                                                                                                                                        "cpu_time": 0.0,
                                                                                                                                        "extra_info": {
                                                                                                                                            "Estimated Cardinality": "0"
                                                                                                                                        },
                                                                                                                                        "cumulative_cardinality": 0,
                                                                                                                                        "operator_type": "COLUMN_DATA_SCAN",
                                                                                                                                        "operator_cardinality": 7,
                                                                                                                                        "cumulative_rows_scanned": 0,
                                                                                                                                        "operator_rows_scanned": 0,
                                                                                                                                        "operator_timing": 0.0000027100000000000003,
                                                                                                                                        "result_set_size": 112,
                                                                                                                                        "children": []
                                                                                                                                    }
                                                                                                                                ]
                                                                                                                            }
                                                                                                                        ]
                                                                                                                    }
                                                                                                                ]
                                                                                                            }
                                                                                                        ]
                                                                                                    }
                                                                                                ]
                                                                                            }
                                                                                        ]
                                                                                    }
                                                                                ]
                                                                            }
                                                                        ]
                                                                    }
                                                                ]
                                                            },
                                                            {
                                                                "operator_name": "HASH_JOIN",
                                                                "cpu_time": 0.0,
                                                                "extra_info": {
                                                                    "Join Type": "RIGHT_ANTI",
                                                                    "Conditions": "c_custkey IS NOT DISTINCT FROM c_custkey",
                                                                    "Estimated Cardinality": "10"
                                                                },
                                                                "cumulative_cardinality": 0,
                                                                "operator_type": "HASH_JOIN",
                                                                "operator_cardinality": 127663,
                                                                "cumulative_rows_scanned": 0,
                                                                "operator_rows_scanned": 0,
                                                                "operator_timing": 0.7368262980000001,
                                                                "result_set_size": 3063912,
                                                                "children": [
                                                                    {
                                                                        "operator_name": "PROJECTION",
                                                                        "cpu_time": 0.0,
                                                                        "extra_info": {
                                                                            "Projections": "c_custkey",
                                                                            "Estimated Cardinality": "10"
                                                                        },
                                                                        "cumulative_cardinality": 0,
                                                                        "operator_type": "PROJECTION",
                                                                        "operator_cardinality": 3811298,
                                                                        "cumulative_rows_scanned": 0,
                                                                        "operator_rows_scanned": 0,
                                                                        "operator_timing": 0.005565661999999999,
                                                                        "result_set_size": 30490384,
                                                                        "children": [
                                                                            {
                                                                                "operator_name": "HASH_JOIN",
                                                                                "cpu_time": 0.0,
                                                                                "extra_info": {
                                                                                    "Join Type": "INNER",
                                                                                    "Conditions": "o_custkey = c_custkey",
                                                                                    "Estimated Cardinality": "10"
                                                                                },
                                                                                "cumulative_cardinality": 0,
                                                                                "operator_type": "HASH_JOIN",
                                                                                "operator_cardinality": 3811298,
                                                                                "cumulative_rows_scanned": 0,
                                                                                "operator_rows_scanned": 0,
                                                                                "operator_timing": 1.6787094789999994,
                                                                                "result_set_size": 60980768,
                                                                                "children": [
                                                                                    {
                                                                                        "operator_name": "READ_PARQUET ",
                                                                                        "cpu_time": 0.0,
                                                                                        "extra_info": {
                                                                                            "Function": "READ_PARQUET",
                                                                                            "Projections": "o_custkey",
                                                                                            "Estimated Cardinality": "30000000"
                                                                                        },
                                                                                        "cumulative_cardinality": 0,
                                                                                        "operator_type": "TABLE_SCAN",
                                                                                        "operator_cardinality": 29999949,
                                                                                        "cumulative_rows_scanned": 0,
                                                                                        "operator_rows_scanned": 480000000,
                                                                                        "operator_timing": 0.8151463289999997,
                                                                                        "result_set_size": 239999592,
                                                                                        "children": []
                                                                                    },
                                                                                    {
                                                                                        "operator_name": "DELIM_SCAN",
                                                                                        "cpu_time": 0.0,
                                                                                        "extra_info": {
                                                                                            "Delim Index": "1",
                                                                                            "Estimated Cardinality": "0"
                                                                                        },
                                                                                        "cumulative_cardinality": 0,
                                                                                        "operator_type": "DELIM_SCAN",
                                                                                        "operator_cardinality": 0,
                                                                                        "cumulative_rows_scanned": 0,
                                                                                        "operator_rows_scanned": 0,
                                                                                        "operator_timing": 0.0,
                                                                                        "result_set_size": 0,
                                                                                        "children": []
                                                                                    }
                                                                                ]
                                                                            }
                                                                        ]
                                                                    },
                                                                    {
                                                                        "operator_name": "DUMMY_SCAN",
                                                                        "cpu_time": 0.0,
                                                                        "extra_info": {},
                                                                        "cumulative_cardinality": 0,
                                                                        "operator_type": "DUMMY_SCAN",
                                                                        "operator_cardinality": 0,
                                                                        "cumulative_rows_scanned": 0,
                                                                        "operator_rows_scanned": 0,
                                                                        "operator_timing": 0.0,
                                                                        "result_set_size": 0,
                                                                        "children": []
                                                                    }
                                                                ]
                                                            },
                                                            {
                                                                "operator_name": "HASH_GROUP_BY",
                                                                "cpu_time": 0.0,
                                                                "extra_info": {
                                                                    "Groups": "#0",
                                                                    "Aggregates": "",
                                                                    "Estimated Cardinality": "10"
                                                                },
                                                                "cumulative_cardinality": 0,
                                                                "operator_type": "HASH_GROUP_BY",
                                                                "operator_cardinality": 381883,
                                                                "cumulative_rows_scanned": 0,
                                                                "operator_rows_scanned": 0,
                                                                "operator_timing": 0.051763215999999994,
                                                                "result_set_size": 3055064,
                                                                "children": []
                                                            }
                                                        ]
                                                    }
                                                ]
                                            }
                                        ]
                                    }
                                ]
                            }
                        ]
                    }
                ]
            }
        ]
    }
}
